[0.711s] Invoking command in '/home/kangim/robot_ws/build/pyros_git': PYTHONPATH=/home/kangim/robot_ws/build/pyros_git/prefix_override:/home/kangim/robot_ws/install/pyros_git/lib/python3.10/site-packages:${PYTHONPATH} /usr/bin/python3 setup.py develop --editable --build-directory /home/kangim/robot_ws/build/pyros_git/build --no-deps install_data
[0.948s] running develop
[1.061s] running egg_info
[1.061s] creating pyros_git.egg-info
[1.061s] writing pyros_git.egg-info/PKG-INFO
[1.061s] writing dependency_links to pyros_git.egg-info/dependency_links.txt
[1.062s] writing entry points to pyros_git.egg-info/entry_points.txt
[1.062s] writing requirements to pyros_git.egg-info/requires.txt
[1.062s] writing top-level names to pyros_git.egg-info/top_level.txt
[1.062s] writing manifest file 'pyros_git.egg-info/SOURCES.txt'
[1.064s] reading manifest file 'pyros_git.egg-info/SOURCES.txt'
[1.065s] writing manifest file 'pyros_git.egg-info/SOURCES.txt'
[1.066s] running build_ext
[1.066s] Creating /home/kangim/robot_ws/install/pyros_git/lib/python3.10/site-packages/pyros-git.egg-link (link to .)
[1.067s] Installing pypub_helloworld script to /home/kangim/robot_ws/install/pyros_git/lib/pyros_git
[1.068s] Installing pysub_helloworld script to /home/kangim/robot_ws/install/pyros_git/lib/pyros_git
[1.068s] 
[1.068s] Installed /home/kangim/robot_ws/build/pyros_git
[1.069s] running install_data
[1.069s] creating /home/kangim/robot_ws/install/pyros_git/share/ament_index
[1.069s] creating /home/kangim/robot_ws/install/pyros_git/share/ament_index/resource_index
[1.069s] creating /home/kangim/robot_ws/install/pyros_git/share/ament_index/resource_index/packages
[1.070s] copying resource/pyros_git -> /home/kangim/robot_ws/install/pyros_git/share/ament_index/resource_index/packages
[1.070s] copying package.xml -> /home/kangim/robot_ws/install/pyros_git/share/pyros_git
[1.107s] Invoked command in '/home/kangim/robot_ws/build/pyros_git' returned '0': PYTHONPATH=/home/kangim/robot_ws/build/pyros_git/prefix_override:/home/kangim/robot_ws/install/pyros_git/lib/python3.10/site-packages:${PYTHONPATH} /usr/bin/python3 setup.py develop --editable --build-directory /home/kangim/robot_ws/build/pyros_git/build --no-deps install_data
