[1.353s] Invoking command in '/home/kangim/robot_ws/build/cppros_git': CMAKE_PREFIX_PATH=${CMAKE_PREFIX_PATH}:/home/kangim/robot_ws/install/pyros_git:/opt/ros/humble /usr/bin/cmake --build /home/kangim/robot_ws/build/cppros_git -- -j4 -l4
[1.936s] [ 50%] Built target cpppub_helloworld
[1.963s] [100%] Built target cppsub_helloworld
[3.423s] Invoked command in '/home/kangim/robot_ws/build/cppros_git' returned '0': CMAKE_PREFIX_PATH=${CMAKE_PREFIX_PATH}:/home/kangim/robot_ws/install/pyros_git:/opt/ros/humble /usr/bin/cmake --build /home/kangim/robot_ws/build/cppros_git -- -j4 -l4
[3.688s] Invoking command in '/home/kangim/robot_ws/build/cppros_git': CMAKE_PREFIX_PATH=${CMAKE_PREFIX_PATH}:/home/kangim/robot_ws/install/pyros_git:/opt/ros/humble /usr/bin/cmake --install /home/kangim/robot_ws/build/cppros_git
[3.727s] -- Install configuration: ""
[3.731s] -- Execute custom install script
[3.734s] -- Up-to-date symlink: /home/kangim/robot_ws/install/cppros_git/lib/cppros_git/cpppub_helloworld
[3.735s] -- Up-to-date symlink: /home/kangim/robot_ws/install/cppros_git/lib/cppros_git/cppsub_helloworld
[3.736s] -- Up-to-date symlink: /home/kangim/robot_ws/install/cppros_git/share/ament_index/resource_index/package_run_dependencies/cppros_git
[3.739s] -- Up-to-date symlink: /home/kangim/robot_ws/install/cppros_git/share/ament_index/resource_index/parent_prefix_path/cppros_git
[3.741s] -- Up-to-date symlink: /home/kangim/robot_ws/install/cppros_git/share/cppros_git/environment/ament_prefix_path.sh
[3.742s] -- Up-to-date symlink: /home/kangim/robot_ws/install/cppros_git/share/cppros_git/environment/ament_prefix_path.dsv
[3.745s] -- Up-to-date symlink: /home/kangim/robot_ws/install/cppros_git/share/cppros_git/environment/path.sh
[3.748s] -- Up-to-date symlink: /home/kangim/robot_ws/install/cppros_git/share/cppros_git/environment/path.dsv
[3.749s] -- Up-to-date symlink: /home/kangim/robot_ws/install/cppros_git/share/cppros_git/local_setup.bash
[3.751s] -- Up-to-date symlink: /home/kangim/robot_ws/install/cppros_git/share/cppros_git/local_setup.sh
[3.752s] -- Up-to-date symlink: /home/kangim/robot_ws/install/cppros_git/share/cppros_git/local_setup.zsh
[3.753s] -- Up-to-date symlink: /home/kangim/robot_ws/install/cppros_git/share/cppros_git/local_setup.dsv
[3.755s] -- Symlinking: /home/kangim/robot_ws/install/cppros_git/share/cppros_git/package.dsv
[3.802s] -- Up-to-date symlink: /home/kangim/robot_ws/install/cppros_git/share/ament_index/resource_index/packages/cppros_git
[3.804s] -- Up-to-date symlink: /home/kangim/robot_ws/install/cppros_git/share/cppros_git/cmake/cppros_gitConfig.cmake
[3.805s] -- Up-to-date symlink: /home/kangim/robot_ws/install/cppros_git/share/cppros_git/cmake/cppros_gitConfig-version.cmake
[3.807s] -- Up-to-date symlink: /home/kangim/robot_ws/install/cppros_git/share/cppros_git/package.xml
[4.173s] Invoked command in '/home/kangim/robot_ws/build/cppros_git' returned '0': CMAKE_PREFIX_PATH=${CMAKE_PREFIX_PATH}:/home/kangim/robot_ws/install/pyros_git:/opt/ros/humble /usr/bin/cmake --install /home/kangim/robot_ws/build/cppros_git
