[5.685s] DEBUG:colcon:Command line arguments: ['/usr/bin/colcon', 'build', '--symlink-install', '--packages-select', 'git_ros']
[5.686s] DEBUG:colcon:Parsed command line arguments: Namespace(log_base=None, log_level=None, verb_name='build', build_base='build', install_base='install', merge_install=False, symlink_install=True, test_result_base=None, continue_on_error=False, executor='parallel', parallel_workers=4, event_handlers=None, ignore_user_meta=False, metas=['./colcon.meta'], base_paths=['.'], packages_ignore=None, packages_ignore_regex=None, paths=None, packages_up_to=None, packages_up_to_regex=None, packages_above=None, packages_above_and_dependencies=None, packages_above_depth=None, packages_select_by_dep=None, packages_skip_by_dep=None, packages_skip_up_to=None, packages_select_build_failed=False, packages_skip_build_finished=False, packages_select_test_failures=False, packages_skip_test_passed=False, packages_select=['git_ros'], packages_skip=None, packages_select_regex=None, packages_skip_regex=None, packages_start=None, packages_end=None, allow_overriding=[], cmake_args=None, cmake_target=None, cmake_target_skip_unavailable=False, cmake_clean_cache=False, cmake_clean_first=False, cmake_force_configure=False, ament_cmake_args=None, catkin_cmake_args=None, catkin_skip_building_tests=False, verb_parser=<colcon_defaults.argument_parser.defaults.DefaultArgumentsDecorator object at 0xffff94fd2590>, verb_extension=<colcon_core.verb.build.BuildVerb object at 0xffff952946d0>, main=<bound method BuildVerb.main of <colcon_core.verb.build.BuildVerb object at 0xffff952946d0>>)
[6.007s] Level 1:colcon.colcon_core.package_discovery:discover_packages(colcon_meta) check parameters
[6.007s] Level 1:colcon.colcon_core.package_discovery:discover_packages(recursive) check parameters
[6.007s] Level 1:colcon.colcon_core.package_discovery:discover_packages(ignore) check parameters
[6.007s] Level 1:colcon.colcon_core.package_discovery:discover_packages(path) check parameters
[6.008s] Level 1:colcon.colcon_core.package_discovery:discover_packages(colcon_meta) discover
[6.008s] Level 1:colcon.colcon_core.package_discovery:discover_packages(recursive) discover
[6.008s] INFO:colcon.colcon_core.package_discovery:Crawling recursively for packages in '/home/kangim/robot_ws'
[6.009s] Level 1:colcon.colcon_core.package_identification:_identify(.) by extensions ['ignore', 'ignore_ament_install']
[6.009s] Level 1:colcon.colcon_core.package_identification:_identify(.) by extension 'ignore'
[6.009s] Level 1:colcon.colcon_core.package_identification:_identify(.) by extension 'ignore_ament_install'
[6.010s] Level 1:colcon.colcon_core.package_identification:_identify(.) by extensions ['colcon_pkg']
[6.010s] Level 1:colcon.colcon_core.package_identification:_identify(.) by extension 'colcon_pkg'
[6.010s] Level 1:colcon.colcon_core.package_identification:_identify(.) by extensions ['colcon_meta']
[6.010s] Level 1:colcon.colcon_core.package_identification:_identify(.) by extension 'colcon_meta'
[6.010s] Level 1:colcon.colcon_core.package_identification:_identify(.) by extensions ['ros']
[6.010s] Level 1:colcon.colcon_core.package_identification:_identify(.) by extension 'ros'
[6.065s] Level 1:colcon.colcon_core.package_identification:_identify(.) by extensions ['cmake', 'python']
[6.066s] Level 1:colcon.colcon_core.package_identification:_identify(.) by extension 'cmake'
[6.066s] Level 1:colcon.colcon_core.package_identification:_identify(.) by extension 'python'
[6.066s] Level 1:colcon.colcon_core.package_identification:_identify(.) by extensions ['python_setup_py']
[6.066s] Level 1:colcon.colcon_core.package_identification:_identify(.) by extension 'python_setup_py'
[6.067s] Level 1:colcon.colcon_core.package_identification:_identify(build) by extensions ['ignore', 'ignore_ament_install']
[6.067s] Level 1:colcon.colcon_core.package_identification:_identify(build) by extension 'ignore'
[6.068s] Level 1:colcon.colcon_core.package_identification:_identify(build) ignored
[6.068s] Level 1:colcon.colcon_core.package_identification:_identify(install) by extensions ['ignore', 'ignore_ament_install']
[6.069s] Level 1:colcon.colcon_core.package_identification:_identify(install) by extension 'ignore'
[6.069s] Level 1:colcon.colcon_core.package_identification:_identify(install) ignored
[6.069s] Level 1:colcon.colcon_core.package_identification:_identify(log) by extensions ['ignore', 'ignore_ament_install']
[6.070s] Level 1:colcon.colcon_core.package_identification:_identify(log) by extension 'ignore'
[6.070s] Level 1:colcon.colcon_core.package_identification:_identify(log) ignored
[6.070s] Level 1:colcon.colcon_core.package_identification:_identify(src) by extensions ['ignore', 'ignore_ament_install']
[6.071s] Level 1:colcon.colcon_core.package_identification:_identify(src) by extension 'ignore'
[6.071s] Level 1:colcon.colcon_core.package_identification:_identify(src) by extension 'ignore_ament_install'
[6.071s] Level 1:colcon.colcon_core.package_identification:_identify(src) by extensions ['colcon_pkg']
[6.071s] Level 1:colcon.colcon_core.package_identification:_identify(src) by extension 'colcon_pkg'
[6.072s] Level 1:colcon.colcon_core.package_identification:_identify(src) by extensions ['colcon_meta']
[6.072s] Level 1:colcon.colcon_core.package_identification:_identify(src) by extension 'colcon_meta'
[6.072s] Level 1:colcon.colcon_core.package_identification:_identify(src) by extensions ['ros']
[6.072s] Level 1:colcon.colcon_core.package_identification:_identify(src) by extension 'ros'
[6.072s] Level 1:colcon.colcon_core.package_identification:_identify(src) by extensions ['cmake', 'python']
[6.073s] Level 1:colcon.colcon_core.package_identification:_identify(src) by extension 'cmake'
[6.073s] Level 1:colcon.colcon_core.package_identification:_identify(src) by extension 'python'
[6.073s] Level 1:colcon.colcon_core.package_identification:_identify(src) by extensions ['python_setup_py']
[6.073s] Level 1:colcon.colcon_core.package_identification:_identify(src) by extension 'python_setup_py'
[6.074s] Level 1:colcon.colcon_core.package_identification:_identify(src/git_ros) by extensions ['ignore', 'ignore_ament_install']
[6.074s] Level 1:colcon.colcon_core.package_identification:_identify(src/git_ros) by extension 'ignore'
[6.074s] Level 1:colcon.colcon_core.package_identification:_identify(src/git_ros) by extension 'ignore_ament_install'
[6.075s] Level 1:colcon.colcon_core.package_identification:_identify(src/git_ros) by extensions ['colcon_pkg']
[6.075s] Level 1:colcon.colcon_core.package_identification:_identify(src/git_ros) by extension 'colcon_pkg'
[6.075s] Level 1:colcon.colcon_core.package_identification:_identify(src/git_ros) by extensions ['colcon_meta']
[6.075s] Level 1:colcon.colcon_core.package_identification:_identify(src/git_ros) by extension 'colcon_meta'
[6.075s] Level 1:colcon.colcon_core.package_identification:_identify(src/git_ros) by extensions ['ros']
[6.075s] Level 1:colcon.colcon_core.package_identification:_identify(src/git_ros) by extension 'ros'
[6.086s] DEBUG:colcon.colcon_core.package_identification:Package 'src/git_ros' with type 'ros.ament_cmake' and name 'git_ros'
[6.087s] Level 1:colcon.colcon_core.package_discovery:discover_packages(recursive) using defaults
[6.087s] Level 1:colcon.colcon_core.package_discovery:discover_packages(ignore) discover
[6.087s] Level 1:colcon.colcon_core.package_discovery:discover_packages(ignore) using defaults
[6.087s] Level 1:colcon.colcon_core.package_discovery:discover_packages(path) discover
[6.087s] Level 1:colcon.colcon_core.package_discovery:discover_packages(path) using defaults
[6.580s] Level 1:colcon.colcon_core.package_discovery:discover_packages(prefix_path) check parameters
[6.581s] Level 1:colcon.colcon_core.package_discovery:discover_packages(prefix_path) discover
[6.739s] DEBUG:colcon.colcon_installed_package_information.package_discovery:Found 1 installed packages in /home/kangim/robot_ws/install
[6.821s] DEBUG:colcon.colcon_installed_package_information.package_discovery:Found 270 installed packages in /opt/ros/humble
[6.829s] Level 1:colcon.colcon_core.package_discovery:discover_packages(prefix_path) using defaults
[7.304s] Level 5:colcon.colcon_core.verb:set package 'git_ros' build argument 'cmake_args' from command line to 'None'
[7.304s] Level 5:colcon.colcon_core.verb:set package 'git_ros' build argument 'cmake_target' from command line to 'None'
[7.304s] Level 5:colcon.colcon_core.verb:set package 'git_ros' build argument 'cmake_target_skip_unavailable' from command line to 'False'
[7.304s] Level 5:colcon.colcon_core.verb:set package 'git_ros' build argument 'cmake_clean_cache' from command line to 'False'
[7.304s] Level 5:colcon.colcon_core.verb:set package 'git_ros' build argument 'cmake_clean_first' from command line to 'False'
[7.305s] Level 5:colcon.colcon_core.verb:set package 'git_ros' build argument 'cmake_force_configure' from command line to 'False'
[7.305s] Level 5:colcon.colcon_core.verb:set package 'git_ros' build argument 'ament_cmake_args' from command line to 'None'
[7.305s] Level 5:colcon.colcon_core.verb:set package 'git_ros' build argument 'catkin_cmake_args' from command line to 'None'
[7.305s] Level 5:colcon.colcon_core.verb:set package 'git_ros' build argument 'catkin_skip_building_tests' from command line to 'False'
[7.305s] DEBUG:colcon.colcon_core.verb:Building package 'git_ros' with the following arguments: {'ament_cmake_args': None, 'build_base': '/home/kangim/robot_ws/build/git_ros', 'catkin_cmake_args': None, 'catkin_skip_building_tests': False, 'cmake_args': None, 'cmake_clean_cache': False, 'cmake_clean_first': False, 'cmake_force_configure': False, 'cmake_target': None, 'cmake_target_skip_unavailable': False, 'install_base': '/home/kangim/robot_ws/install/git_ros', 'merge_install': False, 'path': '/home/kangim/robot_ws/src/git_ros', 'symlink_install': True, 'test_result_base': None}
[7.377s] INFO:colcon.colcon_core.executor:Executing jobs using 'parallel' executor
[7.453s] DEBUG:colcon.colcon_parallel_executor.executor.parallel:run_until_complete
[7.454s] INFO:colcon.colcon_ros.task.ament_cmake.build:Building ROS package in '/home/kangim/robot_ws/src/git_ros' with build type 'ament_cmake'
[7.454s] INFO:colcon.colcon_cmake.task.cmake.build:Building CMake package in '/home/kangim/robot_ws/src/git_ros'
[7.549s] INFO:colcon.colcon_core.plugin_system:Skipping extension 'colcon_core.shell.bat': Not used on non-Windows systems
[7.550s] INFO:colcon.colcon_core.shell:Skip shell extension 'powershell' for command environment: Not usable outside of PowerShell
[7.550s] DEBUG:colcon.colcon_core.shell:Skip shell extension 'dsv' for command environment
[7.845s] DEBUG:colcon.colcon_core.event_handler.log_command:Invoking command in '/home/kangim/robot_ws/build/git_ros': CMAKE_PREFIX_PATH=${CMAKE_PREFIX_PATH}:/opt/ros/humble /usr/bin/cmake --build /home/kangim/robot_ws/build/git_ros -- -j4 -l4
[8.089s] DEBUG:colcon.colcon_core.event_handler.log_command:Invoked command in '/home/kangim/robot_ws/build/git_ros' returned '0': CMAKE_PREFIX_PATH=${CMAKE_PREFIX_PATH}:/opt/ros/humble /usr/bin/cmake --build /home/kangim/robot_ws/build/git_ros -- -j4 -l4
[8.272s] DEBUG:colcon.colcon_core.event_handler.log_command:Invoking command in '/home/kangim/robot_ws/build/git_ros': CMAKE_PREFIX_PATH=${CMAKE_PREFIX_PATH}:/opt/ros/humble /usr/bin/cmake --install /home/kangim/robot_ws/build/git_ros
[8.371s] Level 1:colcon.colcon_core.environment:create_environment_scripts_only(git_ros)
[8.374s] DEBUG:colcon.colcon_core.event_handler.log_command:Invoked command in '/home/kangim/robot_ws/build/git_ros' returned '0': CMAKE_PREFIX_PATH=${CMAKE_PREFIX_PATH}:/opt/ros/humble /usr/bin/cmake --install /home/kangim/robot_ws/build/git_ros
[8.508s] Level 1:colcon.colcon_core.environment:checking '/home/kangim/robot_ws/install/git_ros' for CMake module files
[8.512s] Level 1:colcon.colcon_core.environment:checking '/home/kangim/robot_ws/install/git_ros' for CMake config files
[8.516s] Level 1:colcon.colcon_core.shell:create_environment_hook('git_ros', 'cmake_prefix_path')
[8.614s] INFO:colcon.colcon_core.shell:Creating environment hook '/home/kangim/robot_ws/install/git_ros/share/git_ros/hook/cmake_prefix_path.ps1'
[8.619s] INFO:colcon.colcon_core.shell:Creating environment descriptor '/home/kangim/robot_ws/install/git_ros/share/git_ros/hook/cmake_prefix_path.dsv'
[8.623s] INFO:colcon.colcon_core.shell:Creating environment hook '/home/kangim/robot_ws/install/git_ros/share/git_ros/hook/cmake_prefix_path.sh'
[8.629s] Level 1:colcon.colcon_core.environment:checking '/home/kangim/robot_ws/install/git_ros/bin'
[8.629s] Level 1:colcon.colcon_core.environment:checking '/home/kangim/robot_ws/install/git_ros/lib/pkgconfig/git_ros.pc'
[8.630s] Level 1:colcon.colcon_core.environment:checking '/home/kangim/robot_ws/install/git_ros/lib/python3.10/site-packages'
[8.632s] Level 1:colcon.colcon_core.environment:checking '/home/kangim/robot_ws/install/git_ros/bin'
[8.752s] INFO:colcon.colcon_core.shell:Creating package script '/home/kangim/robot_ws/install/git_ros/share/git_ros/package.ps1'
[8.756s] INFO:colcon.colcon_core.shell:Creating package descriptor '/home/kangim/robot_ws/install/git_ros/share/git_ros/package.dsv'
[8.759s] INFO:colcon.colcon_core.shell:Creating package script '/home/kangim/robot_ws/install/git_ros/share/git_ros/package.sh'
[8.764s] INFO:colcon.colcon_core.shell:Creating package script '/home/kangim/robot_ws/install/git_ros/share/git_ros/package.bash'
[8.768s] INFO:colcon.colcon_core.shell:Creating package script '/home/kangim/robot_ws/install/git_ros/share/git_ros/package.zsh'
[8.772s] Level 1:colcon.colcon_core.environment:create_file_with_runtime_dependencies(/home/kangim/robot_ws/install/git_ros/share/colcon-core/packages/git_ros)
[9.023s] Level 1:colcon.colcon_core.environment:create_environment_scripts_only(git_ros)
[9.106s] Level 1:colcon.colcon_core.environment:checking '/home/kangim/robot_ws/install/git_ros' for CMake module files
[9.109s] Level 1:colcon.colcon_core.environment:checking '/home/kangim/robot_ws/install/git_ros' for CMake config files
[9.112s] Level 1:colcon.colcon_core.shell:create_environment_hook('git_ros', 'cmake_prefix_path')
[9.192s] INFO:colcon.colcon_core.shell:Creating environment hook '/home/kangim/robot_ws/install/git_ros/share/git_ros/hook/cmake_prefix_path.ps1'
[9.194s] INFO:colcon.colcon_core.shell:Creating environment descriptor '/home/kangim/robot_ws/install/git_ros/share/git_ros/hook/cmake_prefix_path.dsv'
[9.196s] INFO:colcon.colcon_core.shell:Creating environment hook '/home/kangim/robot_ws/install/git_ros/share/git_ros/hook/cmake_prefix_path.sh'
[9.199s] Level 1:colcon.colcon_core.environment:checking '/home/kangim/robot_ws/install/git_ros/bin'
[9.200s] Level 1:colcon.colcon_core.environment:checking '/home/kangim/robot_ws/install/git_ros/lib/pkgconfig/git_ros.pc'
[9.201s] Level 1:colcon.colcon_core.environment:checking '/home/kangim/robot_ws/install/git_ros/lib/python3.10/site-packages'
[9.202s] Level 1:colcon.colcon_core.environment:checking '/home/kangim/robot_ws/install/git_ros/bin'
[9.284s] INFO:colcon.colcon_core.shell:Creating package script '/home/kangim/robot_ws/install/git_ros/share/git_ros/package.ps1'
[9.287s] INFO:colcon.colcon_core.shell:Creating package descriptor '/home/kangim/robot_ws/install/git_ros/share/git_ros/package.dsv'
[9.290s] INFO:colcon.colcon_core.shell:Creating package script '/home/kangim/robot_ws/install/git_ros/share/git_ros/package.sh'
[9.292s] INFO:colcon.colcon_core.shell:Creating package script '/home/kangim/robot_ws/install/git_ros/share/git_ros/package.bash'
[9.294s] INFO:colcon.colcon_core.shell:Creating package script '/home/kangim/robot_ws/install/git_ros/share/git_ros/package.zsh'
[9.296s] Level 1:colcon.colcon_core.environment:create_file_with_runtime_dependencies(/home/kangim/robot_ws/install/git_ros/share/colcon-core/packages/git_ros)
[9.297s] DEBUG:colcon.colcon_parallel_executor.executor.parallel:closing loop
[9.299s] DEBUG:colcon.colcon_parallel_executor.executor.parallel:loop closed
[9.300s] DEBUG:colcon.colcon_parallel_executor.executor.parallel:run_until_complete finished with '0'
[9.300s] DEBUG:colcon.colcon_core.event_reactor:joining thread
[9.407s] INFO:colcon.colcon_core.plugin_system:Skipping extension 'colcon_notification.desktop_notification.terminal_notifier': Not used on non-Darwin systems
[9.408s] INFO:colcon.colcon_core.plugin_system:Skipping extension 'colcon_notification.desktop_notification.win32': Not used on non-Windows systems
[9.408s] INFO:colcon.colcon_notification.desktop_notification:Sending desktop notification using 'notify2'
[9.468s] DEBUG:colcon.colcon_core.event_reactor:joined thread
[9.581s] INFO:colcon.colcon_core.shell:Creating prefix script '/home/kangim/robot_ws/install/local_setup.ps1'
[9.586s] INFO:colcon.colcon_core.shell:Creating prefix util module '/home/kangim/robot_ws/install/_local_setup_util_ps1.py'
[9.593s] INFO:colcon.colcon_core.shell:Creating prefix chain script '/home/kangim/robot_ws/install/setup.ps1'
[9.680s] INFO:colcon.colcon_core.shell:Creating prefix script '/home/kangim/robot_ws/install/local_setup.sh'
[9.684s] INFO:colcon.colcon_core.shell:Creating prefix util module '/home/kangim/robot_ws/install/_local_setup_util_sh.py'
[9.686s] INFO:colcon.colcon_core.shell:Creating prefix chain script '/home/kangim/robot_ws/install/setup.sh'
[9.767s] INFO:colcon.colcon_core.shell:Creating prefix script '/home/kangim/robot_ws/install/local_setup.bash'
[9.771s] INFO:colcon.colcon_core.shell:Creating prefix chain script '/home/kangim/robot_ws/install/setup.bash'
[9.849s] INFO:colcon.colcon_core.shell:Creating prefix script '/home/kangim/robot_ws/install/local_setup.zsh'
[9.852s] INFO:colcon.colcon_core.shell:Creating prefix chain script '/home/kangim/robot_ws/install/setup.zsh'
