[5.942s] Invoking command in '/home/kangim/robot_ws/build/pyros_git': PYTHONPATH=/home/kangim/robot_ws/build/pyros_git/prefix_override:/home/kangim/robot_ws/install/pyros_git/lib/python3.10/site-packages:${PYTHONPATH} /usr/bin/python3 setup.py develop --editable --build-directory /home/kangim/robot_ws/build/pyros_git/build --no-deps install_data
[7.453s] running develop
[7.459s] /usr/lib/python3/dist-packages/setuptools/command/easy_install.py:158: EasyInstallDeprecationWarning: easy_install command is deprecated. Use build and pip and other standards-based tools.
[7.460s]   warnings.warn(
[7.467s] /usr/lib/python3/dist-packages/setuptools/command/install.py:34: SetuptoolsDeprecationWarning: setup.py install is deprecated. Use build and pip and other standards-based tools.
[7.468s]   warnings.warn(
[8.405s] running egg_info
[8.406s] writing pyros_git.egg-info/PKG-INFO
[8.407s] writing dependency_links to pyros_git.egg-info/dependency_links.txt
[8.408s] writing entry points to pyros_git.egg-info/entry_points.txt
[8.409s] writing requirements to pyros_git.egg-info/requires.txt
[8.410s] writing top-level names to pyros_git.egg-info/top_level.txt
[8.419s] reading manifest file 'pyros_git.egg-info/SOURCES.txt'
[8.423s] writing manifest file 'pyros_git.egg-info/SOURCES.txt'
[8.430s] running build_ext
[8.431s] Creating /home/kangim/robot_ws/install/pyros_git/lib/python3.10/site-packages/pyros-git.egg-link (link to .)
[8.435s] Installing pypub_helloworld script to /home/kangim/robot_ws/install/pyros_git/lib/pyros_git
[8.436s] Installing pysub_helloworld script to /home/kangim/robot_ws/install/pyros_git/lib/pyros_git
[8.437s] 
[8.438s] Installed /home/kangim/robot_ws/build/pyros_git
[8.440s] running install_data
[8.606s] Invoked command in '/home/kangim/robot_ws/build/pyros_git' returned '0': PYTHONPATH=/home/kangim/robot_ws/build/pyros_git/prefix_override:/home/kangim/robot_ws/install/pyros_git/lib/python3.10/site-packages:${PYTHONPATH} /usr/bin/python3 setup.py develop --editable --build-directory /home/kangim/robot_ws/build/pyros_git/build --no-deps install_data
