-- Found ament_cmake: 1.3.6 (/opt/ros/humble/share/ament_cmake/cmake)
-- Override CMake install command with custom implementation using symlinks instead of copying resources
-- Found rclcpp: 16.0.7 (/opt/ros/humble/share/rclcpp/cmake)
-- Found rosidl_generator_c: 3.1.5 (/opt/ros/humble/share/rosidl_generator_c/cmake)
-- Found rosidl_adapter: 3.1.5 (/opt/ros/humble/share/rosidl_adapter/cmake)
-- Found rosidl_generator_cpp: 3.1.5 (/opt/ros/humble/share/rosidl_generator_cpp/cmake)
-- Using all available rosidl_typesupport_c: rosidl_typesupport_fastrtps_c;rosidl_typesupport_introspection_c
-- Using all available rosidl_typesupport_cpp: rosidl_typesupport_fastrtps_cpp;rosidl_typesupport_introspection_cpp
-- Found rmw_implementation_cmake: 6.1.1 (/opt/ros/humble/share/rmw_implementation_cmake/cmake)
-- Found rmw_fastrtps_cpp: 6.2.5 (/opt/ros/humble/share/rmw_fastrtps_cpp/cmake)
-- Using RMW implementation 'rmw_fastrtps_cpp' as default
-- Found ament_lint_auto: 0.12.9 (/opt/ros/humble/share/ament_lint_auto/cmake)
-- Added test 'cppcheck' to perform static code analysis on C / C++ code
-- Configured cppcheck include dirs: 
-- Configured cppcheck exclude dirs and/or files: 
-- Added test 'lint_cmake' to check CMake code style
-- Added test 'uncrustify' to check C / C++ code style
-- Configured uncrustify additional arguments: 
-- Added test 'xmllint' to check XML markup files
-- Configuring done
-- Generating done
-- Build files have been written to: /home/kangim/robot_ws/build/git_ros
[ 25%] [32mBuilding CXX object CMakeFiles/pub_helloworld.dir/src/pub_helloworld.cpp.o[0m
[ 50%] [32mBuilding CXX object CMakeFiles/sub_helloworld.dir/src/sub_helloworld.cpp.o[0m
[ 75%] [32m[1mLinking CXX executable pub_helloworld[0m
[ 75%] Built target pub_helloworld
[100%] [32m[1mLinking CXX executable sub_helloworld[0m
[100%] Built target sub_helloworld
-- Install configuration: ""
-- Execute custom install script
-- Symlinking: /home/kangim/robot_ws/install/git_ros/lib/git_ros/pub_helloworld
-- Symlinking: /home/kangim/robot_ws/install/git_ros/lib/git_ros/sub_helloworld
-- Up-to-date symlink: /home/kangim/robot_ws/install/git_ros/share/ament_index/resource_index/package_run_dependencies/git_ros
-- Up-to-date symlink: /home/kangim/robot_ws/install/git_ros/share/ament_index/resource_index/parent_prefix_path/git_ros
-- Up-to-date symlink: /home/kangim/robot_ws/install/git_ros/share/git_ros/environment/ament_prefix_path.sh
-- Up-to-date symlink: /home/kangim/robot_ws/install/git_ros/share/git_ros/environment/ament_prefix_path.dsv
-- Up-to-date symlink: /home/kangim/robot_ws/install/git_ros/share/git_ros/environment/path.sh
-- Up-to-date symlink: /home/kangim/robot_ws/install/git_ros/share/git_ros/environment/path.dsv
-- Up-to-date symlink: /home/kangim/robot_ws/install/git_ros/share/git_ros/local_setup.bash
-- Up-to-date symlink: /home/kangim/robot_ws/install/git_ros/share/git_ros/local_setup.sh
-- Up-to-date symlink: /home/kangim/robot_ws/install/git_ros/share/git_ros/local_setup.zsh
-- Up-to-date symlink: /home/kangim/robot_ws/install/git_ros/share/git_ros/local_setup.dsv
-- Symlinking: /home/kangim/robot_ws/install/git_ros/share/git_ros/package.dsv
-- Up-to-date symlink: /home/kangim/robot_ws/install/git_ros/share/ament_index/resource_index/packages/git_ros
-- Up-to-date symlink: /home/kangim/robot_ws/install/git_ros/share/git_ros/cmake/git_rosConfig.cmake
-- Up-to-date symlink: /home/kangim/robot_ws/install/git_ros/share/git_ros/cmake/git_rosConfig-version.cmake
-- Up-to-date symlink: /home/kangim/robot_ws/install/git_ros/share/git_ros/package.xml
