[0.390s] Invoking command in '/home/kangim/robot_ws/build/git_ros': CMAKE_PREFIX_PATH=${CMAKE_PREFIX_PATH}:/opt/ros/humble /usr/bin/cmake --build /home/kangim/robot_ws/build/git_ros -- -j4 -l4
[0.648s] -- Found ament_cmake: 1.3.6 (/opt/ros/humble/share/ament_cmake/cmake)
[1.439s] -- Override CMake install command with custom implementation using symlinks instead of copying resources
[1.524s] -- Found rclcpp: 16.0.7 (/opt/ros/humble/share/rclcpp/cmake)
[1.807s] -- Found rosidl_generator_c: 3.1.5 (/opt/ros/humble/share/rosidl_generator_c/cmake)
[1.824s] -- Found rosidl_adapter: 3.1.5 (/opt/ros/humble/share/rosidl_adapter/cmake)
[1.872s] -- Found rosidl_generator_cpp: 3.1.5 (/opt/ros/humble/share/rosidl_generator_cpp/cmake)
[1.941s] -- Using all available rosidl_typesupport_c: rosidl_typesupport_fastrtps_c;rosidl_typesupport_introspection_c
[2.036s] -- Using all available rosidl_typesupport_cpp: rosidl_typesupport_fastrtps_cpp;rosidl_typesupport_introspection_cpp
[2.397s] -- Found rmw_implementation_cmake: 6.1.1 (/opt/ros/humble/share/rmw_implementation_cmake/cmake)
[2.409s] -- Found rmw_fastrtps_cpp: 6.2.5 (/opt/ros/humble/share/rmw_fastrtps_cpp/cmake)
[3.641s] -- Using RMW implementation 'rmw_fastrtps_cpp' as default
[4.455s] -- Found ament_lint_auto: 0.12.9 (/opt/ros/humble/share/ament_lint_auto/cmake)
[4.859s] -- Added test 'cppcheck' to perform static code analysis on C / C++ code
[4.859s] -- Configured cppcheck include dirs: 
[4.859s] -- Configured cppcheck exclude dirs and/or files: 
[4.865s] -- Added test 'lint_cmake' to check CMake code style
[4.877s] -- Added test 'uncrustify' to check C / C++ code style
[4.878s] -- Configured uncrustify additional arguments: 
[4.880s] -- Added test 'xmllint' to check XML markup files
[4.890s] -- Configuring done
[4.990s] -- Generating done
[5.000s] -- Build files have been written to: /home/kangim/robot_ws/build/git_ros
[5.175s] [ 25%] [32mBuilding CXX object CMakeFiles/pub_helloworld.dir/src/pub_helloworld.cpp.o[0m
[5.182s] [ 50%] [32mBuilding CXX object CMakeFiles/sub_helloworld.dir/src/sub_helloworld.cpp.o[0m
[35.718s] [ 75%] [32m[1mLinking CXX executable pub_helloworld[0m
[37.295s] [ 75%] Built target pub_helloworld
[53.245s] [100%] [32m[1mLinking CXX executable sub_helloworld[0m
[55.311s] [100%] Built target sub_helloworld
[55.386s] Invoked command in '/home/kangim/robot_ws/build/git_ros' returned '0': CMAKE_PREFIX_PATH=${CMAKE_PREFIX_PATH}:/opt/ros/humble /usr/bin/cmake --build /home/kangim/robot_ws/build/git_ros -- -j4 -l4
[55.640s] Invoking command in '/home/kangim/robot_ws/build/git_ros': CMAKE_PREFIX_PATH=${CMAKE_PREFIX_PATH}:/opt/ros/humble /usr/bin/cmake --install /home/kangim/robot_ws/build/git_ros
[55.672s] -- Install configuration: ""
[55.679s] -- Execute custom install script
[55.683s] -- Symlinking: /home/kangim/robot_ws/install/git_ros/lib/git_ros/pub_helloworld
[55.724s] -- Symlinking: /home/kangim/robot_ws/install/git_ros/lib/git_ros/sub_helloworld
[55.773s] -- Up-to-date symlink: /home/kangim/robot_ws/install/git_ros/share/ament_index/resource_index/package_run_dependencies/git_ros
[55.777s] -- Up-to-date symlink: /home/kangim/robot_ws/install/git_ros/share/ament_index/resource_index/parent_prefix_path/git_ros
[55.782s] -- Up-to-date symlink: /home/kangim/robot_ws/install/git_ros/share/git_ros/environment/ament_prefix_path.sh
[55.784s] -- Up-to-date symlink: /home/kangim/robot_ws/install/git_ros/share/git_ros/environment/ament_prefix_path.dsv
[55.786s] -- Up-to-date symlink: /home/kangim/robot_ws/install/git_ros/share/git_ros/environment/path.sh
[55.788s] -- Up-to-date symlink: /home/kangim/robot_ws/install/git_ros/share/git_ros/environment/path.dsv
[55.790s] -- Up-to-date symlink: /home/kangim/robot_ws/install/git_ros/share/git_ros/local_setup.bash
[55.792s] -- Up-to-date symlink: /home/kangim/robot_ws/install/git_ros/share/git_ros/local_setup.sh
[55.794s] -- Up-to-date symlink: /home/kangim/robot_ws/install/git_ros/share/git_ros/local_setup.zsh
[55.796s] -- Up-to-date symlink: /home/kangim/robot_ws/install/git_ros/share/git_ros/local_setup.dsv
[55.796s] -- Symlinking: /home/kangim/robot_ws/install/git_ros/share/git_ros/package.dsv
[55.839s] -- Up-to-date symlink: /home/kangim/robot_ws/install/git_ros/share/ament_index/resource_index/packages/git_ros
[55.845s] -- Up-to-date symlink: /home/kangim/robot_ws/install/git_ros/share/git_ros/cmake/git_rosConfig.cmake
[55.847s] -- Up-to-date symlink: /home/kangim/robot_ws/install/git_ros/share/git_ros/cmake/git_rosConfig-version.cmake
[55.850s] -- Up-to-date symlink: /home/kangim/robot_ws/install/git_ros/share/git_ros/package.xml
[55.859s] Invoked command in '/home/kangim/robot_ws/build/git_ros' returned '0': CMAKE_PREFIX_PATH=${CMAKE_PREFIX_PATH}:/opt/ros/humble /usr/bin/cmake --install /home/kangim/robot_ws/build/git_ros
