[5.441s] DEBUG:colcon:Command line arguments: ['/usr/bin/colcon', 'build', '--symlink-install']
[5.441s] DEBUG:colcon:Parsed command line arguments: Namespace(log_base=None, log_level=None, verb_name='build', build_base='build', install_base='install', merge_install=False, symlink_install=True, test_result_base=None, continue_on_error=False, executor='parallel', parallel_workers=4, event_handlers=None, ignore_user_meta=False, metas=['./colcon.meta'], base_paths=['.'], packages_ignore=None, packages_ignore_regex=None, paths=None, packages_up_to=None, packages_up_to_regex=None, packages_above=None, packages_above_and_dependencies=None, packages_above_depth=None, packages_select_by_dep=None, packages_skip_by_dep=None, packages_skip_up_to=None, packages_select_build_failed=False, packages_skip_build_finished=False, packages_select_test_failures=False, packages_skip_test_passed=False, packages_select=None, packages_skip=None, packages_select_regex=None, packages_skip_regex=None, packages_start=None, packages_end=None, allow_overriding=[], cmake_args=None, cmake_target=None, cmake_target_skip_unavailable=False, cmake_clean_cache=False, cmake_clean_first=False, cmake_force_configure=False, ament_cmake_args=None, catkin_cmake_args=None, catkin_skip_building_tests=False, verb_parser=<colcon_defaults.argument_parser.defaults.DefaultArgumentsDecorator object at 0xffffa406e9b0>, verb_extension=<colcon_core.verb.build.BuildVerb object at 0xffffa433add0>, main=<bound method BuildVerb.main of <colcon_core.verb.build.BuildVerb object at 0xffffa433add0>>)
[5.688s] Level 1:colcon.colcon_core.package_discovery:discover_packages(colcon_meta) check parameters
[5.689s] Level 1:colcon.colcon_core.package_discovery:discover_packages(recursive) check parameters
[5.689s] Level 1:colcon.colcon_core.package_discovery:discover_packages(ignore) check parameters
[5.689s] Level 1:colcon.colcon_core.package_discovery:discover_packages(path) check parameters
[5.689s] Level 1:colcon.colcon_core.package_discovery:discover_packages(colcon_meta) discover
[5.689s] Level 1:colcon.colcon_core.package_discovery:discover_packages(recursive) discover
[5.690s] INFO:colcon.colcon_core.package_discovery:Crawling recursively for packages in '/home/kangim/robot_ws'
[5.690s] Level 1:colcon.colcon_core.package_identification:_identify(.) by extensions ['ignore', 'ignore_ament_install']
[5.690s] Level 1:colcon.colcon_core.package_identification:_identify(.) by extension 'ignore'
[5.691s] Level 1:colcon.colcon_core.package_identification:_identify(.) by extension 'ignore_ament_install'
[5.691s] Level 1:colcon.colcon_core.package_identification:_identify(.) by extensions ['colcon_pkg']
[5.691s] Level 1:colcon.colcon_core.package_identification:_identify(.) by extension 'colcon_pkg'
[5.691s] Level 1:colcon.colcon_core.package_identification:_identify(.) by extensions ['colcon_meta']
[5.691s] Level 1:colcon.colcon_core.package_identification:_identify(.) by extension 'colcon_meta'
[5.692s] Level 1:colcon.colcon_core.package_identification:_identify(.) by extensions ['ros']
[5.692s] Level 1:colcon.colcon_core.package_identification:_identify(.) by extension 'ros'
[5.754s] Level 1:colcon.colcon_core.package_identification:_identify(.) by extensions ['cmake', 'python']
[5.755s] Level 1:colcon.colcon_core.package_identification:_identify(.) by extension 'cmake'
[5.755s] Level 1:colcon.colcon_core.package_identification:_identify(.) by extension 'python'
[5.755s] Level 1:colcon.colcon_core.package_identification:_identify(.) by extensions ['python_setup_py']
[5.755s] Level 1:colcon.colcon_core.package_identification:_identify(.) by extension 'python_setup_py'
[5.756s] Level 1:colcon.colcon_core.package_identification:_identify(build) by extensions ['ignore', 'ignore_ament_install']
[5.756s] Level 1:colcon.colcon_core.package_identification:_identify(build) by extension 'ignore'
[5.756s] Level 1:colcon.colcon_core.package_identification:_identify(build) ignored
[5.757s] Level 1:colcon.colcon_core.package_identification:_identify(install) by extensions ['ignore', 'ignore_ament_install']
[5.758s] Level 1:colcon.colcon_core.package_identification:_identify(install) by extension 'ignore'
[5.758s] Level 1:colcon.colcon_core.package_identification:_identify(install) ignored
[5.758s] Level 1:colcon.colcon_core.package_identification:_identify(log) by extensions ['ignore', 'ignore_ament_install']
[5.759s] Level 1:colcon.colcon_core.package_identification:_identify(log) by extension 'ignore'
[5.759s] Level 1:colcon.colcon_core.package_identification:_identify(log) ignored
[5.759s] Level 1:colcon.colcon_core.package_identification:_identify(src) by extensions ['ignore', 'ignore_ament_install']
[5.760s] Level 1:colcon.colcon_core.package_identification:_identify(src) by extension 'ignore'
[5.760s] Level 1:colcon.colcon_core.package_identification:_identify(src) by extension 'ignore_ament_install'
[5.760s] Level 1:colcon.colcon_core.package_identification:_identify(src) by extensions ['colcon_pkg']
[5.760s] Level 1:colcon.colcon_core.package_identification:_identify(src) by extension 'colcon_pkg'
[5.761s] Level 1:colcon.colcon_core.package_identification:_identify(src) by extensions ['colcon_meta']
[5.761s] Level 1:colcon.colcon_core.package_identification:_identify(src) by extension 'colcon_meta'
[5.761s] Level 1:colcon.colcon_core.package_identification:_identify(src) by extensions ['ros']
[5.761s] Level 1:colcon.colcon_core.package_identification:_identify(src) by extension 'ros'
[5.761s] Level 1:colcon.colcon_core.package_identification:_identify(src) by extensions ['cmake', 'python']
[5.762s] Level 1:colcon.colcon_core.package_identification:_identify(src) by extension 'cmake'
[5.762s] Level 1:colcon.colcon_core.package_identification:_identify(src) by extension 'python'
[5.762s] Level 1:colcon.colcon_core.package_identification:_identify(src) by extensions ['python_setup_py']
[5.762s] Level 1:colcon.colcon_core.package_identification:_identify(src) by extension 'python_setup_py'
[5.763s] Level 1:colcon.colcon_core.package_identification:_identify(src/cppros_git) by extensions ['ignore', 'ignore_ament_install']
[5.763s] Level 1:colcon.colcon_core.package_identification:_identify(src/cppros_git) by extension 'ignore'
[5.763s] Level 1:colcon.colcon_core.package_identification:_identify(src/cppros_git) by extension 'ignore_ament_install'
[5.764s] Level 1:colcon.colcon_core.package_identification:_identify(src/cppros_git) by extensions ['colcon_pkg']
[5.764s] Level 1:colcon.colcon_core.package_identification:_identify(src/cppros_git) by extension 'colcon_pkg'
[5.764s] Level 1:colcon.colcon_core.package_identification:_identify(src/cppros_git) by extensions ['colcon_meta']
[5.764s] Level 1:colcon.colcon_core.package_identification:_identify(src/cppros_git) by extension 'colcon_meta'
[5.764s] Level 1:colcon.colcon_core.package_identification:_identify(src/cppros_git) by extensions ['ros']
[5.764s] Level 1:colcon.colcon_core.package_identification:_identify(src/cppros_git) by extension 'ros'
[5.775s] DEBUG:colcon.colcon_core.package_identification:Package 'src/cppros_git' with type 'ros.ament_cmake' and name 'cppros_git'
[5.776s] Level 1:colcon.colcon_core.package_identification:_identify(src/git_ros) by extensions ['ignore', 'ignore_ament_install']
[5.776s] Level 1:colcon.colcon_core.package_identification:_identify(src/git_ros) by extension 'ignore'
[5.776s] Level 1:colcon.colcon_core.package_identification:_identify(src/git_ros) by extension 'ignore_ament_install'
[5.777s] Level 1:colcon.colcon_core.package_identification:_identify(src/git_ros) by extensions ['colcon_pkg']
[5.777s] Level 1:colcon.colcon_core.package_identification:_identify(src/git_ros) by extension 'colcon_pkg'
[5.777s] Level 1:colcon.colcon_core.package_identification:_identify(src/git_ros) by extensions ['colcon_meta']
[5.777s] Level 1:colcon.colcon_core.package_identification:_identify(src/git_ros) by extension 'colcon_meta'
[5.778s] Level 1:colcon.colcon_core.package_identification:_identify(src/git_ros) by extensions ['ros']
[5.778s] Level 1:colcon.colcon_core.package_identification:_identify(src/git_ros) by extension 'ros'
[5.780s] DEBUG:colcon.colcon_core.package_identification:Package 'src/git_ros' with type 'ros.ament_cmake' and name 'git_ros'
[5.782s] Level 1:colcon.colcon_core.package_identification:_identify(src/pyros_git) by extensions ['ignore', 'ignore_ament_install']
[5.782s] Level 1:colcon.colcon_core.package_identification:_identify(src/pyros_git) by extension 'ignore'
[5.782s] Level 1:colcon.colcon_core.package_identification:_identify(src/pyros_git) by extension 'ignore_ament_install'
[5.783s] Level 1:colcon.colcon_core.package_identification:_identify(src/pyros_git) by extensions ['colcon_pkg']
[5.783s] Level 1:colcon.colcon_core.package_identification:_identify(src/pyros_git) by extension 'colcon_pkg'
[5.783s] Level 1:colcon.colcon_core.package_identification:_identify(src/pyros_git) by extensions ['colcon_meta']
[5.783s] Level 1:colcon.colcon_core.package_identification:_identify(src/pyros_git) by extension 'colcon_meta'
[5.783s] Level 1:colcon.colcon_core.package_identification:_identify(src/pyros_git) by extensions ['ros']
[5.784s] Level 1:colcon.colcon_core.package_identification:_identify(src/pyros_git) by extension 'ros'
[5.786s] DEBUG:colcon.colcon_core.package_identification:Package 'src/pyros_git' with type 'ros.ament_python' and name 'pyros_git'
[5.787s] Level 1:colcon.colcon_core.package_discovery:discover_packages(recursive) using defaults
[5.787s] Level 1:colcon.colcon_core.package_discovery:discover_packages(ignore) discover
[5.787s] Level 1:colcon.colcon_core.package_discovery:discover_packages(ignore) using defaults
[5.787s] Level 1:colcon.colcon_core.package_discovery:discover_packages(path) discover
[5.787s] Level 1:colcon.colcon_core.package_discovery:discover_packages(path) using defaults
[6.248s] Level 1:colcon.colcon_core.package_discovery:discover_packages(prefix_path) check parameters
[6.249s] Level 1:colcon.colcon_core.package_discovery:discover_packages(prefix_path) discover
[6.404s] DEBUG:colcon.colcon_installed_package_information.package_discovery:Found 3 installed packages in /home/kangim/robot_ws/install
[6.488s] DEBUG:colcon.colcon_installed_package_information.package_discovery:Found 270 installed packages in /opt/ros/humble
[6.495s] Level 1:colcon.colcon_core.package_discovery:discover_packages(prefix_path) using defaults
[6.962s] Level 5:colcon.colcon_core.verb:set package 'cppros_git' build argument 'cmake_args' from command line to 'None'
[6.962s] Level 5:colcon.colcon_core.verb:set package 'cppros_git' build argument 'cmake_target' from command line to 'None'
[6.962s] Level 5:colcon.colcon_core.verb:set package 'cppros_git' build argument 'cmake_target_skip_unavailable' from command line to 'False'
[6.962s] Level 5:colcon.colcon_core.verb:set package 'cppros_git' build argument 'cmake_clean_cache' from command line to 'False'
[6.962s] Level 5:colcon.colcon_core.verb:set package 'cppros_git' build argument 'cmake_clean_first' from command line to 'False'
[6.963s] Level 5:colcon.colcon_core.verb:set package 'cppros_git' build argument 'cmake_force_configure' from command line to 'False'
[6.963s] Level 5:colcon.colcon_core.verb:set package 'cppros_git' build argument 'ament_cmake_args' from command line to 'None'
[6.963s] Level 5:colcon.colcon_core.verb:set package 'cppros_git' build argument 'catkin_cmake_args' from command line to 'None'
[6.963s] Level 5:colcon.colcon_core.verb:set package 'cppros_git' build argument 'catkin_skip_building_tests' from command line to 'False'
[6.963s] DEBUG:colcon.colcon_core.verb:Building package 'cppros_git' with the following arguments: {'ament_cmake_args': None, 'build_base': '/home/kangim/robot_ws/build/cppros_git', 'catkin_cmake_args': None, 'catkin_skip_building_tests': False, 'cmake_args': None, 'cmake_clean_cache': False, 'cmake_clean_first': False, 'cmake_force_configure': False, 'cmake_target': None, 'cmake_target_skip_unavailable': False, 'install_base': '/home/kangim/robot_ws/install/cppros_git', 'merge_install': False, 'path': '/home/kangim/robot_ws/src/cppros_git', 'symlink_install': True, 'test_result_base': None}
[7.036s] Level 5:colcon.colcon_core.verb:set package 'git_ros' build argument 'cmake_args' from command line to 'None'
[7.036s] Level 5:colcon.colcon_core.verb:set package 'git_ros' build argument 'cmake_target' from command line to 'None'
[7.036s] Level 5:colcon.colcon_core.verb:set package 'git_ros' build argument 'cmake_target_skip_unavailable' from command line to 'False'
[7.037s] Level 5:colcon.colcon_core.verb:set package 'git_ros' build argument 'cmake_clean_cache' from command line to 'False'
[7.037s] Level 5:colcon.colcon_core.verb:set package 'git_ros' build argument 'cmake_clean_first' from command line to 'False'
[7.037s] Level 5:colcon.colcon_core.verb:set package 'git_ros' build argument 'cmake_force_configure' from command line to 'False'
[7.037s] Level 5:colcon.colcon_core.verb:set package 'git_ros' build argument 'ament_cmake_args' from command line to 'None'
[7.037s] Level 5:colcon.colcon_core.verb:set package 'git_ros' build argument 'catkin_cmake_args' from command line to 'None'
[7.037s] Level 5:colcon.colcon_core.verb:set package 'git_ros' build argument 'catkin_skip_building_tests' from command line to 'False'
[7.037s] DEBUG:colcon.colcon_core.verb:Building package 'git_ros' with the following arguments: {'ament_cmake_args': None, 'build_base': '/home/kangim/robot_ws/build/git_ros', 'catkin_cmake_args': None, 'catkin_skip_building_tests': False, 'cmake_args': None, 'cmake_clean_cache': False, 'cmake_clean_first': False, 'cmake_force_configure': False, 'cmake_target': None, 'cmake_target_skip_unavailable': False, 'install_base': '/home/kangim/robot_ws/install/git_ros', 'merge_install': False, 'path': '/home/kangim/robot_ws/src/git_ros', 'symlink_install': True, 'test_result_base': None}
[7.110s] Level 5:colcon.colcon_core.verb:set package 'pyros_git' build argument 'cmake_args' from command line to 'None'
[7.111s] Level 5:colcon.colcon_core.verb:set package 'pyros_git' build argument 'cmake_target' from command line to 'None'
[7.111s] Level 5:colcon.colcon_core.verb:set package 'pyros_git' build argument 'cmake_target_skip_unavailable' from command line to 'False'
[7.111s] Level 5:colcon.colcon_core.verb:set package 'pyros_git' build argument 'cmake_clean_cache' from command line to 'False'
[7.111s] Level 5:colcon.colcon_core.verb:set package 'pyros_git' build argument 'cmake_clean_first' from command line to 'False'
[7.111s] Level 5:colcon.colcon_core.verb:set package 'pyros_git' build argument 'cmake_force_configure' from command line to 'False'
[7.111s] Level 5:colcon.colcon_core.verb:set package 'pyros_git' build argument 'ament_cmake_args' from command line to 'None'
[7.111s] Level 5:colcon.colcon_core.verb:set package 'pyros_git' build argument 'catkin_cmake_args' from command line to 'None'
[7.111s] Level 5:colcon.colcon_core.verb:set package 'pyros_git' build argument 'catkin_skip_building_tests' from command line to 'False'
[7.112s] DEBUG:colcon.colcon_core.verb:Building package 'pyros_git' with the following arguments: {'ament_cmake_args': None, 'build_base': '/home/kangim/robot_ws/build/pyros_git', 'catkin_cmake_args': None, 'catkin_skip_building_tests': False, 'cmake_args': None, 'cmake_clean_cache': False, 'cmake_clean_first': False, 'cmake_force_configure': False, 'cmake_target': None, 'cmake_target_skip_unavailable': False, 'install_base': '/home/kangim/robot_ws/install/pyros_git', 'merge_install': False, 'path': '/home/kangim/robot_ws/src/pyros_git', 'symlink_install': True, 'test_result_base': None}
[7.192s] INFO:colcon.colcon_core.executor:Executing jobs using 'parallel' executor
[7.268s] DEBUG:colcon.colcon_parallel_executor.executor.parallel:run_until_complete
[7.269s] INFO:colcon.colcon_ros.task.ament_cmake.build:Building ROS package in '/home/kangim/robot_ws/src/cppros_git' with build type 'ament_cmake'
[7.270s] INFO:colcon.colcon_cmake.task.cmake.build:Building CMake package in '/home/kangim/robot_ws/src/cppros_git'
[7.404s] INFO:colcon.colcon_core.plugin_system:Skipping extension 'colcon_core.shell.bat': Not used on non-Windows systems
[7.405s] INFO:colcon.colcon_core.shell:Skip shell extension 'powershell' for command environment: Not usable outside of PowerShell
[7.405s] DEBUG:colcon.colcon_core.shell:Skip shell extension 'dsv' for command environment
[7.665s] INFO:colcon.colcon_ros.task.ament_cmake.build:Building ROS package in '/home/kangim/robot_ws/src/git_ros' with build type 'ament_cmake'
[7.665s] INFO:colcon.colcon_cmake.task.cmake.build:Building CMake package in '/home/kangim/robot_ws/src/git_ros'
[7.754s] INFO:colcon.colcon_core.shell:Skip shell extension 'powershell' for command environment: Not usable outside of PowerShell
[7.755s] DEBUG:colcon.colcon_core.shell:Skip shell extension 'dsv' for command environment
[8.142s] INFO:colcon.colcon_ros.task.ament_python.build:Building ROS package in '/home/kangim/robot_ws/src/pyros_git' with build type 'ament_python'
[8.143s] Level 1:colcon.colcon_core.shell:create_environment_hook('pyros_git', 'ament_prefix_path')
[8.242s] INFO:colcon.colcon_core.shell:Creating environment hook '/home/kangim/robot_ws/install/pyros_git/share/pyros_git/hook/ament_prefix_path.ps1'
[8.245s] INFO:colcon.colcon_core.shell:Creating environment descriptor '/home/kangim/robot_ws/install/pyros_git/share/pyros_git/hook/ament_prefix_path.dsv'
[8.247s] INFO:colcon.colcon_core.shell:Creating environment hook '/home/kangim/robot_ws/install/pyros_git/share/pyros_git/hook/ament_prefix_path.sh'
[8.335s] INFO:colcon.colcon_core.shell:Skip shell extension 'powershell' for command environment: Not usable outside of PowerShell
[8.335s] DEBUG:colcon.colcon_core.shell:Skip shell extension 'dsv' for command environment
[8.625s] DEBUG:colcon.colcon_core.event_handler.log_command:Invoking command in '/home/kangim/robot_ws/build/cppros_git': CMAKE_PREFIX_PATH=${CMAKE_PREFIX_PATH}:/home/kangim/robot_ws/install/pyros_git:/opt/ros/humble /usr/bin/cmake --build /home/kangim/robot_ws/build/cppros_git -- -j4 -l4
[8.820s] DEBUG:colcon.colcon_core.event_handler.log_command:Invoking command in '/home/kangim/robot_ws/build/git_ros': CMAKE_PREFIX_PATH=${CMAKE_PREFIX_PATH}:/home/kangim/robot_ws/install/pyros_git:/opt/ros/humble /usr/bin/cmake --build /home/kangim/robot_ws/build/git_ros -- -j4 -l4
[10.346s] INFO:colcon.colcon_core.task.python.build:Building Python package in '/home/kangim/robot_ws/src/pyros_git'
[10.424s] INFO:colcon.colcon_core.shell:Skip shell extension 'powershell' for command environment: Not usable outside of PowerShell
[10.424s] DEBUG:colcon.colcon_core.shell:Skip shell extension 'dsv' for command environment
[10.688s] DEBUG:colcon.colcon_core.event_handler.log_command:Invoked command in '/home/kangim/robot_ws/build/git_ros' returned '0': CMAKE_PREFIX_PATH=${CMAKE_PREFIX_PATH}:/home/kangim/robot_ws/install/pyros_git:/opt/ros/humble /usr/bin/cmake --build /home/kangim/robot_ws/build/git_ros -- -j4 -l4
[10.695s] DEBUG:colcon.colcon_core.event_handler.log_command:Invoked command in '/home/kangim/robot_ws/build/cppros_git' returned '0': CMAKE_PREFIX_PATH=${CMAKE_PREFIX_PATH}:/home/kangim/robot_ws/install/pyros_git:/opt/ros/humble /usr/bin/cmake --build /home/kangim/robot_ws/build/cppros_git -- -j4 -l4
[10.928s] DEBUG:colcon.colcon_core.event_handler.log_command:Invoking command in '/home/kangim/robot_ws/build/git_ros': CMAKE_PREFIX_PATH=${CMAKE_PREFIX_PATH}:/home/kangim/robot_ws/install/pyros_git:/opt/ros/humble /usr/bin/cmake --install /home/kangim/robot_ws/build/git_ros
[10.960s] DEBUG:colcon.colcon_core.event_handler.log_command:Invoking command in '/home/kangim/robot_ws/build/cppros_git': CMAKE_PREFIX_PATH=${CMAKE_PREFIX_PATH}:/home/kangim/robot_ws/install/pyros_git:/opt/ros/humble /usr/bin/cmake --install /home/kangim/robot_ws/build/cppros_git
[11.083s] Level 1:colcon.colcon_core.environment:create_environment_scripts_only(git_ros)
[11.086s] DEBUG:colcon.colcon_core.event_handler.log_command:Invoked command in '/home/kangim/robot_ws/build/git_ros' returned '0': CMAKE_PREFIX_PATH=${CMAKE_PREFIX_PATH}:/home/kangim/robot_ws/install/pyros_git:/opt/ros/humble /usr/bin/cmake --install /home/kangim/robot_ws/build/git_ros
[11.208s] Level 1:colcon.colcon_core.environment:checking '/home/kangim/robot_ws/install/git_ros' for CMake module files
[11.211s] Level 1:colcon.colcon_core.environment:checking '/home/kangim/robot_ws/install/git_ros' for CMake config files
[11.215s] Level 1:colcon.colcon_core.shell:create_environment_hook('git_ros', 'cmake_prefix_path')
[11.311s] INFO:colcon.colcon_core.shell:Creating environment hook '/home/kangim/robot_ws/install/git_ros/share/git_ros/hook/cmake_prefix_path.ps1'
[11.314s] INFO:colcon.colcon_core.shell:Creating environment descriptor '/home/kangim/robot_ws/install/git_ros/share/git_ros/hook/cmake_prefix_path.dsv'
[11.316s] INFO:colcon.colcon_core.shell:Creating environment hook '/home/kangim/robot_ws/install/git_ros/share/git_ros/hook/cmake_prefix_path.sh'
[11.319s] Level 1:colcon.colcon_core.environment:checking '/home/kangim/robot_ws/install/git_ros/lib'
[11.320s] Level 1:colcon.colcon_core.environment:checking '/home/kangim/robot_ws/install/git_ros/bin'
[11.321s] Level 1:colcon.colcon_core.environment:checking '/home/kangim/robot_ws/install/git_ros/lib/pkgconfig/git_ros.pc'
[11.322s] Level 1:colcon.colcon_core.environment:checking '/home/kangim/robot_ws/install/git_ros/lib/python3.10/site-packages'
[11.323s] Level 1:colcon.colcon_core.environment:checking '/home/kangim/robot_ws/install/git_ros/bin'
[11.416s] INFO:colcon.colcon_core.shell:Creating package script '/home/kangim/robot_ws/install/git_ros/share/git_ros/package.ps1'
[11.420s] INFO:colcon.colcon_core.shell:Creating package descriptor '/home/kangim/robot_ws/install/git_ros/share/git_ros/package.dsv'
[11.423s] INFO:colcon.colcon_core.shell:Creating package script '/home/kangim/robot_ws/install/git_ros/share/git_ros/package.sh'
[11.427s] INFO:colcon.colcon_core.shell:Creating package script '/home/kangim/robot_ws/install/git_ros/share/git_ros/package.bash'
[11.431s] INFO:colcon.colcon_core.shell:Creating package script '/home/kangim/robot_ws/install/git_ros/share/git_ros/package.zsh'
[11.434s] Level 1:colcon.colcon_core.environment:create_file_with_runtime_dependencies(/home/kangim/robot_ws/install/git_ros/share/colcon-core/packages/git_ros)
[11.443s] Level 1:colcon.colcon_core.environment:create_environment_scripts_only(cppros_git)
[11.445s] DEBUG:colcon.colcon_core.event_handler.log_command:Invoked command in '/home/kangim/robot_ws/build/cppros_git' returned '0': CMAKE_PREFIX_PATH=${CMAKE_PREFIX_PATH}:/home/kangim/robot_ws/install/pyros_git:/opt/ros/humble /usr/bin/cmake --install /home/kangim/robot_ws/build/cppros_git
[11.565s] Level 1:colcon.colcon_core.environment:checking '/home/kangim/robot_ws/install/cppros_git' for CMake module files
[11.569s] Level 1:colcon.colcon_core.environment:checking '/home/kangim/robot_ws/install/cppros_git' for CMake config files
[11.572s] Level 1:colcon.colcon_core.shell:create_environment_hook('cppros_git', 'cmake_prefix_path')
[11.684s] INFO:colcon.colcon_core.shell:Creating environment hook '/home/kangim/robot_ws/install/cppros_git/share/cppros_git/hook/cmake_prefix_path.ps1'
[11.686s] INFO:colcon.colcon_core.shell:Creating environment descriptor '/home/kangim/robot_ws/install/cppros_git/share/cppros_git/hook/cmake_prefix_path.dsv'
[11.688s] INFO:colcon.colcon_core.shell:Creating environment hook '/home/kangim/robot_ws/install/cppros_git/share/cppros_git/hook/cmake_prefix_path.sh'
[11.691s] Level 1:colcon.colcon_core.environment:checking '/home/kangim/robot_ws/install/cppros_git/lib'
[11.692s] Level 1:colcon.colcon_core.environment:checking '/home/kangim/robot_ws/install/cppros_git/bin'
[11.692s] Level 1:colcon.colcon_core.environment:checking '/home/kangim/robot_ws/install/cppros_git/lib/pkgconfig/cppros_git.pc'
[11.693s] Level 1:colcon.colcon_core.environment:checking '/home/kangim/robot_ws/install/cppros_git/lib/python3.10/site-packages'
[11.694s] Level 1:colcon.colcon_core.environment:checking '/home/kangim/robot_ws/install/cppros_git/bin'
[11.787s] INFO:colcon.colcon_core.shell:Creating package script '/home/kangim/robot_ws/install/cppros_git/share/cppros_git/package.ps1'
[11.789s] INFO:colcon.colcon_core.shell:Creating package descriptor '/home/kangim/robot_ws/install/cppros_git/share/cppros_git/package.dsv'
[11.791s] INFO:colcon.colcon_core.shell:Creating package script '/home/kangim/robot_ws/install/cppros_git/share/cppros_git/package.sh'
[11.794s] INFO:colcon.colcon_core.shell:Creating package script '/home/kangim/robot_ws/install/cppros_git/share/cppros_git/package.bash'
[11.796s] INFO:colcon.colcon_core.shell:Creating package script '/home/kangim/robot_ws/install/cppros_git/share/cppros_git/package.zsh'
[11.798s] Level 1:colcon.colcon_core.environment:create_file_with_runtime_dependencies(/home/kangim/robot_ws/install/cppros_git/share/colcon-core/packages/cppros_git)
[11.913s] Level 1:colcon.colcon_core.environment:create_environment_scripts_only(git_ros)
[12.021s] Level 1:colcon.colcon_core.environment:checking '/home/kangim/robot_ws/install/git_ros' for CMake module files
[12.025s] Level 1:colcon.colcon_core.environment:checking '/home/kangim/robot_ws/install/git_ros' for CMake config files
[12.028s] Level 1:colcon.colcon_core.shell:create_environment_hook('git_ros', 'cmake_prefix_path')
[12.130s] INFO:colcon.colcon_core.shell:Creating environment hook '/home/kangim/robot_ws/install/git_ros/share/git_ros/hook/cmake_prefix_path.ps1'
[12.132s] INFO:colcon.colcon_core.shell:Creating environment descriptor '/home/kangim/robot_ws/install/git_ros/share/git_ros/hook/cmake_prefix_path.dsv'
[12.134s] INFO:colcon.colcon_core.shell:Creating environment hook '/home/kangim/robot_ws/install/git_ros/share/git_ros/hook/cmake_prefix_path.sh'
[12.137s] Level 1:colcon.colcon_core.environment:checking '/home/kangim/robot_ws/install/git_ros/lib'
[12.138s] Level 1:colcon.colcon_core.environment:checking '/home/kangim/robot_ws/install/git_ros/bin'
[12.138s] Level 1:colcon.colcon_core.environment:checking '/home/kangim/robot_ws/install/git_ros/lib/pkgconfig/git_ros.pc'
[12.139s] Level 1:colcon.colcon_core.environment:checking '/home/kangim/robot_ws/install/git_ros/lib/python3.10/site-packages'
[12.140s] Level 1:colcon.colcon_core.environment:checking '/home/kangim/robot_ws/install/git_ros/bin'
[12.239s] INFO:colcon.colcon_core.shell:Creating package script '/home/kangim/robot_ws/install/git_ros/share/git_ros/package.ps1'
[12.242s] INFO:colcon.colcon_core.shell:Creating package descriptor '/home/kangim/robot_ws/install/git_ros/share/git_ros/package.dsv'
[12.245s] INFO:colcon.colcon_core.shell:Creating package script '/home/kangim/robot_ws/install/git_ros/share/git_ros/package.sh'
[12.248s] INFO:colcon.colcon_core.shell:Creating package script '/home/kangim/robot_ws/install/git_ros/share/git_ros/package.bash'
[12.250s] INFO:colcon.colcon_core.shell:Creating package script '/home/kangim/robot_ws/install/git_ros/share/git_ros/package.zsh'
[12.252s] Level 1:colcon.colcon_core.environment:create_file_with_runtime_dependencies(/home/kangim/robot_ws/install/git_ros/share/colcon-core/packages/git_ros)
[12.374s] Level 1:colcon.colcon_core.environment:create_environment_scripts_only(cppros_git)
[12.487s] Level 1:colcon.colcon_core.environment:checking '/home/kangim/robot_ws/install/cppros_git' for CMake module files
[12.491s] Level 1:colcon.colcon_core.environment:checking '/home/kangim/robot_ws/install/cppros_git' for CMake config files
[12.494s] Level 1:colcon.colcon_core.shell:create_environment_hook('cppros_git', 'cmake_prefix_path')
[12.614s] INFO:colcon.colcon_core.shell:Creating environment hook '/home/kangim/robot_ws/install/cppros_git/share/cppros_git/hook/cmake_prefix_path.ps1'
[12.618s] INFO:colcon.colcon_core.shell:Creating environment descriptor '/home/kangim/robot_ws/install/cppros_git/share/cppros_git/hook/cmake_prefix_path.dsv'
[12.622s] INFO:colcon.colcon_core.shell:Creating environment hook '/home/kangim/robot_ws/install/cppros_git/share/cppros_git/hook/cmake_prefix_path.sh'
[12.628s] Level 1:colcon.colcon_core.environment:checking '/home/kangim/robot_ws/install/cppros_git/lib'
[12.629s] Level 1:colcon.colcon_core.environment:checking '/home/kangim/robot_ws/install/cppros_git/bin'
[12.629s] Level 1:colcon.colcon_core.environment:checking '/home/kangim/robot_ws/install/cppros_git/lib/pkgconfig/cppros_git.pc'
[12.631s] Level 1:colcon.colcon_core.environment:checking '/home/kangim/robot_ws/install/cppros_git/lib/python3.10/site-packages'
[12.633s] Level 1:colcon.colcon_core.environment:checking '/home/kangim/robot_ws/install/cppros_git/bin'
[12.775s] INFO:colcon.colcon_core.shell:Creating package script '/home/kangim/robot_ws/install/cppros_git/share/cppros_git/package.ps1'
[12.778s] INFO:colcon.colcon_core.shell:Creating package descriptor '/home/kangim/robot_ws/install/cppros_git/share/cppros_git/package.dsv'
[12.782s] INFO:colcon.colcon_core.shell:Creating package script '/home/kangim/robot_ws/install/cppros_git/share/cppros_git/package.sh'
[12.785s] INFO:colcon.colcon_core.shell:Creating package script '/home/kangim/robot_ws/install/cppros_git/share/cppros_git/package.bash'
[12.787s] INFO:colcon.colcon_core.shell:Creating package script '/home/kangim/robot_ws/install/cppros_git/share/cppros_git/package.zsh'
[12.789s] Level 1:colcon.colcon_core.environment:create_file_with_runtime_dependencies(/home/kangim/robot_ws/install/cppros_git/share/colcon-core/packages/cppros_git)
[12.809s] DEBUG:colcon.colcon_core.event_handler.log_command:Invoking command in '/home/kangim/robot_ws/build/pyros_git': PYTHONPATH=/home/kangim/robot_ws/build/pyros_git/prefix_override:/home/kangim/robot_ws/install/pyros_git/lib/python3.10/site-packages:${PYTHONPATH} /usr/bin/python3 setup.py develop --editable --build-directory /home/kangim/robot_ws/build/pyros_git/build --no-deps install_data
[16.299s] Level 1:colcon.colcon_core.shell:create_environment_hook('pyros_git', 'pythonpath_develop')
[16.301s] DEBUG:colcon.colcon_core.event_handler.log_command:Invoked command in '/home/kangim/robot_ws/build/pyros_git' returned '0': PYTHONPATH=/home/kangim/robot_ws/build/pyros_git/prefix_override:/home/kangim/robot_ws/install/pyros_git/lib/python3.10/site-packages:${PYTHONPATH} /usr/bin/python3 setup.py develop --editable --build-directory /home/kangim/robot_ws/build/pyros_git/build --no-deps install_data
[16.383s] INFO:colcon.colcon_core.shell:Creating environment hook '/home/kangim/robot_ws/build/pyros_git/share/pyros_git/hook/pythonpath_develop.ps1'
[16.385s] INFO:colcon.colcon_core.shell:Creating environment descriptor '/home/kangim/robot_ws/build/pyros_git/share/pyros_git/hook/pythonpath_develop.dsv'
[16.387s] INFO:colcon.colcon_core.shell:Creating environment hook '/home/kangim/robot_ws/build/pyros_git/share/pyros_git/hook/pythonpath_develop.sh'
[16.470s] Level 1:colcon.colcon_core.environment:checking '/home/kangim/robot_ws/install/pyros_git' for CMake module files
[16.474s] Level 1:colcon.colcon_core.environment:checking '/home/kangim/robot_ws/install/pyros_git' for CMake config files
[16.477s] Level 1:colcon.colcon_core.environment:checking '/home/kangim/robot_ws/install/pyros_git/lib'
[16.477s] Level 1:colcon.colcon_core.environment:checking '/home/kangim/robot_ws/install/pyros_git/bin'
[16.477s] Level 1:colcon.colcon_core.environment:checking '/home/kangim/robot_ws/install/pyros_git/lib/pkgconfig/pyros_git.pc'
[16.478s] Level 1:colcon.colcon_core.environment:checking '/home/kangim/robot_ws/install/pyros_git/lib/python3.10/site-packages'
[16.479s] Level 1:colcon.colcon_core.shell:create_environment_hook('pyros_git', 'pythonpath')
[16.559s] INFO:colcon.colcon_core.shell:Creating environment hook '/home/kangim/robot_ws/install/pyros_git/share/pyros_git/hook/pythonpath.ps1'
[16.561s] INFO:colcon.colcon_core.shell:Creating environment descriptor '/home/kangim/robot_ws/install/pyros_git/share/pyros_git/hook/pythonpath.dsv'
[16.562s] INFO:colcon.colcon_core.shell:Creating environment hook '/home/kangim/robot_ws/install/pyros_git/share/pyros_git/hook/pythonpath.sh'
[16.565s] Level 1:colcon.colcon_core.environment:checking '/home/kangim/robot_ws/install/pyros_git/bin'
[16.566s] Level 1:colcon.colcon_core.environment:create_environment_scripts_only(pyros_git)
[16.646s] INFO:colcon.colcon_core.shell:Creating package script '/home/kangim/robot_ws/install/pyros_git/share/pyros_git/package.ps1'
[16.648s] INFO:colcon.colcon_core.shell:Creating package descriptor '/home/kangim/robot_ws/install/pyros_git/share/pyros_git/package.dsv'
[16.651s] INFO:colcon.colcon_core.shell:Creating package script '/home/kangim/robot_ws/install/pyros_git/share/pyros_git/package.sh'
[16.653s] INFO:colcon.colcon_core.shell:Creating package script '/home/kangim/robot_ws/install/pyros_git/share/pyros_git/package.bash'
[16.655s] INFO:colcon.colcon_core.shell:Creating package script '/home/kangim/robot_ws/install/pyros_git/share/pyros_git/package.zsh'
[16.657s] Level 1:colcon.colcon_core.environment:create_file_with_runtime_dependencies(/home/kangim/robot_ws/install/pyros_git/share/colcon-core/packages/pyros_git)
[16.658s] DEBUG:colcon.colcon_parallel_executor.executor.parallel:closing loop
[16.659s] DEBUG:colcon.colcon_parallel_executor.executor.parallel:loop closed
[16.660s] DEBUG:colcon.colcon_parallel_executor.executor.parallel:run_until_complete finished with '0'
[16.661s] DEBUG:colcon.colcon_core.event_reactor:joining thread
[16.773s] INFO:colcon.colcon_core.plugin_system:Skipping extension 'colcon_notification.desktop_notification.terminal_notifier': Not used on non-Darwin systems
[16.774s] INFO:colcon.colcon_core.plugin_system:Skipping extension 'colcon_notification.desktop_notification.win32': Not used on non-Windows systems
[16.774s] INFO:colcon.colcon_notification.desktop_notification:Sending desktop notification using 'notify2'
[16.840s] DEBUG:colcon.colcon_core.event_reactor:joined thread
[16.936s] INFO:colcon.colcon_core.shell:Creating prefix script '/home/kangim/robot_ws/install/local_setup.ps1'
[16.941s] INFO:colcon.colcon_core.shell:Creating prefix util module '/home/kangim/robot_ws/install/_local_setup_util_ps1.py'
[16.948s] INFO:colcon.colcon_core.shell:Creating prefix chain script '/home/kangim/robot_ws/install/setup.ps1'
[17.039s] INFO:colcon.colcon_core.shell:Creating prefix script '/home/kangim/robot_ws/install/local_setup.sh'
[17.043s] INFO:colcon.colcon_core.shell:Creating prefix util module '/home/kangim/robot_ws/install/_local_setup_util_sh.py'
[17.045s] INFO:colcon.colcon_core.shell:Creating prefix chain script '/home/kangim/robot_ws/install/setup.sh'
[17.124s] INFO:colcon.colcon_core.shell:Creating prefix script '/home/kangim/robot_ws/install/local_setup.bash'
[17.126s] INFO:colcon.colcon_core.shell:Creating prefix chain script '/home/kangim/robot_ws/install/setup.bash'
[17.205s] INFO:colcon.colcon_core.shell:Creating prefix script '/home/kangim/robot_ws/install/local_setup.zsh'
[17.208s] INFO:colcon.colcon_core.shell:Creating prefix chain script '/home/kangim/robot_ws/install/setup.zsh'
