[4.665s] Invoking command in '/home/kangim/robot_ws/build/pyros_git': PYTHONPATH=/home/kangim/robot_ws/build/pyros_git/prefix_override:/home/kangim/robot_ws/install/pyros_git/lib/python3.10/site-packages:${PYTHONPATH} /usr/bin/python3 setup.py develop --editable --build-directory /home/kangim/robot_ws/build/pyros_git/build --no-deps install_data
[6.081s] running develop
[6.667s] /usr/lib/python3/dist-packages/setuptools/command/easy_install.py:158: EasyInstallDeprecationWarning: easy_install command is deprecated. Use build and pip and other standards-based tools.
[6.667s]   warnings.warn(
[7.030s] /usr/lib/python3/dist-packages/setuptools/command/install.py:34: SetuptoolsDeprecationWarning: setup.py install is deprecated. Use build and pip and other standards-based tools.
[7.031s]   warnings.warn(
[7.976s] running egg_info
[7.977s] writing pyros_git.egg-info/PKG-INFO
[7.979s] writing dependency_links to pyros_git.egg-info/dependency_links.txt
[7.979s] writing entry points to pyros_git.egg-info/entry_points.txt
[7.980s] writing requirements to pyros_git.egg-info/requires.txt
[7.981s] writing top-level names to pyros_git.egg-info/top_level.txt
[7.990s] reading manifest file 'pyros_git.egg-info/SOURCES.txt'
[7.994s] writing manifest file 'pyros_git.egg-info/SOURCES.txt'
[8.001s] running build_ext
[8.002s] Creating /home/kangim/robot_ws/install/pyros_git/lib/python3.10/site-packages/pyros-git.egg-link (link to .)
[8.006s] Installing pypub_helloworld script to /home/kangim/robot_ws/install/pyros_git/lib/pyros_git
[8.007s] Installing pysub_helloworld script to /home/kangim/robot_ws/install/pyros_git/lib/pyros_git
[8.008s] 
[8.008s] Installed /home/kangim/robot_ws/build/pyros_git
[8.009s] running install_data
[8.158s] Invoked command in '/home/kangim/robot_ws/build/pyros_git' returned '0': PYTHONPATH=/home/kangim/robot_ws/build/pyros_git/prefix_override:/home/kangim/robot_ws/install/pyros_git/lib/python3.10/site-packages:${PYTHONPATH} /usr/bin/python3 setup.py develop --editable --build-directory /home/kangim/robot_ws/build/pyros_git/build --no-deps install_data
