[1.211s] Invoking command in '/home/kangim/robot_ws/build/cppros_git': CMAKE_PREFIX_PATH=${CMAKE_PREFIX_PATH}:/opt/ros/humble /usr/bin/cmake /home/kangim/robot_ws/src/cppros_git -DAMENT_CMAKE_SYMLINK_INSTALL=1 -DCMAKE_INSTALL_PREFIX=/home/kangim/robot_ws/install/cppros_git
[2.380s] -- The C compiler identification is GNU 11.4.0
[3.272s] -- The CXX compiler identification is GNU 11.4.0
[3.331s] -- Detecting C compiler ABI info
[3.790s] -- Detecting C compiler ABI info - done
[3.829s] -- Check for working C compiler: /usr/bin/cc - skipped
[3.832s] -- Detecting C compile features
[3.835s] -- Detecting C compile features - done
[3.859s] -- Detecting CXX compiler ABI info
[4.453s] -- Detecting CXX compiler ABI info - done
[4.507s] -- Check for working CXX compiler: /usr/bin/c++ - skipped
[4.509s] -- Detecting CXX compile features
[4.512s] -- Detecting CXX compile features - done
[4.568s] -- Found ament_cmake: 1.3.6 (/opt/ros/humble/share/ament_cmake/cmake)
[5.799s] -- Found Python3: /usr/bin/python3.10 (found version "3.10.12") found components: Interpreter 
[6.211s] -- Override CMake install command with custom implementation using symlinks instead of copying resources
[6.681s] -- Found rclcpp: 16.0.7 (/opt/ros/humble/share/rclcpp/cmake)
[7.176s] -- Found rosidl_generator_c: 3.1.5 (/opt/ros/humble/share/rosidl_generator_c/cmake)
[7.236s] -- Found rosidl_adapter: 3.1.5 (/opt/ros/humble/share/rosidl_adapter/cmake)
[7.320s] -- Found rosidl_generator_cpp: 3.1.5 (/opt/ros/humble/share/rosidl_generator_cpp/cmake)
[7.439s] -- Using all available rosidl_typesupport_c: rosidl_typesupport_fastrtps_c;rosidl_typesupport_introspection_c
[7.645s] -- Using all available rosidl_typesupport_cpp: rosidl_typesupport_fastrtps_cpp;rosidl_typesupport_introspection_cpp
[8.248s] -- Found rmw_implementation_cmake: 6.1.1 (/opt/ros/humble/share/rmw_implementation_cmake/cmake)
[8.280s] -- Found rmw_fastrtps_cpp: 6.2.5 (/opt/ros/humble/share/rmw_fastrtps_cpp/cmake)
[9.076s] -- Found OpenSSL: /usr/lib/aarch64-linux-gnu/libcrypto.so (found version "3.0.2")  
[9.403s] -- Found FastRTPS: /opt/ros/humble/include  
[9.926s] -- Using RMW implementation 'rmw_fastrtps_cpp' as default
[10.029s] -- Looking for pthread.h
[10.446s] -- Looking for pthread.h - found
[10.451s] -- Performing Test CMAKE_HAVE_LIBC_PTHREAD
[10.848s] -- Performing Test CMAKE_HAVE_LIBC_PTHREAD - Success
[10.855s] -- Found Threads: TRUE  
[11.842s] -- Found ament_lint_auto: 0.12.9 (/opt/ros/humble/share/ament_lint_auto/cmake)
[12.380s] -- Added test 'cppcheck' to perform static code analysis on C / C++ code
[12.380s] -- Configured cppcheck include dirs: 
[12.381s] -- Configured cppcheck exclude dirs and/or files: 
[12.387s] -- Added test 'lint_cmake' to check CMake code style
[12.397s] -- Added test 'uncrustify' to check C / C++ code style
[12.398s] -- Configured uncrustify additional arguments: 
[12.401s] -- Added test 'xmllint' to check XML markup files
[12.411s] -- Configuring done
[12.494s] -- Generating done
[12.502s] -- Build files have been written to: /home/kangim/robot_ws/build/cppros_git
[12.545s] Invoked command in '/home/kangim/robot_ws/build/cppros_git' returned '0': CMAKE_PREFIX_PATH=${CMAKE_PREFIX_PATH}:/opt/ros/humble /usr/bin/cmake /home/kangim/robot_ws/src/cppros_git -DAMENT_CMAKE_SYMLINK_INSTALL=1 -DCMAKE_INSTALL_PREFIX=/home/kangim/robot_ws/install/cppros_git
[12.554s] Invoking command in '/home/kangim/robot_ws/build/cppros_git': CMAKE_PREFIX_PATH=${CMAKE_PREFIX_PATH}:/opt/ros/humble /usr/bin/cmake --build /home/kangim/robot_ws/build/cppros_git -- -j4 -l4
[12.795s] [ 25%] [32mBuilding CXX object CMakeFiles/cpppub_helloworld.dir/src/cpppub_helloworld.cpp.o[0m
[12.801s] [ 50%] [32mBuilding CXX object CMakeFiles/cppsub_helloworld.dir/src/cppsub_helloworld.cpp.o[0m
[36.891s] [ 75%] [32m[1mLinking CXX executable cpppub_helloworld[0m
[38.159s] [ 75%] Built target cpppub_helloworld
[54.046s] [100%] [32m[1mLinking CXX executable cppsub_helloworld[0m
[55.940s] [100%] Built target cppsub_helloworld
[55.988s] Invoked command in '/home/kangim/robot_ws/build/cppros_git' returned '0': CMAKE_PREFIX_PATH=${CMAKE_PREFIX_PATH}:/opt/ros/humble /usr/bin/cmake --build /home/kangim/robot_ws/build/cppros_git -- -j4 -l4
[56.170s] Invoking command in '/home/kangim/robot_ws/build/cppros_git': CMAKE_PREFIX_PATH=${CMAKE_PREFIX_PATH}:/opt/ros/humble /usr/bin/cmake --install /home/kangim/robot_ws/build/cppros_git
[56.202s] -- Install configuration: ""
[56.205s] -- Execute custom install script
[56.208s] -- Symlinking: /home/kangim/robot_ws/install/cppros_git/lib/cppros_git/cpppub_helloworld
[56.246s] -- Symlinking: /home/kangim/robot_ws/install/cppros_git/lib/cppros_git/cppsub_helloworld
[56.286s] -- Symlinking: /home/kangim/robot_ws/install/cppros_git/share/ament_index/resource_index/package_run_dependencies/cppros_git
[56.322s] -- Symlinking: /home/kangim/robot_ws/install/cppros_git/share/ament_index/resource_index/parent_prefix_path/cppros_git
[56.363s] -- Symlinking: /home/kangim/robot_ws/install/cppros_git/share/cppros_git/environment/ament_prefix_path.sh
[56.401s] -- Symlinking: /home/kangim/robot_ws/install/cppros_git/share/cppros_git/environment/ament_prefix_path.dsv
[56.438s] -- Symlinking: /home/kangim/robot_ws/install/cppros_git/share/cppros_git/environment/path.sh
[56.477s] -- Symlinking: /home/kangim/robot_ws/install/cppros_git/share/cppros_git/environment/path.dsv
[56.515s] -- Symlinking: /home/kangim/robot_ws/install/cppros_git/share/cppros_git/local_setup.bash
[56.552s] -- Symlinking: /home/kangim/robot_ws/install/cppros_git/share/cppros_git/local_setup.sh
[56.591s] -- Symlinking: /home/kangim/robot_ws/install/cppros_git/share/cppros_git/local_setup.zsh
[56.626s] -- Symlinking: /home/kangim/robot_ws/install/cppros_git/share/cppros_git/local_setup.dsv
[56.665s] -- Symlinking: /home/kangim/robot_ws/install/cppros_git/share/cppros_git/package.dsv
[56.703s] -- Symlinking: /home/kangim/robot_ws/install/cppros_git/share/ament_index/resource_index/packages/cppros_git
[56.739s] -- Symlinking: /home/kangim/robot_ws/install/cppros_git/share/cppros_git/cmake/cppros_gitConfig.cmake
[56.778s] -- Symlinking: /home/kangim/robot_ws/install/cppros_git/share/cppros_git/cmake/cppros_gitConfig-version.cmake
[56.814s] -- Symlinking: /home/kangim/robot_ws/install/cppros_git/share/cppros_git/package.xml
[56.857s] Invoked command in '/home/kangim/robot_ws/build/cppros_git' returned '0': CMAKE_PREFIX_PATH=${CMAKE_PREFIX_PATH}:/opt/ros/humble /usr/bin/cmake --install /home/kangim/robot_ws/build/cppros_git
