[5.251s] DEBUG:colcon:Command line arguments: ['/usr/bin/colcon', 'build', '--symlink-install']
[5.251s] DEBUG:colcon:Parsed command line arguments: Namespace(log_base=None, log_level=None, verb_name='build', build_base='build', install_base='install', merge_install=False, symlink_install=True, test_result_base=None, continue_on_error=False, executor='parallel', parallel_workers=4, event_handlers=None, ignore_user_meta=False, metas=['./colcon.meta'], base_paths=['.'], packages_ignore=None, packages_ignore_regex=None, paths=None, packages_up_to=None, packages_up_to_regex=None, packages_above=None, packages_above_and_dependencies=None, packages_above_depth=None, packages_select_by_dep=None, packages_skip_by_dep=None, packages_skip_up_to=None, packages_select_build_failed=False, packages_skip_build_finished=False, packages_select_test_failures=False, packages_skip_test_passed=False, packages_select=None, packages_skip=None, packages_select_regex=None, packages_skip_regex=None, packages_start=None, packages_end=None, allow_overriding=[], cmake_args=None, cmake_target=None, cmake_target_skip_unavailable=False, cmake_clean_cache=False, cmake_clean_first=False, cmake_force_configure=False, ament_cmake_args=None, catkin_cmake_args=None, catkin_skip_building_tests=False, verb_parser=<colcon_defaults.argument_parser.defaults.DefaultArgumentsDecorator object at 0xffff89686cb0>, verb_extension=<colcon_core.verb.build.BuildVerb object at 0xffff89b1d030>, main=<bound method BuildVerb.main of <colcon_core.verb.build.BuildVerb object at 0xffff89b1d030>>)
[5.481s] Level 1:colcon.colcon_core.package_discovery:discover_packages(colcon_meta) check parameters
[5.481s] Level 1:colcon.colcon_core.package_discovery:discover_packages(recursive) check parameters
[5.482s] Level 1:colcon.colcon_core.package_discovery:discover_packages(ignore) check parameters
[5.482s] Level 1:colcon.colcon_core.package_discovery:discover_packages(path) check parameters
[5.482s] Level 1:colcon.colcon_core.package_discovery:discover_packages(colcon_meta) discover
[5.482s] Level 1:colcon.colcon_core.package_discovery:discover_packages(recursive) discover
[5.482s] INFO:colcon.colcon_core.package_discovery:Crawling recursively for packages in '/home/kangim/robot_ws'
[5.483s] Level 1:colcon.colcon_core.package_identification:_identify(.) by extensions ['ignore', 'ignore_ament_install']
[5.483s] Level 1:colcon.colcon_core.package_identification:_identify(.) by extension 'ignore'
[5.484s] Level 1:colcon.colcon_core.package_identification:_identify(.) by extension 'ignore_ament_install'
[5.484s] Level 1:colcon.colcon_core.package_identification:_identify(.) by extensions ['colcon_pkg']
[5.484s] Level 1:colcon.colcon_core.package_identification:_identify(.) by extension 'colcon_pkg'
[5.484s] Level 1:colcon.colcon_core.package_identification:_identify(.) by extensions ['colcon_meta']
[5.484s] Level 1:colcon.colcon_core.package_identification:_identify(.) by extension 'colcon_meta'
[5.484s] Level 1:colcon.colcon_core.package_identification:_identify(.) by extensions ['ros']
[5.485s] Level 1:colcon.colcon_core.package_identification:_identify(.) by extension 'ros'
[5.537s] Level 1:colcon.colcon_core.package_identification:_identify(.) by extensions ['cmake', 'python']
[5.538s] Level 1:colcon.colcon_core.package_identification:_identify(.) by extension 'cmake'
[5.538s] Level 1:colcon.colcon_core.package_identification:_identify(.) by extension 'python'
[5.538s] Level 1:colcon.colcon_core.package_identification:_identify(.) by extensions ['python_setup_py']
[5.538s] Level 1:colcon.colcon_core.package_identification:_identify(.) by extension 'python_setup_py'
[5.539s] Level 1:colcon.colcon_core.package_identification:_identify(build) by extensions ['ignore', 'ignore_ament_install']
[5.539s] Level 1:colcon.colcon_core.package_identification:_identify(build) by extension 'ignore'
[5.540s] Level 1:colcon.colcon_core.package_identification:_identify(build) ignored
[5.540s] Level 1:colcon.colcon_core.package_identification:_identify(install) by extensions ['ignore', 'ignore_ament_install']
[5.541s] Level 1:colcon.colcon_core.package_identification:_identify(install) by extension 'ignore'
[5.541s] Level 1:colcon.colcon_core.package_identification:_identify(install) ignored
[5.542s] Level 1:colcon.colcon_core.package_identification:_identify(log) by extensions ['ignore', 'ignore_ament_install']
[5.542s] Level 1:colcon.colcon_core.package_identification:_identify(log) by extension 'ignore'
[5.542s] Level 1:colcon.colcon_core.package_identification:_identify(log) ignored
[5.542s] Level 1:colcon.colcon_core.package_identification:_identify(src) by extensions ['ignore', 'ignore_ament_install']
[5.543s] Level 1:colcon.colcon_core.package_identification:_identify(src) by extension 'ignore'
[5.543s] Level 1:colcon.colcon_core.package_identification:_identify(src) by extension 'ignore_ament_install'
[5.543s] Level 1:colcon.colcon_core.package_identification:_identify(src) by extensions ['colcon_pkg']
[5.543s] Level 1:colcon.colcon_core.package_identification:_identify(src) by extension 'colcon_pkg'
[5.544s] Level 1:colcon.colcon_core.package_identification:_identify(src) by extensions ['colcon_meta']
[5.544s] Level 1:colcon.colcon_core.package_identification:_identify(src) by extension 'colcon_meta'
[5.544s] Level 1:colcon.colcon_core.package_identification:_identify(src) by extensions ['ros']
[5.544s] Level 1:colcon.colcon_core.package_identification:_identify(src) by extension 'ros'
[5.544s] Level 1:colcon.colcon_core.package_identification:_identify(src) by extensions ['cmake', 'python']
[5.545s] Level 1:colcon.colcon_core.package_identification:_identify(src) by extension 'cmake'
[5.545s] Level 1:colcon.colcon_core.package_identification:_identify(src) by extension 'python'
[5.545s] Level 1:colcon.colcon_core.package_identification:_identify(src) by extensions ['python_setup_py']
[5.545s] Level 1:colcon.colcon_core.package_identification:_identify(src) by extension 'python_setup_py'
[5.546s] Level 1:colcon.colcon_core.package_identification:_identify(src/cppros_git) by extensions ['ignore', 'ignore_ament_install']
[5.546s] Level 1:colcon.colcon_core.package_identification:_identify(src/cppros_git) by extension 'ignore'
[5.546s] Level 1:colcon.colcon_core.package_identification:_identify(src/cppros_git) by extension 'ignore_ament_install'
[5.546s] Level 1:colcon.colcon_core.package_identification:_identify(src/cppros_git) by extensions ['colcon_pkg']
[5.547s] Level 1:colcon.colcon_core.package_identification:_identify(src/cppros_git) by extension 'colcon_pkg'
[5.547s] Level 1:colcon.colcon_core.package_identification:_identify(src/cppros_git) by extensions ['colcon_meta']
[5.547s] Level 1:colcon.colcon_core.package_identification:_identify(src/cppros_git) by extension 'colcon_meta'
[5.547s] Level 1:colcon.colcon_core.package_identification:_identify(src/cppros_git) by extensions ['ros']
[5.547s] Level 1:colcon.colcon_core.package_identification:_identify(src/cppros_git) by extension 'ros'
[5.558s] DEBUG:colcon.colcon_core.package_identification:Package 'src/cppros_git' with type 'ros.ament_cmake' and name 'cppros_git'
[5.558s] Level 1:colcon.colcon_core.package_identification:_identify(src/pyros_git) by extensions ['ignore', 'ignore_ament_install']
[5.559s] Level 1:colcon.colcon_core.package_identification:_identify(src/pyros_git) by extension 'ignore'
[5.559s] Level 1:colcon.colcon_core.package_identification:_identify(src/pyros_git) by extension 'ignore_ament_install'
[5.560s] Level 1:colcon.colcon_core.package_identification:_identify(src/pyros_git) by extensions ['colcon_pkg']
[5.560s] Level 1:colcon.colcon_core.package_identification:_identify(src/pyros_git) by extension 'colcon_pkg'
[5.560s] Level 1:colcon.colcon_core.package_identification:_identify(src/pyros_git) by extensions ['colcon_meta']
[5.560s] Level 1:colcon.colcon_core.package_identification:_identify(src/pyros_git) by extension 'colcon_meta'
[5.560s] Level 1:colcon.colcon_core.package_identification:_identify(src/pyros_git) by extensions ['ros']
[5.560s] Level 1:colcon.colcon_core.package_identification:_identify(src/pyros_git) by extension 'ros'
[5.563s] DEBUG:colcon.colcon_core.package_identification:Package 'src/pyros_git' with type 'ros.ament_python' and name 'pyros_git'
[5.563s] Level 1:colcon.colcon_core.package_discovery:discover_packages(recursive) using defaults
[5.564s] Level 1:colcon.colcon_core.package_discovery:discover_packages(ignore) discover
[5.564s] Level 1:colcon.colcon_core.package_discovery:discover_packages(ignore) using defaults
[5.564s] Level 1:colcon.colcon_core.package_discovery:discover_packages(path) discover
[5.564s] Level 1:colcon.colcon_core.package_discovery:discover_packages(path) using defaults
[6.017s] Level 1:colcon.colcon_core.package_discovery:discover_packages(prefix_path) check parameters
[6.017s] Level 1:colcon.colcon_core.package_discovery:discover_packages(prefix_path) discover
[6.169s] DEBUG:colcon.colcon_installed_package_information.package_discovery:Found 3 installed packages in /home/kangim/robot_ws/install
[6.253s] DEBUG:colcon.colcon_installed_package_information.package_discovery:Found 270 installed packages in /opt/ros/humble
[6.260s] Level 1:colcon.colcon_core.package_discovery:discover_packages(prefix_path) using defaults
[6.719s] Level 5:colcon.colcon_core.verb:set package 'cppros_git' build argument 'cmake_args' from command line to 'None'
[6.720s] Level 5:colcon.colcon_core.verb:set package 'cppros_git' build argument 'cmake_target' from command line to 'None'
[6.720s] Level 5:colcon.colcon_core.verb:set package 'cppros_git' build argument 'cmake_target_skip_unavailable' from command line to 'False'
[6.720s] Level 5:colcon.colcon_core.verb:set package 'cppros_git' build argument 'cmake_clean_cache' from command line to 'False'
[6.720s] Level 5:colcon.colcon_core.verb:set package 'cppros_git' build argument 'cmake_clean_first' from command line to 'False'
[6.720s] Level 5:colcon.colcon_core.verb:set package 'cppros_git' build argument 'cmake_force_configure' from command line to 'False'
[6.720s] Level 5:colcon.colcon_core.verb:set package 'cppros_git' build argument 'ament_cmake_args' from command line to 'None'
[6.720s] Level 5:colcon.colcon_core.verb:set package 'cppros_git' build argument 'catkin_cmake_args' from command line to 'None'
[6.720s] Level 5:colcon.colcon_core.verb:set package 'cppros_git' build argument 'catkin_skip_building_tests' from command line to 'False'
[6.721s] DEBUG:colcon.colcon_core.verb:Building package 'cppros_git' with the following arguments: {'ament_cmake_args': None, 'build_base': '/home/kangim/robot_ws/build/cppros_git', 'catkin_cmake_args': None, 'catkin_skip_building_tests': False, 'cmake_args': None, 'cmake_clean_cache': False, 'cmake_clean_first': False, 'cmake_force_configure': False, 'cmake_target': None, 'cmake_target_skip_unavailable': False, 'install_base': '/home/kangim/robot_ws/install/cppros_git', 'merge_install': False, 'path': '/home/kangim/robot_ws/src/cppros_git', 'symlink_install': True, 'test_result_base': None}
[6.794s] Level 5:colcon.colcon_core.verb:set package 'pyros_git' build argument 'cmake_args' from command line to 'None'
[6.795s] Level 5:colcon.colcon_core.verb:set package 'pyros_git' build argument 'cmake_target' from command line to 'None'
[6.795s] Level 5:colcon.colcon_core.verb:set package 'pyros_git' build argument 'cmake_target_skip_unavailable' from command line to 'False'
[6.795s] Level 5:colcon.colcon_core.verb:set package 'pyros_git' build argument 'cmake_clean_cache' from command line to 'False'
[6.795s] Level 5:colcon.colcon_core.verb:set package 'pyros_git' build argument 'cmake_clean_first' from command line to 'False'
[6.795s] Level 5:colcon.colcon_core.verb:set package 'pyros_git' build argument 'cmake_force_configure' from command line to 'False'
[6.796s] Level 5:colcon.colcon_core.verb:set package 'pyros_git' build argument 'ament_cmake_args' from command line to 'None'
[6.796s] Level 5:colcon.colcon_core.verb:set package 'pyros_git' build argument 'catkin_cmake_args' from command line to 'None'
[6.796s] Level 5:colcon.colcon_core.verb:set package 'pyros_git' build argument 'catkin_skip_building_tests' from command line to 'False'
[6.796s] DEBUG:colcon.colcon_core.verb:Building package 'pyros_git' with the following arguments: {'ament_cmake_args': None, 'build_base': '/home/kangim/robot_ws/build/pyros_git', 'catkin_cmake_args': None, 'catkin_skip_building_tests': False, 'cmake_args': None, 'cmake_clean_cache': False, 'cmake_clean_first': False, 'cmake_force_configure': False, 'cmake_target': None, 'cmake_target_skip_unavailable': False, 'install_base': '/home/kangim/robot_ws/install/pyros_git', 'merge_install': False, 'path': '/home/kangim/robot_ws/src/pyros_git', 'symlink_install': True, 'test_result_base': None}
[6.867s] INFO:colcon.colcon_core.executor:Executing jobs using 'parallel' executor
[6.944s] DEBUG:colcon.colcon_parallel_executor.executor.parallel:run_until_complete
[6.945s] INFO:colcon.colcon_ros.task.ament_cmake.build:Building ROS package in '/home/kangim/robot_ws/src/cppros_git' with build type 'ament_cmake'
[6.946s] INFO:colcon.colcon_cmake.task.cmake.build:Building CMake package in '/home/kangim/robot_ws/src/cppros_git'
[7.034s] INFO:colcon.colcon_core.plugin_system:Skipping extension 'colcon_core.shell.bat': Not used on non-Windows systems
[7.035s] INFO:colcon.colcon_core.shell:Skip shell extension 'powershell' for command environment: Not usable outside of PowerShell
[7.035s] DEBUG:colcon.colcon_core.shell:Skip shell extension 'dsv' for command environment
[7.333s] INFO:colcon.colcon_ros.task.ament_python.build:Building ROS package in '/home/kangim/robot_ws/src/pyros_git' with build type 'ament_python'
[7.334s] Level 1:colcon.colcon_core.shell:create_environment_hook('pyros_git', 'ament_prefix_path')
[7.423s] INFO:colcon.colcon_core.shell:Creating environment hook '/home/kangim/robot_ws/install/pyros_git/share/pyros_git/hook/ament_prefix_path.ps1'
[7.426s] INFO:colcon.colcon_core.shell:Creating environment descriptor '/home/kangim/robot_ws/install/pyros_git/share/pyros_git/hook/ament_prefix_path.dsv'
[7.428s] INFO:colcon.colcon_core.shell:Creating environment hook '/home/kangim/robot_ws/install/pyros_git/share/pyros_git/hook/ament_prefix_path.sh'
[7.505s] INFO:colcon.colcon_core.shell:Skip shell extension 'powershell' for command environment: Not usable outside of PowerShell
[7.506s] DEBUG:colcon.colcon_core.shell:Skip shell extension 'dsv' for command environment
[7.784s] DEBUG:colcon.colcon_core.event_handler.log_command:Invoking command in '/home/kangim/robot_ws/build/cppros_git': CMAKE_PREFIX_PATH=${CMAKE_PREFIX_PATH}:/home/kangim/robot_ws/install/pyros_git:/opt/ros/humble /usr/bin/cmake --build /home/kangim/robot_ws/build/cppros_git -- -j4 -l4
[9.316s] INFO:colcon.colcon_core.task.python.build:Building Python package in '/home/kangim/robot_ws/src/pyros_git'
[9.395s] INFO:colcon.colcon_core.shell:Skip shell extension 'powershell' for command environment: Not usable outside of PowerShell
[9.396s] DEBUG:colcon.colcon_core.shell:Skip shell extension 'dsv' for command environment
[9.659s] DEBUG:colcon.colcon_core.event_handler.log_command:Invoked command in '/home/kangim/robot_ws/build/cppros_git' returned '0': CMAKE_PREFIX_PATH=${CMAKE_PREFIX_PATH}:/home/kangim/robot_ws/install/pyros_git:/opt/ros/humble /usr/bin/cmake --build /home/kangim/robot_ws/build/cppros_git -- -j4 -l4
[9.918s] DEBUG:colcon.colcon_core.event_handler.log_command:Invoking command in '/home/kangim/robot_ws/build/cppros_git': CMAKE_PREFIX_PATH=${CMAKE_PREFIX_PATH}:/home/kangim/robot_ws/install/pyros_git:/opt/ros/humble /usr/bin/cmake --install /home/kangim/robot_ws/build/cppros_git
[10.063s] Level 1:colcon.colcon_core.environment:create_environment_scripts_only(cppros_git)
[10.069s] DEBUG:colcon.colcon_core.event_handler.log_command:Invoked command in '/home/kangim/robot_ws/build/cppros_git' returned '0': CMAKE_PREFIX_PATH=${CMAKE_PREFIX_PATH}:/home/kangim/robot_ws/install/pyros_git:/opt/ros/humble /usr/bin/cmake --install /home/kangim/robot_ws/build/cppros_git
[10.233s] Level 1:colcon.colcon_core.environment:checking '/home/kangim/robot_ws/install/cppros_git' for CMake module files
[10.238s] Level 1:colcon.colcon_core.environment:checking '/home/kangim/robot_ws/install/cppros_git' for CMake config files
[10.241s] Level 1:colcon.colcon_core.shell:create_environment_hook('cppros_git', 'cmake_prefix_path')
[10.335s] INFO:colcon.colcon_core.shell:Creating environment hook '/home/kangim/robot_ws/install/cppros_git/share/cppros_git/hook/cmake_prefix_path.ps1'
[10.338s] INFO:colcon.colcon_core.shell:Creating environment descriptor '/home/kangim/robot_ws/install/cppros_git/share/cppros_git/hook/cmake_prefix_path.dsv'
[10.340s] INFO:colcon.colcon_core.shell:Creating environment hook '/home/kangim/robot_ws/install/cppros_git/share/cppros_git/hook/cmake_prefix_path.sh'
[10.346s] Level 1:colcon.colcon_core.environment:checking '/home/kangim/robot_ws/install/cppros_git/lib'
[10.348s] Level 1:colcon.colcon_core.environment:checking '/home/kangim/robot_ws/install/cppros_git/bin'
[10.348s] Level 1:colcon.colcon_core.environment:checking '/home/kangim/robot_ws/install/cppros_git/lib/pkgconfig/cppros_git.pc'
[10.349s] Level 1:colcon.colcon_core.environment:checking '/home/kangim/robot_ws/install/cppros_git/lib/python3.10/site-packages'
[10.351s] Level 1:colcon.colcon_core.environment:checking '/home/kangim/robot_ws/install/cppros_git/bin'
[10.435s] INFO:colcon.colcon_core.shell:Creating package script '/home/kangim/robot_ws/install/cppros_git/share/cppros_git/package.ps1'
[10.440s] INFO:colcon.colcon_core.shell:Creating package descriptor '/home/kangim/robot_ws/install/cppros_git/share/cppros_git/package.dsv'
[10.443s] INFO:colcon.colcon_core.shell:Creating package script '/home/kangim/robot_ws/install/cppros_git/share/cppros_git/package.sh'
[10.449s] INFO:colcon.colcon_core.shell:Creating package script '/home/kangim/robot_ws/install/cppros_git/share/cppros_git/package.bash'
[10.453s] INFO:colcon.colcon_core.shell:Creating package script '/home/kangim/robot_ws/install/cppros_git/share/cppros_git/package.zsh'
[10.457s] Level 1:colcon.colcon_core.environment:create_file_with_runtime_dependencies(/home/kangim/robot_ws/install/cppros_git/share/colcon-core/packages/cppros_git)
[10.733s] Level 1:colcon.colcon_core.environment:create_environment_scripts_only(cppros_git)
[10.822s] Level 1:colcon.colcon_core.environment:checking '/home/kangim/robot_ws/install/cppros_git' for CMake module files
[10.826s] Level 1:colcon.colcon_core.environment:checking '/home/kangim/robot_ws/install/cppros_git' for CMake config files
[10.829s] Level 1:colcon.colcon_core.shell:create_environment_hook('cppros_git', 'cmake_prefix_path')
[10.920s] INFO:colcon.colcon_core.shell:Creating environment hook '/home/kangim/robot_ws/install/cppros_git/share/cppros_git/hook/cmake_prefix_path.ps1'
[10.922s] INFO:colcon.colcon_core.shell:Creating environment descriptor '/home/kangim/robot_ws/install/cppros_git/share/cppros_git/hook/cmake_prefix_path.dsv'
[10.924s] INFO:colcon.colcon_core.shell:Creating environment hook '/home/kangim/robot_ws/install/cppros_git/share/cppros_git/hook/cmake_prefix_path.sh'
[10.927s] Level 1:colcon.colcon_core.environment:checking '/home/kangim/robot_ws/install/cppros_git/lib'
[10.928s] Level 1:colcon.colcon_core.environment:checking '/home/kangim/robot_ws/install/cppros_git/bin'
[10.928s] Level 1:colcon.colcon_core.environment:checking '/home/kangim/robot_ws/install/cppros_git/lib/pkgconfig/cppros_git.pc'
[10.929s] Level 1:colcon.colcon_core.environment:checking '/home/kangim/robot_ws/install/cppros_git/lib/python3.10/site-packages'
[10.930s] Level 1:colcon.colcon_core.environment:checking '/home/kangim/robot_ws/install/cppros_git/bin'
[11.028s] INFO:colcon.colcon_core.shell:Creating package script '/home/kangim/robot_ws/install/cppros_git/share/cppros_git/package.ps1'
[11.031s] INFO:colcon.colcon_core.shell:Creating package descriptor '/home/kangim/robot_ws/install/cppros_git/share/cppros_git/package.dsv'
[11.034s] INFO:colcon.colcon_core.shell:Creating package script '/home/kangim/robot_ws/install/cppros_git/share/cppros_git/package.sh'
[11.036s] INFO:colcon.colcon_core.shell:Creating package script '/home/kangim/robot_ws/install/cppros_git/share/cppros_git/package.bash'
[11.039s] INFO:colcon.colcon_core.shell:Creating package script '/home/kangim/robot_ws/install/cppros_git/share/cppros_git/package.zsh'
[11.042s] Level 1:colcon.colcon_core.environment:create_file_with_runtime_dependencies(/home/kangim/robot_ws/install/cppros_git/share/colcon-core/packages/cppros_git)
[11.750s] DEBUG:colcon.colcon_core.event_handler.log_command:Invoking command in '/home/kangim/robot_ws/build/pyros_git': PYTHONPATH=/home/kangim/robot_ws/build/pyros_git/prefix_override:/home/kangim/robot_ws/install/pyros_git/lib/python3.10/site-packages:${PYTHONPATH} /usr/bin/python3 setup.py develop --editable --build-directory /home/kangim/robot_ws/build/pyros_git/build --no-deps install_data
[14.378s] Level 1:colcon.colcon_core.shell:create_environment_hook('pyros_git', 'pythonpath_develop')
[14.380s] DEBUG:colcon.colcon_core.event_handler.log_command:Invoked command in '/home/kangim/robot_ws/build/pyros_git' returned '0': PYTHONPATH=/home/kangim/robot_ws/build/pyros_git/prefix_override:/home/kangim/robot_ws/install/pyros_git/lib/python3.10/site-packages:${PYTHONPATH} /usr/bin/python3 setup.py develop --editable --build-directory /home/kangim/robot_ws/build/pyros_git/build --no-deps install_data
[14.496s] INFO:colcon.colcon_core.shell:Creating environment hook '/home/kangim/robot_ws/build/pyros_git/share/pyros_git/hook/pythonpath_develop.ps1'
[14.498s] INFO:colcon.colcon_core.shell:Creating environment descriptor '/home/kangim/robot_ws/build/pyros_git/share/pyros_git/hook/pythonpath_develop.dsv'
[14.500s] INFO:colcon.colcon_core.shell:Creating environment hook '/home/kangim/robot_ws/build/pyros_git/share/pyros_git/hook/pythonpath_develop.sh'
[14.617s] Level 1:colcon.colcon_core.environment:checking '/home/kangim/robot_ws/install/pyros_git' for CMake module files
[14.619s] Level 1:colcon.colcon_core.environment:checking '/home/kangim/robot_ws/install/pyros_git' for CMake config files
[14.623s] Level 1:colcon.colcon_core.environment:checking '/home/kangim/robot_ws/install/pyros_git/lib'
[14.624s] Level 1:colcon.colcon_core.environment:checking '/home/kangim/robot_ws/install/pyros_git/bin'
[14.624s] Level 1:colcon.colcon_core.environment:checking '/home/kangim/robot_ws/install/pyros_git/lib/pkgconfig/pyros_git.pc'
[14.625s] Level 1:colcon.colcon_core.environment:checking '/home/kangim/robot_ws/install/pyros_git/lib/python3.10/site-packages'
[14.626s] Level 1:colcon.colcon_core.shell:create_environment_hook('pyros_git', 'pythonpath')
[14.741s] INFO:colcon.colcon_core.shell:Creating environment hook '/home/kangim/robot_ws/install/pyros_git/share/pyros_git/hook/pythonpath.ps1'
[14.744s] INFO:colcon.colcon_core.shell:Creating environment descriptor '/home/kangim/robot_ws/install/pyros_git/share/pyros_git/hook/pythonpath.dsv'
[14.746s] INFO:colcon.colcon_core.shell:Creating environment hook '/home/kangim/robot_ws/install/pyros_git/share/pyros_git/hook/pythonpath.sh'
[14.750s] Level 1:colcon.colcon_core.environment:checking '/home/kangim/robot_ws/install/pyros_git/bin'
[14.750s] Level 1:colcon.colcon_core.environment:create_environment_scripts_only(pyros_git)
[14.852s] INFO:colcon.colcon_core.shell:Creating package script '/home/kangim/robot_ws/install/pyros_git/share/pyros_git/package.ps1'
[14.855s] INFO:colcon.colcon_core.shell:Creating package descriptor '/home/kangim/robot_ws/install/pyros_git/share/pyros_git/package.dsv'
[14.858s] INFO:colcon.colcon_core.shell:Creating package script '/home/kangim/robot_ws/install/pyros_git/share/pyros_git/package.sh'
[14.860s] INFO:colcon.colcon_core.shell:Creating package script '/home/kangim/robot_ws/install/pyros_git/share/pyros_git/package.bash'
[14.862s] INFO:colcon.colcon_core.shell:Creating package script '/home/kangim/robot_ws/install/pyros_git/share/pyros_git/package.zsh'
[14.864s] Level 1:colcon.colcon_core.environment:create_file_with_runtime_dependencies(/home/kangim/robot_ws/install/pyros_git/share/colcon-core/packages/pyros_git)
[14.865s] DEBUG:colcon.colcon_parallel_executor.executor.parallel:closing loop
[14.866s] DEBUG:colcon.colcon_parallel_executor.executor.parallel:loop closed
[14.867s] DEBUG:colcon.colcon_parallel_executor.executor.parallel:run_until_complete finished with '0'
[14.867s] DEBUG:colcon.colcon_core.event_reactor:joining thread
[14.970s] INFO:colcon.colcon_core.plugin_system:Skipping extension 'colcon_notification.desktop_notification.terminal_notifier': Not used on non-Darwin systems
[14.970s] INFO:colcon.colcon_core.plugin_system:Skipping extension 'colcon_notification.desktop_notification.win32': Not used on non-Windows systems
[14.971s] INFO:colcon.colcon_notification.desktop_notification:Sending desktop notification using 'notify2'
[15.028s] DEBUG:colcon.colcon_core.event_reactor:joined thread
[15.128s] INFO:colcon.colcon_core.shell:Creating prefix script '/home/kangim/robot_ws/install/local_setup.ps1'
[15.133s] INFO:colcon.colcon_core.shell:Creating prefix util module '/home/kangim/robot_ws/install/_local_setup_util_ps1.py'
[15.140s] INFO:colcon.colcon_core.shell:Creating prefix chain script '/home/kangim/robot_ws/install/setup.ps1'
[15.226s] INFO:colcon.colcon_core.shell:Creating prefix script '/home/kangim/robot_ws/install/local_setup.sh'
[15.229s] INFO:colcon.colcon_core.shell:Creating prefix util module '/home/kangim/robot_ws/install/_local_setup_util_sh.py'
[15.231s] INFO:colcon.colcon_core.shell:Creating prefix chain script '/home/kangim/robot_ws/install/setup.sh'
[15.311s] INFO:colcon.colcon_core.shell:Creating prefix script '/home/kangim/robot_ws/install/local_setup.bash'
[15.314s] INFO:colcon.colcon_core.shell:Creating prefix chain script '/home/kangim/robot_ws/install/setup.bash'
[15.391s] INFO:colcon.colcon_core.shell:Creating prefix script '/home/kangim/robot_ws/install/local_setup.zsh'
[15.393s] INFO:colcon.colcon_core.shell:Creating prefix chain script '/home/kangim/robot_ws/install/setup.zsh'
