[5.201s] DEBUG:colcon:Command line arguments: ['/usr/bin/colcon', 'build', '--symlink-install']
[5.201s] DEBUG:colcon:Parsed command line arguments: Namespace(log_base=None, log_level=None, verb_name='build', build_base='build', install_base='install', merge_install=False, symlink_install=True, test_result_base=None, continue_on_error=False, executor='parallel', parallel_workers=4, event_handlers=None, ignore_user_meta=False, metas=['./colcon.meta'], base_paths=['.'], packages_ignore=None, packages_ignore_regex=None, paths=None, packages_up_to=None, packages_up_to_regex=None, packages_above=None, packages_above_and_dependencies=None, packages_above_depth=None, packages_select_by_dep=None, packages_skip_by_dep=None, packages_skip_up_to=None, packages_select_build_failed=False, packages_skip_build_finished=False, packages_select_test_failures=False, packages_skip_test_passed=False, packages_select=None, packages_skip=None, packages_select_regex=None, packages_skip_regex=None, packages_start=None, packages_end=None, allow_overriding=[], cmake_args=None, cmake_target=None, cmake_target_skip_unavailable=False, cmake_clean_cache=False, cmake_clean_first=False, cmake_force_configure=False, ament_cmake_args=None, catkin_cmake_args=None, catkin_skip_building_tests=False, verb_parser=<colcon_defaults.argument_parser.defaults.DefaultArgumentsDecorator object at 0xffff86aa7820>, verb_extension=<colcon_core.verb.build.BuildVerb object at 0xffff86d7add0>, main=<bound method BuildVerb.main of <colcon_core.verb.build.BuildVerb object at 0xffff86d7add0>>)
[5.438s] Level 1:colcon.colcon_core.package_discovery:discover_packages(colcon_meta) check parameters
[5.439s] Level 1:colcon.colcon_core.package_discovery:discover_packages(recursive) check parameters
[5.439s] Level 1:colcon.colcon_core.package_discovery:discover_packages(ignore) check parameters
[5.439s] Level 1:colcon.colcon_core.package_discovery:discover_packages(path) check parameters
[5.439s] Level 1:colcon.colcon_core.package_discovery:discover_packages(colcon_meta) discover
[5.439s] Level 1:colcon.colcon_core.package_discovery:discover_packages(recursive) discover
[5.439s] INFO:colcon.colcon_core.package_discovery:Crawling recursively for packages in '/home/kangim/robot_ws'
[5.440s] Level 1:colcon.colcon_core.package_identification:_identify(.) by extensions ['ignore', 'ignore_ament_install']
[5.440s] Level 1:colcon.colcon_core.package_identification:_identify(.) by extension 'ignore'
[5.441s] Level 1:colcon.colcon_core.package_identification:_identify(.) by extension 'ignore_ament_install'
[5.441s] Level 1:colcon.colcon_core.package_identification:_identify(.) by extensions ['colcon_pkg']
[5.441s] Level 1:colcon.colcon_core.package_identification:_identify(.) by extension 'colcon_pkg'
[5.441s] Level 1:colcon.colcon_core.package_identification:_identify(.) by extensions ['colcon_meta']
[5.441s] Level 1:colcon.colcon_core.package_identification:_identify(.) by extension 'colcon_meta'
[5.442s] Level 1:colcon.colcon_core.package_identification:_identify(.) by extensions ['ros']
[5.442s] Level 1:colcon.colcon_core.package_identification:_identify(.) by extension 'ros'
[5.492s] Level 1:colcon.colcon_core.package_identification:_identify(.) by extensions ['cmake', 'python']
[5.493s] Level 1:colcon.colcon_core.package_identification:_identify(.) by extension 'cmake'
[5.493s] Level 1:colcon.colcon_core.package_identification:_identify(.) by extension 'python'
[5.493s] Level 1:colcon.colcon_core.package_identification:_identify(.) by extensions ['python_setup_py']
[5.493s] Level 1:colcon.colcon_core.package_identification:_identify(.) by extension 'python_setup_py'
[5.494s] Level 1:colcon.colcon_core.package_identification:_identify(build) by extensions ['ignore', 'ignore_ament_install']
[5.494s] Level 1:colcon.colcon_core.package_identification:_identify(build) by extension 'ignore'
[5.494s] Level 1:colcon.colcon_core.package_identification:_identify(build) ignored
[5.495s] Level 1:colcon.colcon_core.package_identification:_identify(install) by extensions ['ignore', 'ignore_ament_install']
[5.496s] Level 1:colcon.colcon_core.package_identification:_identify(install) by extension 'ignore'
[5.496s] Level 1:colcon.colcon_core.package_identification:_identify(install) ignored
[5.496s] Level 1:colcon.colcon_core.package_identification:_identify(log) by extensions ['ignore', 'ignore_ament_install']
[5.497s] Level 1:colcon.colcon_core.package_identification:_identify(log) by extension 'ignore'
[5.497s] Level 1:colcon.colcon_core.package_identification:_identify(log) ignored
[5.497s] Level 1:colcon.colcon_core.package_identification:_identify(src) by extensions ['ignore', 'ignore_ament_install']
[5.498s] Level 1:colcon.colcon_core.package_identification:_identify(src) by extension 'ignore'
[5.498s] Level 1:colcon.colcon_core.package_identification:_identify(src) by extension 'ignore_ament_install'
[5.498s] Level 1:colcon.colcon_core.package_identification:_identify(src) by extensions ['colcon_pkg']
[5.498s] Level 1:colcon.colcon_core.package_identification:_identify(src) by extension 'colcon_pkg'
[5.499s] Level 1:colcon.colcon_core.package_identification:_identify(src) by extensions ['colcon_meta']
[5.499s] Level 1:colcon.colcon_core.package_identification:_identify(src) by extension 'colcon_meta'
[5.499s] Level 1:colcon.colcon_core.package_identification:_identify(src) by extensions ['ros']
[5.499s] Level 1:colcon.colcon_core.package_identification:_identify(src) by extension 'ros'
[5.499s] Level 1:colcon.colcon_core.package_identification:_identify(src) by extensions ['cmake', 'python']
[5.500s] Level 1:colcon.colcon_core.package_identification:_identify(src) by extension 'cmake'
[5.500s] Level 1:colcon.colcon_core.package_identification:_identify(src) by extension 'python'
[5.500s] Level 1:colcon.colcon_core.package_identification:_identify(src) by extensions ['python_setup_py']
[5.500s] Level 1:colcon.colcon_core.package_identification:_identify(src) by extension 'python_setup_py'
[5.501s] Level 1:colcon.colcon_core.package_identification:_identify(src/cppros_git) by extensions ['ignore', 'ignore_ament_install']
[5.501s] Level 1:colcon.colcon_core.package_identification:_identify(src/cppros_git) by extension 'ignore'
[5.501s] Level 1:colcon.colcon_core.package_identification:_identify(src/cppros_git) by extension 'ignore_ament_install'
[5.501s] Level 1:colcon.colcon_core.package_identification:_identify(src/cppros_git) by extensions ['colcon_pkg']
[5.502s] Level 1:colcon.colcon_core.package_identification:_identify(src/cppros_git) by extension 'colcon_pkg'
[5.502s] Level 1:colcon.colcon_core.package_identification:_identify(src/cppros_git) by extensions ['colcon_meta']
[5.502s] Level 1:colcon.colcon_core.package_identification:_identify(src/cppros_git) by extension 'colcon_meta'
[5.502s] Level 1:colcon.colcon_core.package_identification:_identify(src/cppros_git) by extensions ['ros']
[5.502s] Level 1:colcon.colcon_core.package_identification:_identify(src/cppros_git) by extension 'ros'
[5.513s] DEBUG:colcon.colcon_core.package_identification:Package 'src/cppros_git' with type 'ros.ament_cmake' and name 'cppros_git'
[5.513s] Level 1:colcon.colcon_core.package_identification:_identify(src/git_ros) by extensions ['ignore', 'ignore_ament_install']
[5.514s] Level 1:colcon.colcon_core.package_identification:_identify(src/git_ros) by extension 'ignore'
[5.514s] Level 1:colcon.colcon_core.package_identification:_identify(src/git_ros) by extension 'ignore_ament_install'
[5.514s] Level 1:colcon.colcon_core.package_identification:_identify(src/git_ros) by extensions ['colcon_pkg']
[5.515s] Level 1:colcon.colcon_core.package_identification:_identify(src/git_ros) by extension 'colcon_pkg'
[5.515s] Level 1:colcon.colcon_core.package_identification:_identify(src/git_ros) by extensions ['colcon_meta']
[5.515s] Level 1:colcon.colcon_core.package_identification:_identify(src/git_ros) by extension 'colcon_meta'
[5.515s] Level 1:colcon.colcon_core.package_identification:_identify(src/git_ros) by extensions ['ros']
[5.515s] Level 1:colcon.colcon_core.package_identification:_identify(src/git_ros) by extension 'ros'
[5.518s] DEBUG:colcon.colcon_core.package_identification:Package 'src/git_ros' with type 'ros.ament_cmake' and name 'git_ros'
[5.519s] Level 1:colcon.colcon_core.package_identification:_identify(src/pyros_git) by extensions ['ignore', 'ignore_ament_install']
[5.519s] Level 1:colcon.colcon_core.package_identification:_identify(src/pyros_git) by extension 'ignore'
[5.519s] Level 1:colcon.colcon_core.package_identification:_identify(src/pyros_git) by extension 'ignore_ament_install'
[5.519s] Level 1:colcon.colcon_core.package_identification:_identify(src/pyros_git) by extensions ['colcon_pkg']
[5.520s] Level 1:colcon.colcon_core.package_identification:_identify(src/pyros_git) by extension 'colcon_pkg'
[5.520s] Level 1:colcon.colcon_core.package_identification:_identify(src/pyros_git) by extensions ['colcon_meta']
[5.520s] Level 1:colcon.colcon_core.package_identification:_identify(src/pyros_git) by extension 'colcon_meta'
[5.520s] Level 1:colcon.colcon_core.package_identification:_identify(src/pyros_git) by extensions ['ros']
[5.520s] Level 1:colcon.colcon_core.package_identification:_identify(src/pyros_git) by extension 'ros'
[5.523s] DEBUG:colcon.colcon_core.package_identification:Package 'src/pyros_git' with type 'ros.ament_python' and name 'pyros_git'
[5.523s] Level 1:colcon.colcon_core.package_discovery:discover_packages(recursive) using defaults
[5.524s] Level 1:colcon.colcon_core.package_discovery:discover_packages(ignore) discover
[5.524s] Level 1:colcon.colcon_core.package_discovery:discover_packages(ignore) using defaults
[5.524s] Level 1:colcon.colcon_core.package_discovery:discover_packages(path) discover
[5.524s] Level 1:colcon.colcon_core.package_discovery:discover_packages(path) using defaults
[6.076s] Level 1:colcon.colcon_core.package_discovery:discover_packages(prefix_path) check parameters
[6.077s] Level 1:colcon.colcon_core.package_discovery:discover_packages(prefix_path) discover
[6.237s] DEBUG:colcon.colcon_installed_package_information.package_discovery:Found 3 installed packages in /home/kangim/robot_ws/install
[6.322s] DEBUG:colcon.colcon_installed_package_information.package_discovery:Found 270 installed packages in /opt/ros/humble
[6.329s] Level 1:colcon.colcon_core.package_discovery:discover_packages(prefix_path) using defaults
[6.926s] Level 5:colcon.colcon_core.verb:set package 'cppros_git' build argument 'cmake_args' from command line to 'None'
[6.927s] Level 5:colcon.colcon_core.verb:set package 'cppros_git' build argument 'cmake_target' from command line to 'None'
[6.927s] Level 5:colcon.colcon_core.verb:set package 'cppros_git' build argument 'cmake_target_skip_unavailable' from command line to 'False'
[6.928s] Level 5:colcon.colcon_core.verb:set package 'cppros_git' build argument 'cmake_clean_cache' from command line to 'False'
[6.928s] Level 5:colcon.colcon_core.verb:set package 'cppros_git' build argument 'cmake_clean_first' from command line to 'False'
[6.929s] Level 5:colcon.colcon_core.verb:set package 'cppros_git' build argument 'cmake_force_configure' from command line to 'False'
[6.929s] Level 5:colcon.colcon_core.verb:set package 'cppros_git' build argument 'ament_cmake_args' from command line to 'None'
[6.930s] Level 5:colcon.colcon_core.verb:set package 'cppros_git' build argument 'catkin_cmake_args' from command line to 'None'
[6.930s] Level 5:colcon.colcon_core.verb:set package 'cppros_git' build argument 'catkin_skip_building_tests' from command line to 'False'
[6.930s] DEBUG:colcon.colcon_core.verb:Building package 'cppros_git' with the following arguments: {'ament_cmake_args': None, 'build_base': '/home/kangim/robot_ws/build/cppros_git', 'catkin_cmake_args': None, 'catkin_skip_building_tests': False, 'cmake_args': None, 'cmake_clean_cache': False, 'cmake_clean_first': False, 'cmake_force_configure': False, 'cmake_target': None, 'cmake_target_skip_unavailable': False, 'install_base': '/home/kangim/robot_ws/install/cppros_git', 'merge_install': False, 'path': '/home/kangim/robot_ws/src/cppros_git', 'symlink_install': True, 'test_result_base': None}
[7.095s] Level 5:colcon.colcon_core.verb:set package 'git_ros' build argument 'cmake_args' from command line to 'None'
[7.096s] Level 5:colcon.colcon_core.verb:set package 'git_ros' build argument 'cmake_target' from command line to 'None'
[7.096s] Level 5:colcon.colcon_core.verb:set package 'git_ros' build argument 'cmake_target_skip_unavailable' from command line to 'False'
[7.096s] Level 5:colcon.colcon_core.verb:set package 'git_ros' build argument 'cmake_clean_cache' from command line to 'False'
[7.096s] Level 5:colcon.colcon_core.verb:set package 'git_ros' build argument 'cmake_clean_first' from command line to 'False'
[7.096s] Level 5:colcon.colcon_core.verb:set package 'git_ros' build argument 'cmake_force_configure' from command line to 'False'
[7.097s] Level 5:colcon.colcon_core.verb:set package 'git_ros' build argument 'ament_cmake_args' from command line to 'None'
[7.097s] Level 5:colcon.colcon_core.verb:set package 'git_ros' build argument 'catkin_cmake_args' from command line to 'None'
[7.097s] Level 5:colcon.colcon_core.verb:set package 'git_ros' build argument 'catkin_skip_building_tests' from command line to 'False'
[7.097s] DEBUG:colcon.colcon_core.verb:Building package 'git_ros' with the following arguments: {'ament_cmake_args': None, 'build_base': '/home/kangim/robot_ws/build/git_ros', 'catkin_cmake_args': None, 'catkin_skip_building_tests': False, 'cmake_args': None, 'cmake_clean_cache': False, 'cmake_clean_first': False, 'cmake_force_configure': False, 'cmake_target': None, 'cmake_target_skip_unavailable': False, 'install_base': '/home/kangim/robot_ws/install/git_ros', 'merge_install': False, 'path': '/home/kangim/robot_ws/src/git_ros', 'symlink_install': True, 'test_result_base': None}
[7.289s] Level 5:colcon.colcon_core.verb:set package 'pyros_git' build argument 'cmake_args' from command line to 'None'
[7.290s] Level 5:colcon.colcon_core.verb:set package 'pyros_git' build argument 'cmake_target' from command line to 'None'
[7.290s] Level 5:colcon.colcon_core.verb:set package 'pyros_git' build argument 'cmake_target_skip_unavailable' from command line to 'False'
[7.290s] Level 5:colcon.colcon_core.verb:set package 'pyros_git' build argument 'cmake_clean_cache' from command line to 'False'
[7.290s] Level 5:colcon.colcon_core.verb:set package 'pyros_git' build argument 'cmake_clean_first' from command line to 'False'
[7.290s] Level 5:colcon.colcon_core.verb:set package 'pyros_git' build argument 'cmake_force_configure' from command line to 'False'
[7.290s] Level 5:colcon.colcon_core.verb:set package 'pyros_git' build argument 'ament_cmake_args' from command line to 'None'
[7.291s] Level 5:colcon.colcon_core.verb:set package 'pyros_git' build argument 'catkin_cmake_args' from command line to 'None'
[7.291s] Level 5:colcon.colcon_core.verb:set package 'pyros_git' build argument 'catkin_skip_building_tests' from command line to 'False'
[7.291s] DEBUG:colcon.colcon_core.verb:Building package 'pyros_git' with the following arguments: {'ament_cmake_args': None, 'build_base': '/home/kangim/robot_ws/build/pyros_git', 'catkin_cmake_args': None, 'catkin_skip_building_tests': False, 'cmake_args': None, 'cmake_clean_cache': False, 'cmake_clean_first': False, 'cmake_force_configure': False, 'cmake_target': None, 'cmake_target_skip_unavailable': False, 'install_base': '/home/kangim/robot_ws/install/pyros_git', 'merge_install': False, 'path': '/home/kangim/robot_ws/src/pyros_git', 'symlink_install': True, 'test_result_base': None}
[7.463s] INFO:colcon.colcon_core.executor:Executing jobs using 'parallel' executor
[7.541s] DEBUG:colcon.colcon_parallel_executor.executor.parallel:run_until_complete
[7.542s] INFO:colcon.colcon_ros.task.ament_cmake.build:Building ROS package in '/home/kangim/robot_ws/src/cppros_git' with build type 'ament_cmake'
[7.543s] INFO:colcon.colcon_cmake.task.cmake.build:Building CMake package in '/home/kangim/robot_ws/src/cppros_git'
[7.692s] INFO:colcon.colcon_core.plugin_system:Skipping extension 'colcon_core.shell.bat': Not used on non-Windows systems
[7.694s] INFO:colcon.colcon_core.shell:Skip shell extension 'powershell' for command environment: Not usable outside of PowerShell
[7.694s] DEBUG:colcon.colcon_core.shell:Skip shell extension 'dsv' for command environment
[7.960s] INFO:colcon.colcon_ros.task.ament_cmake.build:Building ROS package in '/home/kangim/robot_ws/src/git_ros' with build type 'ament_cmake'
[7.961s] INFO:colcon.colcon_cmake.task.cmake.build:Building CMake package in '/home/kangim/robot_ws/src/git_ros'
[8.054s] INFO:colcon.colcon_core.shell:Skip shell extension 'powershell' for command environment: Not usable outside of PowerShell
[8.054s] DEBUG:colcon.colcon_core.shell:Skip shell extension 'dsv' for command environment
[8.319s] INFO:colcon.colcon_ros.task.ament_python.build:Building ROS package in '/home/kangim/robot_ws/src/pyros_git' with build type 'ament_python'
[8.320s] Level 1:colcon.colcon_core.shell:create_environment_hook('pyros_git', 'ament_prefix_path')
[8.414s] INFO:colcon.colcon_core.shell:Creating environment hook '/home/kangim/robot_ws/install/pyros_git/share/pyros_git/hook/ament_prefix_path.ps1'
[8.417s] INFO:colcon.colcon_core.shell:Creating environment descriptor '/home/kangim/robot_ws/install/pyros_git/share/pyros_git/hook/ament_prefix_path.dsv'
[8.420s] INFO:colcon.colcon_core.shell:Creating environment hook '/home/kangim/robot_ws/install/pyros_git/share/pyros_git/hook/ament_prefix_path.sh'
[8.502s] INFO:colcon.colcon_core.shell:Skip shell extension 'powershell' for command environment: Not usable outside of PowerShell
[8.503s] DEBUG:colcon.colcon_core.shell:Skip shell extension 'dsv' for command environment
[8.777s] DEBUG:colcon.colcon_core.event_handler.log_command:Invoking command in '/home/kangim/robot_ws/build/cppros_git': CMAKE_PREFIX_PATH=${CMAKE_PREFIX_PATH}:/home/kangim/robot_ws/install/pyros_git:/opt/ros/humble /usr/bin/cmake --build /home/kangim/robot_ws/build/cppros_git -- -j4 -l4
[8.811s] DEBUG:colcon.colcon_core.event_handler.log_command:Invoking command in '/home/kangim/robot_ws/build/git_ros': CMAKE_PREFIX_PATH=${CMAKE_PREFIX_PATH}:/home/kangim/robot_ws/install/pyros_git:/opt/ros/humble /usr/bin/cmake --build /home/kangim/robot_ws/build/git_ros -- -j4 -l4
[10.496s] INFO:colcon.colcon_core.task.python.build:Building Python package in '/home/kangim/robot_ws/src/pyros_git'
[10.578s] INFO:colcon.colcon_core.shell:Skip shell extension 'powershell' for command environment: Not usable outside of PowerShell
[10.578s] DEBUG:colcon.colcon_core.shell:Skip shell extension 'dsv' for command environment
[10.842s] DEBUG:colcon.colcon_core.event_handler.log_command:Invoked command in '/home/kangim/robot_ws/build/git_ros' returned '0': CMAKE_PREFIX_PATH=${CMAKE_PREFIX_PATH}:/home/kangim/robot_ws/install/pyros_git:/opt/ros/humble /usr/bin/cmake --build /home/kangim/robot_ws/build/git_ros -- -j4 -l4
[10.849s] DEBUG:colcon.colcon_core.event_handler.log_command:Invoked command in '/home/kangim/robot_ws/build/cppros_git' returned '0': CMAKE_PREFIX_PATH=${CMAKE_PREFIX_PATH}:/home/kangim/robot_ws/install/pyros_git:/opt/ros/humble /usr/bin/cmake --build /home/kangim/robot_ws/build/cppros_git -- -j4 -l4
[11.094s] DEBUG:colcon.colcon_core.event_handler.log_command:Invoking command in '/home/kangim/robot_ws/build/git_ros': CMAKE_PREFIX_PATH=${CMAKE_PREFIX_PATH}:/home/kangim/robot_ws/install/pyros_git:/opt/ros/humble /usr/bin/cmake --install /home/kangim/robot_ws/build/git_ros
[11.111s] DEBUG:colcon.colcon_core.event_handler.log_command:Invoking command in '/home/kangim/robot_ws/build/cppros_git': CMAKE_PREFIX_PATH=${CMAKE_PREFIX_PATH}:/home/kangim/robot_ws/install/pyros_git:/opt/ros/humble /usr/bin/cmake --install /home/kangim/robot_ws/build/cppros_git
[11.209s] Level 1:colcon.colcon_core.environment:create_environment_scripts_only(git_ros)
[11.228s] DEBUG:colcon.colcon_core.event_handler.log_command:Invoked command in '/home/kangim/robot_ws/build/git_ros' returned '0': CMAKE_PREFIX_PATH=${CMAKE_PREFIX_PATH}:/home/kangim/robot_ws/install/pyros_git:/opt/ros/humble /usr/bin/cmake --install /home/kangim/robot_ws/build/git_ros
[11.358s] Level 1:colcon.colcon_core.environment:checking '/home/kangim/robot_ws/install/git_ros' for CMake module files
[11.363s] Level 1:colcon.colcon_core.environment:checking '/home/kangim/robot_ws/install/git_ros' for CMake config files
[11.366s] Level 1:colcon.colcon_core.shell:create_environment_hook('git_ros', 'cmake_prefix_path')
[11.460s] INFO:colcon.colcon_core.shell:Creating environment hook '/home/kangim/robot_ws/install/git_ros/share/git_ros/hook/cmake_prefix_path.ps1'
[11.462s] INFO:colcon.colcon_core.shell:Creating environment descriptor '/home/kangim/robot_ws/install/git_ros/share/git_ros/hook/cmake_prefix_path.dsv'
[11.464s] INFO:colcon.colcon_core.shell:Creating environment hook '/home/kangim/robot_ws/install/git_ros/share/git_ros/hook/cmake_prefix_path.sh'
[11.468s] Level 1:colcon.colcon_core.environment:checking '/home/kangim/robot_ws/install/git_ros/lib'
[11.469s] Level 1:colcon.colcon_core.environment:checking '/home/kangim/robot_ws/install/git_ros/bin'
[11.469s] Level 1:colcon.colcon_core.environment:checking '/home/kangim/robot_ws/install/git_ros/lib/pkgconfig/git_ros.pc'
[11.470s] Level 1:colcon.colcon_core.environment:checking '/home/kangim/robot_ws/install/git_ros/lib/python3.10/site-packages'
[11.471s] Level 1:colcon.colcon_core.environment:checking '/home/kangim/robot_ws/install/git_ros/bin'
[11.563s] INFO:colcon.colcon_core.shell:Creating package script '/home/kangim/robot_ws/install/git_ros/share/git_ros/package.ps1'
[11.568s] INFO:colcon.colcon_core.shell:Creating package descriptor '/home/kangim/robot_ws/install/git_ros/share/git_ros/package.dsv'
[11.570s] INFO:colcon.colcon_core.shell:Creating package script '/home/kangim/robot_ws/install/git_ros/share/git_ros/package.sh'
[11.574s] INFO:colcon.colcon_core.shell:Creating package script '/home/kangim/robot_ws/install/git_ros/share/git_ros/package.bash'
[11.578s] INFO:colcon.colcon_core.shell:Creating package script '/home/kangim/robot_ws/install/git_ros/share/git_ros/package.zsh'
[11.581s] Level 1:colcon.colcon_core.environment:create_file_with_runtime_dependencies(/home/kangim/robot_ws/install/git_ros/share/colcon-core/packages/git_ros)
[11.591s] Level 1:colcon.colcon_core.environment:create_environment_scripts_only(cppros_git)
[11.593s] DEBUG:colcon.colcon_core.event_handler.log_command:Invoked command in '/home/kangim/robot_ws/build/cppros_git' returned '0': CMAKE_PREFIX_PATH=${CMAKE_PREFIX_PATH}:/home/kangim/robot_ws/install/pyros_git:/opt/ros/humble /usr/bin/cmake --install /home/kangim/robot_ws/build/cppros_git
[11.709s] Level 1:colcon.colcon_core.environment:checking '/home/kangim/robot_ws/install/cppros_git' for CMake module files
[11.712s] Level 1:colcon.colcon_core.environment:checking '/home/kangim/robot_ws/install/cppros_git' for CMake config files
[11.715s] Level 1:colcon.colcon_core.shell:create_environment_hook('cppros_git', 'cmake_prefix_path')
[11.819s] INFO:colcon.colcon_core.shell:Creating environment hook '/home/kangim/robot_ws/install/cppros_git/share/cppros_git/hook/cmake_prefix_path.ps1'
[11.822s] INFO:colcon.colcon_core.shell:Creating environment descriptor '/home/kangim/robot_ws/install/cppros_git/share/cppros_git/hook/cmake_prefix_path.dsv'
[11.824s] INFO:colcon.colcon_core.shell:Creating environment hook '/home/kangim/robot_ws/install/cppros_git/share/cppros_git/hook/cmake_prefix_path.sh'
[11.827s] Level 1:colcon.colcon_core.environment:checking '/home/kangim/robot_ws/install/cppros_git/lib'
[11.828s] Level 1:colcon.colcon_core.environment:checking '/home/kangim/robot_ws/install/cppros_git/bin'
[11.828s] Level 1:colcon.colcon_core.environment:checking '/home/kangim/robot_ws/install/cppros_git/lib/pkgconfig/cppros_git.pc'
[11.829s] Level 1:colcon.colcon_core.environment:checking '/home/kangim/robot_ws/install/cppros_git/lib/python3.10/site-packages'
[11.831s] Level 1:colcon.colcon_core.environment:checking '/home/kangim/robot_ws/install/cppros_git/bin'
[11.924s] INFO:colcon.colcon_core.shell:Creating package script '/home/kangim/robot_ws/install/cppros_git/share/cppros_git/package.ps1'
[11.927s] INFO:colcon.colcon_core.shell:Creating package descriptor '/home/kangim/robot_ws/install/cppros_git/share/cppros_git/package.dsv'
[11.929s] INFO:colcon.colcon_core.shell:Creating package script '/home/kangim/robot_ws/install/cppros_git/share/cppros_git/package.sh'
[11.932s] INFO:colcon.colcon_core.shell:Creating package script '/home/kangim/robot_ws/install/cppros_git/share/cppros_git/package.bash'
[11.936s] INFO:colcon.colcon_core.shell:Creating package script '/home/kangim/robot_ws/install/cppros_git/share/cppros_git/package.zsh'
[11.939s] Level 1:colcon.colcon_core.environment:create_file_with_runtime_dependencies(/home/kangim/robot_ws/install/cppros_git/share/colcon-core/packages/cppros_git)
[12.055s] Level 1:colcon.colcon_core.environment:create_environment_scripts_only(git_ros)
[12.163s] Level 1:colcon.colcon_core.environment:checking '/home/kangim/robot_ws/install/git_ros' for CMake module files
[12.167s] Level 1:colcon.colcon_core.environment:checking '/home/kangim/robot_ws/install/git_ros' for CMake config files
[12.170s] Level 1:colcon.colcon_core.shell:create_environment_hook('git_ros', 'cmake_prefix_path')
[12.280s] INFO:colcon.colcon_core.shell:Creating environment hook '/home/kangim/robot_ws/install/git_ros/share/git_ros/hook/cmake_prefix_path.ps1'
[12.282s] INFO:colcon.colcon_core.shell:Creating environment descriptor '/home/kangim/robot_ws/install/git_ros/share/git_ros/hook/cmake_prefix_path.dsv'
[12.284s] INFO:colcon.colcon_core.shell:Creating environment hook '/home/kangim/robot_ws/install/git_ros/share/git_ros/hook/cmake_prefix_path.sh'
[12.287s] Level 1:colcon.colcon_core.environment:checking '/home/kangim/robot_ws/install/git_ros/lib'
[12.287s] Level 1:colcon.colcon_core.environment:checking '/home/kangim/robot_ws/install/git_ros/bin'
[12.288s] Level 1:colcon.colcon_core.environment:checking '/home/kangim/robot_ws/install/git_ros/lib/pkgconfig/git_ros.pc'
[12.289s] Level 1:colcon.colcon_core.environment:checking '/home/kangim/robot_ws/install/git_ros/lib/python3.10/site-packages'
[12.290s] Level 1:colcon.colcon_core.environment:checking '/home/kangim/robot_ws/install/git_ros/bin'
[12.383s] INFO:colcon.colcon_core.shell:Creating package script '/home/kangim/robot_ws/install/git_ros/share/git_ros/package.ps1'
[12.385s] INFO:colcon.colcon_core.shell:Creating package descriptor '/home/kangim/robot_ws/install/git_ros/share/git_ros/package.dsv'
[12.388s] INFO:colcon.colcon_core.shell:Creating package script '/home/kangim/robot_ws/install/git_ros/share/git_ros/package.sh'
[12.391s] INFO:colcon.colcon_core.shell:Creating package script '/home/kangim/robot_ws/install/git_ros/share/git_ros/package.bash'
[12.393s] INFO:colcon.colcon_core.shell:Creating package script '/home/kangim/robot_ws/install/git_ros/share/git_ros/package.zsh'
[12.396s] Level 1:colcon.colcon_core.environment:create_file_with_runtime_dependencies(/home/kangim/robot_ws/install/git_ros/share/colcon-core/packages/git_ros)
[12.517s] Level 1:colcon.colcon_core.environment:create_environment_scripts_only(cppros_git)
[12.621s] Level 1:colcon.colcon_core.environment:checking '/home/kangim/robot_ws/install/cppros_git' for CMake module files
[12.625s] Level 1:colcon.colcon_core.environment:checking '/home/kangim/robot_ws/install/cppros_git' for CMake config files
[12.628s] Level 1:colcon.colcon_core.shell:create_environment_hook('cppros_git', 'cmake_prefix_path')
[12.743s] INFO:colcon.colcon_core.shell:Creating environment hook '/home/kangim/robot_ws/install/cppros_git/share/cppros_git/hook/cmake_prefix_path.ps1'
[12.747s] INFO:colcon.colcon_core.shell:Creating environment descriptor '/home/kangim/robot_ws/install/cppros_git/share/cppros_git/hook/cmake_prefix_path.dsv'
[12.752s] INFO:colcon.colcon_core.shell:Creating environment hook '/home/kangim/robot_ws/install/cppros_git/share/cppros_git/hook/cmake_prefix_path.sh'
[12.760s] Level 1:colcon.colcon_core.environment:checking '/home/kangim/robot_ws/install/cppros_git/lib'
[12.761s] Level 1:colcon.colcon_core.environment:checking '/home/kangim/robot_ws/install/cppros_git/bin'
[12.762s] Level 1:colcon.colcon_core.environment:checking '/home/kangim/robot_ws/install/cppros_git/lib/pkgconfig/cppros_git.pc'
[12.764s] Level 1:colcon.colcon_core.environment:checking '/home/kangim/robot_ws/install/cppros_git/lib/python3.10/site-packages'
[12.766s] Level 1:colcon.colcon_core.environment:checking '/home/kangim/robot_ws/install/cppros_git/bin'
[12.918s] INFO:colcon.colcon_core.shell:Creating package script '/home/kangim/robot_ws/install/cppros_git/share/cppros_git/package.ps1'
[12.920s] INFO:colcon.colcon_core.shell:Creating package descriptor '/home/kangim/robot_ws/install/cppros_git/share/cppros_git/package.dsv'
[12.923s] INFO:colcon.colcon_core.shell:Creating package script '/home/kangim/robot_ws/install/cppros_git/share/cppros_git/package.sh'
[12.925s] INFO:colcon.colcon_core.shell:Creating package script '/home/kangim/robot_ws/install/cppros_git/share/cppros_git/package.bash'
[12.927s] INFO:colcon.colcon_core.shell:Creating package script '/home/kangim/robot_ws/install/cppros_git/share/cppros_git/package.zsh'
[12.929s] Level 1:colcon.colcon_core.environment:create_file_with_runtime_dependencies(/home/kangim/robot_ws/install/cppros_git/share/colcon-core/packages/cppros_git)
[12.947s] DEBUG:colcon.colcon_core.event_handler.log_command:Invoking command in '/home/kangim/robot_ws/build/pyros_git': PYTHONPATH=/home/kangim/robot_ws/build/pyros_git/prefix_override:/home/kangim/robot_ws/install/pyros_git/lib/python3.10/site-packages:${PYTHONPATH} /usr/bin/python3 setup.py develop --editable --build-directory /home/kangim/robot_ws/build/pyros_git/build --no-deps install_data
[15.459s] Level 1:colcon.colcon_core.shell:create_environment_hook('pyros_git', 'pythonpath_develop')
[15.461s] DEBUG:colcon.colcon_core.event_handler.log_command:Invoked command in '/home/kangim/robot_ws/build/pyros_git' returned '0': PYTHONPATH=/home/kangim/robot_ws/build/pyros_git/prefix_override:/home/kangim/robot_ws/install/pyros_git/lib/python3.10/site-packages:${PYTHONPATH} /usr/bin/python3 setup.py develop --editable --build-directory /home/kangim/robot_ws/build/pyros_git/build --no-deps install_data
[15.544s] INFO:colcon.colcon_core.shell:Creating environment hook '/home/kangim/robot_ws/build/pyros_git/share/pyros_git/hook/pythonpath_develop.ps1'
[15.547s] INFO:colcon.colcon_core.shell:Creating environment descriptor '/home/kangim/robot_ws/build/pyros_git/share/pyros_git/hook/pythonpath_develop.dsv'
[15.549s] INFO:colcon.colcon_core.shell:Creating environment hook '/home/kangim/robot_ws/build/pyros_git/share/pyros_git/hook/pythonpath_develop.sh'
[15.629s] Level 1:colcon.colcon_core.environment:checking '/home/kangim/robot_ws/install/pyros_git' for CMake module files
[15.633s] Level 1:colcon.colcon_core.environment:checking '/home/kangim/robot_ws/install/pyros_git' for CMake config files
[15.635s] Level 1:colcon.colcon_core.environment:checking '/home/kangim/robot_ws/install/pyros_git/lib'
[15.636s] Level 1:colcon.colcon_core.environment:checking '/home/kangim/robot_ws/install/pyros_git/bin'
[15.636s] Level 1:colcon.colcon_core.environment:checking '/home/kangim/robot_ws/install/pyros_git/lib/pkgconfig/pyros_git.pc'
[15.637s] Level 1:colcon.colcon_core.environment:checking '/home/kangim/robot_ws/install/pyros_git/lib/python3.10/site-packages'
[15.638s] Level 1:colcon.colcon_core.shell:create_environment_hook('pyros_git', 'pythonpath')
[15.716s] INFO:colcon.colcon_core.shell:Creating environment hook '/home/kangim/robot_ws/install/pyros_git/share/pyros_git/hook/pythonpath.ps1'
[15.718s] INFO:colcon.colcon_core.shell:Creating environment descriptor '/home/kangim/robot_ws/install/pyros_git/share/pyros_git/hook/pythonpath.dsv'
[15.720s] INFO:colcon.colcon_core.shell:Creating environment hook '/home/kangim/robot_ws/install/pyros_git/share/pyros_git/hook/pythonpath.sh'
[15.723s] Level 1:colcon.colcon_core.environment:checking '/home/kangim/robot_ws/install/pyros_git/bin'
[15.723s] Level 1:colcon.colcon_core.environment:create_environment_scripts_only(pyros_git)
[15.803s] INFO:colcon.colcon_core.shell:Creating package script '/home/kangim/robot_ws/install/pyros_git/share/pyros_git/package.ps1'
[15.806s] INFO:colcon.colcon_core.shell:Creating package descriptor '/home/kangim/robot_ws/install/pyros_git/share/pyros_git/package.dsv'
[15.808s] INFO:colcon.colcon_core.shell:Creating package script '/home/kangim/robot_ws/install/pyros_git/share/pyros_git/package.sh'
[15.811s] INFO:colcon.colcon_core.shell:Creating package script '/home/kangim/robot_ws/install/pyros_git/share/pyros_git/package.bash'
[15.813s] INFO:colcon.colcon_core.shell:Creating package script '/home/kangim/robot_ws/install/pyros_git/share/pyros_git/package.zsh'
[15.814s] Level 1:colcon.colcon_core.environment:create_file_with_runtime_dependencies(/home/kangim/robot_ws/install/pyros_git/share/colcon-core/packages/pyros_git)
[15.816s] DEBUG:colcon.colcon_parallel_executor.executor.parallel:closing loop
[15.817s] DEBUG:colcon.colcon_parallel_executor.executor.parallel:loop closed
[15.817s] DEBUG:colcon.colcon_parallel_executor.executor.parallel:run_until_complete finished with '0'
[15.818s] DEBUG:colcon.colcon_core.event_reactor:joining thread
[15.926s] INFO:colcon.colcon_core.plugin_system:Skipping extension 'colcon_notification.desktop_notification.terminal_notifier': Not used on non-Darwin systems
[15.926s] INFO:colcon.colcon_core.plugin_system:Skipping extension 'colcon_notification.desktop_notification.win32': Not used on non-Windows systems
[15.926s] INFO:colcon.colcon_notification.desktop_notification:Sending desktop notification using 'notify2'
[15.984s] DEBUG:colcon.colcon_core.event_reactor:joined thread
[16.083s] INFO:colcon.colcon_core.shell:Creating prefix script '/home/kangim/robot_ws/install/local_setup.ps1'
[16.088s] INFO:colcon.colcon_core.shell:Creating prefix util module '/home/kangim/robot_ws/install/_local_setup_util_ps1.py'
[16.094s] INFO:colcon.colcon_core.shell:Creating prefix chain script '/home/kangim/robot_ws/install/setup.ps1'
[16.186s] INFO:colcon.colcon_core.shell:Creating prefix script '/home/kangim/robot_ws/install/local_setup.sh'
[16.189s] INFO:colcon.colcon_core.shell:Creating prefix util module '/home/kangim/robot_ws/install/_local_setup_util_sh.py'
[16.191s] INFO:colcon.colcon_core.shell:Creating prefix chain script '/home/kangim/robot_ws/install/setup.sh'
[16.269s] INFO:colcon.colcon_core.shell:Creating prefix script '/home/kangim/robot_ws/install/local_setup.bash'
[16.271s] INFO:colcon.colcon_core.shell:Creating prefix chain script '/home/kangim/robot_ws/install/setup.bash'
[16.349s] INFO:colcon.colcon_core.shell:Creating prefix script '/home/kangim/robot_ws/install/local_setup.zsh'
[16.351s] INFO:colcon.colcon_core.shell:Creating prefix chain script '/home/kangim/robot_ws/install/setup.zsh'
