[5.284s] DEBUG:colcon:Command line arguments: ['/usr/bin/colcon', 'build', '--symlink-install']
[5.284s] DEBUG:colcon:Parsed command line arguments: Namespace(log_base=None, log_level=None, verb_name='build', build_base='build', install_base='install', merge_install=False, symlink_install=True, test_result_base=None, continue_on_error=False, executor='parallel', parallel_workers=4, event_handlers=None, ignore_user_meta=False, metas=['./colcon.meta'], base_paths=['.'], packages_ignore=None, packages_ignore_regex=None, paths=None, packages_up_to=None, packages_up_to_regex=None, packages_above=None, packages_above_and_dependencies=None, packages_above_depth=None, packages_select_by_dep=None, packages_skip_by_dep=None, packages_skip_up_to=None, packages_select_build_failed=False, packages_skip_build_finished=False, packages_select_test_failures=False, packages_skip_test_passed=False, packages_select=None, packages_skip=None, packages_select_regex=None, packages_skip_regex=None, packages_start=None, packages_end=None, allow_overriding=[], cmake_args=None, cmake_target=None, cmake_target_skip_unavailable=False, cmake_clean_cache=False, cmake_clean_first=False, cmake_force_configure=False, ament_cmake_args=None, catkin_cmake_args=None, catkin_skip_building_tests=False, verb_parser=<colcon_defaults.argument_parser.defaults.DefaultArgumentsDecorator object at 0xffff8d3472e0>, verb_extension=<colcon_core.verb.build.BuildVerb object at 0xffff8d7e1030>, main=<bound method BuildVerb.main of <colcon_core.verb.build.BuildVerb object at 0xffff8d7e1030>>)
[5.520s] Level 1:colcon.colcon_core.package_discovery:discover_packages(colcon_meta) check parameters
[5.520s] Level 1:colcon.colcon_core.package_discovery:discover_packages(recursive) check parameters
[5.521s] Level 1:colcon.colcon_core.package_discovery:discover_packages(ignore) check parameters
[5.521s] Level 1:colcon.colcon_core.package_discovery:discover_packages(path) check parameters
[5.521s] Level 1:colcon.colcon_core.package_discovery:discover_packages(colcon_meta) discover
[5.521s] Level 1:colcon.colcon_core.package_discovery:discover_packages(recursive) discover
[5.521s] INFO:colcon.colcon_core.package_discovery:Crawling recursively for packages in '/home/kangim/robot_ws'
[5.522s] Level 1:colcon.colcon_core.package_identification:_identify(.) by extensions ['ignore', 'ignore_ament_install']
[5.522s] Level 1:colcon.colcon_core.package_identification:_identify(.) by extension 'ignore'
[5.522s] Level 1:colcon.colcon_core.package_identification:_identify(.) by extension 'ignore_ament_install'
[5.523s] Level 1:colcon.colcon_core.package_identification:_identify(.) by extensions ['colcon_pkg']
[5.523s] Level 1:colcon.colcon_core.package_identification:_identify(.) by extension 'colcon_pkg'
[5.523s] Level 1:colcon.colcon_core.package_identification:_identify(.) by extensions ['colcon_meta']
[5.523s] Level 1:colcon.colcon_core.package_identification:_identify(.) by extension 'colcon_meta'
[5.523s] Level 1:colcon.colcon_core.package_identification:_identify(.) by extensions ['ros']
[5.524s] Level 1:colcon.colcon_core.package_identification:_identify(.) by extension 'ros'
[5.576s] Level 1:colcon.colcon_core.package_identification:_identify(.) by extensions ['cmake', 'python']
[5.576s] Level 1:colcon.colcon_core.package_identification:_identify(.) by extension 'cmake'
[5.577s] Level 1:colcon.colcon_core.package_identification:_identify(.) by extension 'python'
[5.577s] Level 1:colcon.colcon_core.package_identification:_identify(.) by extensions ['python_setup_py']
[5.577s] Level 1:colcon.colcon_core.package_identification:_identify(.) by extension 'python_setup_py'
[5.578s] Level 1:colcon.colcon_core.package_identification:_identify(build) by extensions ['ignore', 'ignore_ament_install']
[5.578s] Level 1:colcon.colcon_core.package_identification:_identify(build) by extension 'ignore'
[5.578s] Level 1:colcon.colcon_core.package_identification:_identify(build) ignored
[5.579s] Level 1:colcon.colcon_core.package_identification:_identify(install) by extensions ['ignore', 'ignore_ament_install']
[5.579s] Level 1:colcon.colcon_core.package_identification:_identify(install) by extension 'ignore'
[5.580s] Level 1:colcon.colcon_core.package_identification:_identify(install) ignored
[5.580s] Level 1:colcon.colcon_core.package_identification:_identify(log) by extensions ['ignore', 'ignore_ament_install']
[5.581s] Level 1:colcon.colcon_core.package_identification:_identify(log) by extension 'ignore'
[5.581s] Level 1:colcon.colcon_core.package_identification:_identify(log) ignored
[5.581s] Level 1:colcon.colcon_core.package_identification:_identify(src) by extensions ['ignore', 'ignore_ament_install']
[5.582s] Level 1:colcon.colcon_core.package_identification:_identify(src) by extension 'ignore'
[5.582s] Level 1:colcon.colcon_core.package_identification:_identify(src) by extension 'ignore_ament_install'
[5.582s] Level 1:colcon.colcon_core.package_identification:_identify(src) by extensions ['colcon_pkg']
[5.582s] Level 1:colcon.colcon_core.package_identification:_identify(src) by extension 'colcon_pkg'
[5.582s] Level 1:colcon.colcon_core.package_identification:_identify(src) by extensions ['colcon_meta']
[5.582s] Level 1:colcon.colcon_core.package_identification:_identify(src) by extension 'colcon_meta'
[5.583s] Level 1:colcon.colcon_core.package_identification:_identify(src) by extensions ['ros']
[5.583s] Level 1:colcon.colcon_core.package_identification:_identify(src) by extension 'ros'
[5.583s] Level 1:colcon.colcon_core.package_identification:_identify(src) by extensions ['cmake', 'python']
[5.583s] Level 1:colcon.colcon_core.package_identification:_identify(src) by extension 'cmake'
[5.584s] Level 1:colcon.colcon_core.package_identification:_identify(src) by extension 'python'
[5.584s] Level 1:colcon.colcon_core.package_identification:_identify(src) by extensions ['python_setup_py']
[5.584s] Level 1:colcon.colcon_core.package_identification:_identify(src) by extension 'python_setup_py'
[5.584s] Level 1:colcon.colcon_core.package_identification:_identify(src/cppros_git) by extensions ['ignore', 'ignore_ament_install']
[5.585s] Level 1:colcon.colcon_core.package_identification:_identify(src/cppros_git) by extension 'ignore'
[5.585s] Level 1:colcon.colcon_core.package_identification:_identify(src/cppros_git) by extension 'ignore_ament_install'
[5.585s] Level 1:colcon.colcon_core.package_identification:_identify(src/cppros_git) by extensions ['colcon_pkg']
[5.585s] Level 1:colcon.colcon_core.package_identification:_identify(src/cppros_git) by extension 'colcon_pkg'
[5.585s] Level 1:colcon.colcon_core.package_identification:_identify(src/cppros_git) by extensions ['colcon_meta']
[5.586s] Level 1:colcon.colcon_core.package_identification:_identify(src/cppros_git) by extension 'colcon_meta'
[5.586s] Level 1:colcon.colcon_core.package_identification:_identify(src/cppros_git) by extensions ['ros']
[5.586s] Level 1:colcon.colcon_core.package_identification:_identify(src/cppros_git) by extension 'ros'
[5.596s] DEBUG:colcon.colcon_core.package_identification:Package 'src/cppros_git' with type 'ros.ament_cmake' and name 'cppros_git'
[5.597s] Level 1:colcon.colcon_core.package_identification:_identify(src/git_ros) by extensions ['ignore', 'ignore_ament_install']
[5.598s] Level 1:colcon.colcon_core.package_identification:_identify(src/git_ros) by extension 'ignore'
[5.598s] Level 1:colcon.colcon_core.package_identification:_identify(src/git_ros) by extension 'ignore_ament_install'
[5.598s] Level 1:colcon.colcon_core.package_identification:_identify(src/git_ros) by extensions ['colcon_pkg']
[5.598s] Level 1:colcon.colcon_core.package_identification:_identify(src/git_ros) by extension 'colcon_pkg'
[5.598s] Level 1:colcon.colcon_core.package_identification:_identify(src/git_ros) by extensions ['colcon_meta']
[5.599s] Level 1:colcon.colcon_core.package_identification:_identify(src/git_ros) by extension 'colcon_meta'
[5.599s] Level 1:colcon.colcon_core.package_identification:_identify(src/git_ros) by extensions ['ros']
[5.599s] Level 1:colcon.colcon_core.package_identification:_identify(src/git_ros) by extension 'ros'
[5.602s] DEBUG:colcon.colcon_core.package_identification:Package 'src/git_ros' with type 'ros.ament_cmake' and name 'git_ros'
[5.602s] Level 1:colcon.colcon_core.package_identification:_identify(src/pyros_git) by extensions ['ignore', 'ignore_ament_install']
[5.603s] Level 1:colcon.colcon_core.package_identification:_identify(src/pyros_git) by extension 'ignore'
[5.603s] Level 1:colcon.colcon_core.package_identification:_identify(src/pyros_git) by extension 'ignore_ament_install'
[5.603s] Level 1:colcon.colcon_core.package_identification:_identify(src/pyros_git) by extensions ['colcon_pkg']
[5.603s] Level 1:colcon.colcon_core.package_identification:_identify(src/pyros_git) by extension 'colcon_pkg'
[5.604s] Level 1:colcon.colcon_core.package_identification:_identify(src/pyros_git) by extensions ['colcon_meta']
[5.604s] Level 1:colcon.colcon_core.package_identification:_identify(src/pyros_git) by extension 'colcon_meta'
[5.604s] Level 1:colcon.colcon_core.package_identification:_identify(src/pyros_git) by extensions ['ros']
[5.604s] Level 1:colcon.colcon_core.package_identification:_identify(src/pyros_git) by extension 'ros'
[5.607s] DEBUG:colcon.colcon_core.package_identification:Package 'src/pyros_git' with type 'ros.ament_python' and name 'pyros_git'
[5.607s] Level 1:colcon.colcon_core.package_discovery:discover_packages(recursive) using defaults
[5.607s] Level 1:colcon.colcon_core.package_discovery:discover_packages(ignore) discover
[5.607s] Level 1:colcon.colcon_core.package_discovery:discover_packages(ignore) using defaults
[5.608s] Level 1:colcon.colcon_core.package_discovery:discover_packages(path) discover
[5.608s] Level 1:colcon.colcon_core.package_discovery:discover_packages(path) using defaults
[6.059s] Level 1:colcon.colcon_core.package_discovery:discover_packages(prefix_path) check parameters
[6.059s] Level 1:colcon.colcon_core.package_discovery:discover_packages(prefix_path) discover
[6.214s] DEBUG:colcon.colcon_installed_package_information.package_discovery:Found 3 installed packages in /home/kangim/robot_ws/install
[6.298s] DEBUG:colcon.colcon_installed_package_information.package_discovery:Found 270 installed packages in /opt/ros/humble
[6.305s] Level 1:colcon.colcon_core.package_discovery:discover_packages(prefix_path) using defaults
[6.761s] Level 5:colcon.colcon_core.verb:set package 'cppros_git' build argument 'cmake_args' from command line to 'None'
[6.761s] Level 5:colcon.colcon_core.verb:set package 'cppros_git' build argument 'cmake_target' from command line to 'None'
[6.761s] Level 5:colcon.colcon_core.verb:set package 'cppros_git' build argument 'cmake_target_skip_unavailable' from command line to 'False'
[6.761s] Level 5:colcon.colcon_core.verb:set package 'cppros_git' build argument 'cmake_clean_cache' from command line to 'False'
[6.761s] Level 5:colcon.colcon_core.verb:set package 'cppros_git' build argument 'cmake_clean_first' from command line to 'False'
[6.761s] Level 5:colcon.colcon_core.verb:set package 'cppros_git' build argument 'cmake_force_configure' from command line to 'False'
[6.762s] Level 5:colcon.colcon_core.verb:set package 'cppros_git' build argument 'ament_cmake_args' from command line to 'None'
[6.762s] Level 5:colcon.colcon_core.verb:set package 'cppros_git' build argument 'catkin_cmake_args' from command line to 'None'
[6.762s] Level 5:colcon.colcon_core.verb:set package 'cppros_git' build argument 'catkin_skip_building_tests' from command line to 'False'
[6.762s] DEBUG:colcon.colcon_core.verb:Building package 'cppros_git' with the following arguments: {'ament_cmake_args': None, 'build_base': '/home/kangim/robot_ws/build/cppros_git', 'catkin_cmake_args': None, 'catkin_skip_building_tests': False, 'cmake_args': None, 'cmake_clean_cache': False, 'cmake_clean_first': False, 'cmake_force_configure': False, 'cmake_target': None, 'cmake_target_skip_unavailable': False, 'install_base': '/home/kangim/robot_ws/install/cppros_git', 'merge_install': False, 'path': '/home/kangim/robot_ws/src/cppros_git', 'symlink_install': True, 'test_result_base': None}
[6.836s] Level 5:colcon.colcon_core.verb:set package 'git_ros' build argument 'cmake_args' from command line to 'None'
[6.836s] Level 5:colcon.colcon_core.verb:set package 'git_ros' build argument 'cmake_target' from command line to 'None'
[6.836s] Level 5:colcon.colcon_core.verb:set package 'git_ros' build argument 'cmake_target_skip_unavailable' from command line to 'False'
[6.836s] Level 5:colcon.colcon_core.verb:set package 'git_ros' build argument 'cmake_clean_cache' from command line to 'False'
[6.836s] Level 5:colcon.colcon_core.verb:set package 'git_ros' build argument 'cmake_clean_first' from command line to 'False'
[6.836s] Level 5:colcon.colcon_core.verb:set package 'git_ros' build argument 'cmake_force_configure' from command line to 'False'
[6.836s] Level 5:colcon.colcon_core.verb:set package 'git_ros' build argument 'ament_cmake_args' from command line to 'None'
[6.837s] Level 5:colcon.colcon_core.verb:set package 'git_ros' build argument 'catkin_cmake_args' from command line to 'None'
[6.837s] Level 5:colcon.colcon_core.verb:set package 'git_ros' build argument 'catkin_skip_building_tests' from command line to 'False'
[6.837s] DEBUG:colcon.colcon_core.verb:Building package 'git_ros' with the following arguments: {'ament_cmake_args': None, 'build_base': '/home/kangim/robot_ws/build/git_ros', 'catkin_cmake_args': None, 'catkin_skip_building_tests': False, 'cmake_args': None, 'cmake_clean_cache': False, 'cmake_clean_first': False, 'cmake_force_configure': False, 'cmake_target': None, 'cmake_target_skip_unavailable': False, 'install_base': '/home/kangim/robot_ws/install/git_ros', 'merge_install': False, 'path': '/home/kangim/robot_ws/src/git_ros', 'symlink_install': True, 'test_result_base': None}
[6.912s] Level 5:colcon.colcon_core.verb:set package 'pyros_git' build argument 'cmake_args' from command line to 'None'
[6.912s] Level 5:colcon.colcon_core.verb:set package 'pyros_git' build argument 'cmake_target' from command line to 'None'
[6.912s] Level 5:colcon.colcon_core.verb:set package 'pyros_git' build argument 'cmake_target_skip_unavailable' from command line to 'False'
[6.912s] Level 5:colcon.colcon_core.verb:set package 'pyros_git' build argument 'cmake_clean_cache' from command line to 'False'
[6.912s] Level 5:colcon.colcon_core.verb:set package 'pyros_git' build argument 'cmake_clean_first' from command line to 'False'
[6.912s] Level 5:colcon.colcon_core.verb:set package 'pyros_git' build argument 'cmake_force_configure' from command line to 'False'
[6.913s] Level 5:colcon.colcon_core.verb:set package 'pyros_git' build argument 'ament_cmake_args' from command line to 'None'
[6.913s] Level 5:colcon.colcon_core.verb:set package 'pyros_git' build argument 'catkin_cmake_args' from command line to 'None'
[6.913s] Level 5:colcon.colcon_core.verb:set package 'pyros_git' build argument 'catkin_skip_building_tests' from command line to 'False'
[6.913s] DEBUG:colcon.colcon_core.verb:Building package 'pyros_git' with the following arguments: {'ament_cmake_args': None, 'build_base': '/home/kangim/robot_ws/build/pyros_git', 'catkin_cmake_args': None, 'catkin_skip_building_tests': False, 'cmake_args': None, 'cmake_clean_cache': False, 'cmake_clean_first': False, 'cmake_force_configure': False, 'cmake_target': None, 'cmake_target_skip_unavailable': False, 'install_base': '/home/kangim/robot_ws/install/pyros_git', 'merge_install': False, 'path': '/home/kangim/robot_ws/src/pyros_git', 'symlink_install': True, 'test_result_base': None}
[6.986s] INFO:colcon.colcon_core.executor:Executing jobs using 'parallel' executor
[7.062s] DEBUG:colcon.colcon_parallel_executor.executor.parallel:run_until_complete
[7.063s] INFO:colcon.colcon_ros.task.ament_cmake.build:Building ROS package in '/home/kangim/robot_ws/src/cppros_git' with build type 'ament_cmake'
[7.064s] INFO:colcon.colcon_cmake.task.cmake.build:Building CMake package in '/home/kangim/robot_ws/src/cppros_git'
[7.156s] INFO:colcon.colcon_core.plugin_system:Skipping extension 'colcon_core.shell.bat': Not used on non-Windows systems
[7.157s] INFO:colcon.colcon_core.shell:Skip shell extension 'powershell' for command environment: Not usable outside of PowerShell
[7.157s] DEBUG:colcon.colcon_core.shell:Skip shell extension 'dsv' for command environment
[7.465s] INFO:colcon.colcon_ros.task.ament_cmake.build:Building ROS package in '/home/kangim/robot_ws/src/git_ros' with build type 'ament_cmake'
[7.466s] INFO:colcon.colcon_cmake.task.cmake.build:Building CMake package in '/home/kangim/robot_ws/src/git_ros'
[7.560s] INFO:colcon.colcon_core.shell:Skip shell extension 'powershell' for command environment: Not usable outside of PowerShell
[7.561s] DEBUG:colcon.colcon_core.shell:Skip shell extension 'dsv' for command environment
[7.817s] INFO:colcon.colcon_ros.task.ament_python.build:Building ROS package in '/home/kangim/robot_ws/src/pyros_git' with build type 'ament_python'
[7.818s] Level 1:colcon.colcon_core.shell:create_environment_hook('pyros_git', 'ament_prefix_path')
[7.908s] INFO:colcon.colcon_core.shell:Creating environment hook '/home/kangim/robot_ws/install/pyros_git/share/pyros_git/hook/ament_prefix_path.ps1'
[7.911s] INFO:colcon.colcon_core.shell:Creating environment descriptor '/home/kangim/robot_ws/install/pyros_git/share/pyros_git/hook/ament_prefix_path.dsv'
[7.916s] INFO:colcon.colcon_core.shell:Creating environment hook '/home/kangim/robot_ws/install/pyros_git/share/pyros_git/hook/ament_prefix_path.sh'
[7.995s] INFO:colcon.colcon_core.shell:Skip shell extension 'powershell' for command environment: Not usable outside of PowerShell
[7.996s] DEBUG:colcon.colcon_core.shell:Skip shell extension 'dsv' for command environment
[8.276s] DEBUG:colcon.colcon_core.event_handler.log_command:Invoking command in '/home/kangim/robot_ws/build/cppros_git': CMAKE_PREFIX_PATH=${CMAKE_PREFIX_PATH}:/home/kangim/robot_ws/install/pyros_git:/opt/ros/humble /usr/bin/cmake --build /home/kangim/robot_ws/build/cppros_git -- -j4 -l4
[8.308s] DEBUG:colcon.colcon_core.event_handler.log_command:Invoking command in '/home/kangim/robot_ws/build/git_ros': CMAKE_PREFIX_PATH=${CMAKE_PREFIX_PATH}:/home/kangim/robot_ws/install/pyros_git:/opt/ros/humble /usr/bin/cmake --build /home/kangim/robot_ws/build/git_ros -- -j4 -l4
[9.888s] INFO:colcon.colcon_core.task.python.build:Building Python package in '/home/kangim/robot_ws/src/pyros_git'
[9.973s] INFO:colcon.colcon_core.shell:Skip shell extension 'powershell' for command environment: Not usable outside of PowerShell
[9.973s] DEBUG:colcon.colcon_core.shell:Skip shell extension 'dsv' for command environment
[10.233s] DEBUG:colcon.colcon_core.event_handler.log_command:Invoked command in '/home/kangim/robot_ws/build/cppros_git' returned '0': CMAKE_PREFIX_PATH=${CMAKE_PREFIX_PATH}:/home/kangim/robot_ws/install/pyros_git:/opt/ros/humble /usr/bin/cmake --build /home/kangim/robot_ws/build/cppros_git -- -j4 -l4
[10.242s] DEBUG:colcon.colcon_core.event_handler.log_command:Invoked command in '/home/kangim/robot_ws/build/git_ros' returned '0': CMAKE_PREFIX_PATH=${CMAKE_PREFIX_PATH}:/home/kangim/robot_ws/install/pyros_git:/opt/ros/humble /usr/bin/cmake --build /home/kangim/robot_ws/build/git_ros -- -j4 -l4
[10.479s] DEBUG:colcon.colcon_core.event_handler.log_command:Invoking command in '/home/kangim/robot_ws/build/cppros_git': CMAKE_PREFIX_PATH=${CMAKE_PREFIX_PATH}:/home/kangim/robot_ws/install/pyros_git:/opt/ros/humble /usr/bin/cmake --install /home/kangim/robot_ws/build/cppros_git
[10.496s] DEBUG:colcon.colcon_core.event_handler.log_command:Invoking command in '/home/kangim/robot_ws/build/git_ros': CMAKE_PREFIX_PATH=${CMAKE_PREFIX_PATH}:/home/kangim/robot_ws/install/pyros_git:/opt/ros/humble /usr/bin/cmake --install /home/kangim/robot_ws/build/git_ros
[10.613s] Level 1:colcon.colcon_core.environment:create_environment_scripts_only(git_ros)
[10.616s] DEBUG:colcon.colcon_core.event_handler.log_command:Invoked command in '/home/kangim/robot_ws/build/git_ros' returned '0': CMAKE_PREFIX_PATH=${CMAKE_PREFIX_PATH}:/home/kangim/robot_ws/install/pyros_git:/opt/ros/humble /usr/bin/cmake --install /home/kangim/robot_ws/build/git_ros
[10.732s] Level 1:colcon.colcon_core.environment:checking '/home/kangim/robot_ws/install/git_ros' for CMake module files
[10.736s] Level 1:colcon.colcon_core.environment:checking '/home/kangim/robot_ws/install/git_ros' for CMake config files
[10.741s] Level 1:colcon.colcon_core.shell:create_environment_hook('git_ros', 'cmake_prefix_path')
[10.834s] INFO:colcon.colcon_core.shell:Creating environment hook '/home/kangim/robot_ws/install/git_ros/share/git_ros/hook/cmake_prefix_path.ps1'
[10.836s] INFO:colcon.colcon_core.shell:Creating environment descriptor '/home/kangim/robot_ws/install/git_ros/share/git_ros/hook/cmake_prefix_path.dsv'
[10.839s] INFO:colcon.colcon_core.shell:Creating environment hook '/home/kangim/robot_ws/install/git_ros/share/git_ros/hook/cmake_prefix_path.sh'
[10.844s] Level 1:colcon.colcon_core.environment:checking '/home/kangim/robot_ws/install/git_ros/lib'
[10.845s] Level 1:colcon.colcon_core.environment:checking '/home/kangim/robot_ws/install/git_ros/bin'
[10.845s] Level 1:colcon.colcon_core.environment:checking '/home/kangim/robot_ws/install/git_ros/lib/pkgconfig/git_ros.pc'
[10.846s] Level 1:colcon.colcon_core.environment:checking '/home/kangim/robot_ws/install/git_ros/lib/python3.10/site-packages'
[10.847s] Level 1:colcon.colcon_core.environment:checking '/home/kangim/robot_ws/install/git_ros/bin'
[10.937s] INFO:colcon.colcon_core.shell:Creating package script '/home/kangim/robot_ws/install/git_ros/share/git_ros/package.ps1'
[10.941s] INFO:colcon.colcon_core.shell:Creating package descriptor '/home/kangim/robot_ws/install/git_ros/share/git_ros/package.dsv'
[10.945s] INFO:colcon.colcon_core.shell:Creating package script '/home/kangim/robot_ws/install/git_ros/share/git_ros/package.sh'
[10.949s] INFO:colcon.colcon_core.shell:Creating package script '/home/kangim/robot_ws/install/git_ros/share/git_ros/package.bash'
[10.953s] INFO:colcon.colcon_core.shell:Creating package script '/home/kangim/robot_ws/install/git_ros/share/git_ros/package.zsh'
[10.957s] Level 1:colcon.colcon_core.environment:create_file_with_runtime_dependencies(/home/kangim/robot_ws/install/git_ros/share/colcon-core/packages/git_ros)
[10.966s] Level 1:colcon.colcon_core.environment:create_environment_scripts_only(cppros_git)
[10.969s] DEBUG:colcon.colcon_core.event_handler.log_command:Invoked command in '/home/kangim/robot_ws/build/cppros_git' returned '0': CMAKE_PREFIX_PATH=${CMAKE_PREFIX_PATH}:/home/kangim/robot_ws/install/pyros_git:/opt/ros/humble /usr/bin/cmake --install /home/kangim/robot_ws/build/cppros_git
[11.080s] Level 1:colcon.colcon_core.environment:checking '/home/kangim/robot_ws/install/cppros_git' for CMake module files
[11.083s] Level 1:colcon.colcon_core.environment:checking '/home/kangim/robot_ws/install/cppros_git' for CMake config files
[11.087s] Level 1:colcon.colcon_core.shell:create_environment_hook('cppros_git', 'cmake_prefix_path')
[11.196s] INFO:colcon.colcon_core.shell:Creating environment hook '/home/kangim/robot_ws/install/cppros_git/share/cppros_git/hook/cmake_prefix_path.ps1'
[11.199s] INFO:colcon.colcon_core.shell:Creating environment descriptor '/home/kangim/robot_ws/install/cppros_git/share/cppros_git/hook/cmake_prefix_path.dsv'
[11.201s] INFO:colcon.colcon_core.shell:Creating environment hook '/home/kangim/robot_ws/install/cppros_git/share/cppros_git/hook/cmake_prefix_path.sh'
[11.203s] Level 1:colcon.colcon_core.environment:checking '/home/kangim/robot_ws/install/cppros_git/lib'
[11.204s] Level 1:colcon.colcon_core.environment:checking '/home/kangim/robot_ws/install/cppros_git/bin'
[11.204s] Level 1:colcon.colcon_core.environment:checking '/home/kangim/robot_ws/install/cppros_git/lib/pkgconfig/cppros_git.pc'
[11.205s] Level 1:colcon.colcon_core.environment:checking '/home/kangim/robot_ws/install/cppros_git/lib/python3.10/site-packages'
[11.207s] Level 1:colcon.colcon_core.environment:checking '/home/kangim/robot_ws/install/cppros_git/bin'
[11.298s] INFO:colcon.colcon_core.shell:Creating package script '/home/kangim/robot_ws/install/cppros_git/share/cppros_git/package.ps1'
[11.300s] INFO:colcon.colcon_core.shell:Creating package descriptor '/home/kangim/robot_ws/install/cppros_git/share/cppros_git/package.dsv'
[11.303s] INFO:colcon.colcon_core.shell:Creating package script '/home/kangim/robot_ws/install/cppros_git/share/cppros_git/package.sh'
[11.305s] INFO:colcon.colcon_core.shell:Creating package script '/home/kangim/robot_ws/install/cppros_git/share/cppros_git/package.bash'
[11.307s] INFO:colcon.colcon_core.shell:Creating package script '/home/kangim/robot_ws/install/cppros_git/share/cppros_git/package.zsh'
[11.309s] Level 1:colcon.colcon_core.environment:create_file_with_runtime_dependencies(/home/kangim/robot_ws/install/cppros_git/share/colcon-core/packages/cppros_git)
[11.427s] Level 1:colcon.colcon_core.environment:create_environment_scripts_only(git_ros)
[11.536s] Level 1:colcon.colcon_core.environment:checking '/home/kangim/robot_ws/install/git_ros' for CMake module files
[11.539s] Level 1:colcon.colcon_core.environment:checking '/home/kangim/robot_ws/install/git_ros' for CMake config files
[11.543s] Level 1:colcon.colcon_core.shell:create_environment_hook('git_ros', 'cmake_prefix_path')
[11.643s] INFO:colcon.colcon_core.shell:Creating environment hook '/home/kangim/robot_ws/install/git_ros/share/git_ros/hook/cmake_prefix_path.ps1'
[11.646s] INFO:colcon.colcon_core.shell:Creating environment descriptor '/home/kangim/robot_ws/install/git_ros/share/git_ros/hook/cmake_prefix_path.dsv'
[11.648s] INFO:colcon.colcon_core.shell:Creating environment hook '/home/kangim/robot_ws/install/git_ros/share/git_ros/hook/cmake_prefix_path.sh'
[11.652s] Level 1:colcon.colcon_core.environment:checking '/home/kangim/robot_ws/install/git_ros/lib'
[11.653s] Level 1:colcon.colcon_core.environment:checking '/home/kangim/robot_ws/install/git_ros/bin'
[11.654s] Level 1:colcon.colcon_core.environment:checking '/home/kangim/robot_ws/install/git_ros/lib/pkgconfig/git_ros.pc'
[11.656s] Level 1:colcon.colcon_core.environment:checking '/home/kangim/robot_ws/install/git_ros/lib/python3.10/site-packages'
[11.657s] Level 1:colcon.colcon_core.environment:checking '/home/kangim/robot_ws/install/git_ros/bin'
[11.749s] INFO:colcon.colcon_core.shell:Creating package script '/home/kangim/robot_ws/install/git_ros/share/git_ros/package.ps1'
[11.753s] INFO:colcon.colcon_core.shell:Creating package descriptor '/home/kangim/robot_ws/install/git_ros/share/git_ros/package.dsv'
[11.757s] INFO:colcon.colcon_core.shell:Creating package script '/home/kangim/robot_ws/install/git_ros/share/git_ros/package.sh'
[11.760s] INFO:colcon.colcon_core.shell:Creating package script '/home/kangim/robot_ws/install/git_ros/share/git_ros/package.bash'
[11.762s] INFO:colcon.colcon_core.shell:Creating package script '/home/kangim/robot_ws/install/git_ros/share/git_ros/package.zsh'
[11.765s] Level 1:colcon.colcon_core.environment:create_file_with_runtime_dependencies(/home/kangim/robot_ws/install/git_ros/share/colcon-core/packages/git_ros)
[11.885s] Level 1:colcon.colcon_core.environment:create_environment_scripts_only(cppros_git)
[11.990s] Level 1:colcon.colcon_core.environment:checking '/home/kangim/robot_ws/install/cppros_git' for CMake module files
[11.993s] Level 1:colcon.colcon_core.environment:checking '/home/kangim/robot_ws/install/cppros_git' for CMake config files
[11.996s] Level 1:colcon.colcon_core.shell:create_environment_hook('cppros_git', 'cmake_prefix_path')
[12.099s] INFO:colcon.colcon_core.shell:Creating environment hook '/home/kangim/robot_ws/install/cppros_git/share/cppros_git/hook/cmake_prefix_path.ps1'
[12.102s] INFO:colcon.colcon_core.shell:Creating environment descriptor '/home/kangim/robot_ws/install/cppros_git/share/cppros_git/hook/cmake_prefix_path.dsv'
[12.104s] INFO:colcon.colcon_core.shell:Creating environment hook '/home/kangim/robot_ws/install/cppros_git/share/cppros_git/hook/cmake_prefix_path.sh'
[12.107s] Level 1:colcon.colcon_core.environment:checking '/home/kangim/robot_ws/install/cppros_git/lib'
[12.108s] Level 1:colcon.colcon_core.environment:checking '/home/kangim/robot_ws/install/cppros_git/bin'
[12.108s] Level 1:colcon.colcon_core.environment:checking '/home/kangim/robot_ws/install/cppros_git/lib/pkgconfig/cppros_git.pc'
[12.109s] Level 1:colcon.colcon_core.environment:checking '/home/kangim/robot_ws/install/cppros_git/lib/python3.10/site-packages'
[12.110s] Level 1:colcon.colcon_core.environment:checking '/home/kangim/robot_ws/install/cppros_git/bin'
[12.236s] INFO:colcon.colcon_core.shell:Creating package script '/home/kangim/robot_ws/install/cppros_git/share/cppros_git/package.ps1'
[12.241s] INFO:colcon.colcon_core.shell:Creating package descriptor '/home/kangim/robot_ws/install/cppros_git/share/cppros_git/package.dsv'
[12.245s] INFO:colcon.colcon_core.shell:Creating package script '/home/kangim/robot_ws/install/cppros_git/share/cppros_git/package.sh'
[12.250s] INFO:colcon.colcon_core.shell:Creating package script '/home/kangim/robot_ws/install/cppros_git/share/cppros_git/package.bash'
[12.255s] INFO:colcon.colcon_core.shell:Creating package script '/home/kangim/robot_ws/install/cppros_git/share/cppros_git/package.zsh'
[12.260s] Level 1:colcon.colcon_core.environment:create_file_with_runtime_dependencies(/home/kangim/robot_ws/install/cppros_git/share/colcon-core/packages/cppros_git)
[12.398s] DEBUG:colcon.colcon_core.event_handler.log_command:Invoking command in '/home/kangim/robot_ws/build/pyros_git': PYTHONPATH=/home/kangim/robot_ws/build/pyros_git/prefix_override:/home/kangim/robot_ws/install/pyros_git/lib/python3.10/site-packages:${PYTHONPATH} /usr/bin/python3 setup.py develop --editable --build-directory /home/kangim/robot_ws/build/pyros_git/build --no-deps install_data
[14.999s] Level 1:colcon.colcon_core.shell:create_environment_hook('pyros_git', 'pythonpath_develop')
[15.001s] DEBUG:colcon.colcon_core.event_handler.log_command:Invoked command in '/home/kangim/robot_ws/build/pyros_git' returned '0': PYTHONPATH=/home/kangim/robot_ws/build/pyros_git/prefix_override:/home/kangim/robot_ws/install/pyros_git/lib/python3.10/site-packages:${PYTHONPATH} /usr/bin/python3 setup.py develop --editable --build-directory /home/kangim/robot_ws/build/pyros_git/build --no-deps install_data
[15.081s] INFO:colcon.colcon_core.shell:Creating environment hook '/home/kangim/robot_ws/build/pyros_git/share/pyros_git/hook/pythonpath_develop.ps1'
[15.083s] INFO:colcon.colcon_core.shell:Creating environment descriptor '/home/kangim/robot_ws/build/pyros_git/share/pyros_git/hook/pythonpath_develop.dsv'
[15.085s] INFO:colcon.colcon_core.shell:Creating environment hook '/home/kangim/robot_ws/build/pyros_git/share/pyros_git/hook/pythonpath_develop.sh'
[15.163s] Level 1:colcon.colcon_core.environment:checking '/home/kangim/robot_ws/install/pyros_git' for CMake module files
[15.166s] Level 1:colcon.colcon_core.environment:checking '/home/kangim/robot_ws/install/pyros_git' for CMake config files
[15.169s] Level 1:colcon.colcon_core.environment:checking '/home/kangim/robot_ws/install/pyros_git/lib'
[15.170s] Level 1:colcon.colcon_core.environment:checking '/home/kangim/robot_ws/install/pyros_git/bin'
[15.170s] Level 1:colcon.colcon_core.environment:checking '/home/kangim/robot_ws/install/pyros_git/lib/pkgconfig/pyros_git.pc'
[15.171s] Level 1:colcon.colcon_core.environment:checking '/home/kangim/robot_ws/install/pyros_git/lib/python3.10/site-packages'
[15.172s] Level 1:colcon.colcon_core.shell:create_environment_hook('pyros_git', 'pythonpath')
[15.262s] INFO:colcon.colcon_core.shell:Creating environment hook '/home/kangim/robot_ws/install/pyros_git/share/pyros_git/hook/pythonpath.ps1'
[15.264s] INFO:colcon.colcon_core.shell:Creating environment descriptor '/home/kangim/robot_ws/install/pyros_git/share/pyros_git/hook/pythonpath.dsv'
[15.266s] INFO:colcon.colcon_core.shell:Creating environment hook '/home/kangim/robot_ws/install/pyros_git/share/pyros_git/hook/pythonpath.sh'
[15.269s] Level 1:colcon.colcon_core.environment:checking '/home/kangim/robot_ws/install/pyros_git/bin'
[15.270s] Level 1:colcon.colcon_core.environment:create_environment_scripts_only(pyros_git)
[15.352s] INFO:colcon.colcon_core.shell:Creating package script '/home/kangim/robot_ws/install/pyros_git/share/pyros_git/package.ps1'
[15.356s] INFO:colcon.colcon_core.shell:Creating package descriptor '/home/kangim/robot_ws/install/pyros_git/share/pyros_git/package.dsv'
[15.358s] INFO:colcon.colcon_core.shell:Creating package script '/home/kangim/robot_ws/install/pyros_git/share/pyros_git/package.sh'
[15.360s] INFO:colcon.colcon_core.shell:Creating package script '/home/kangim/robot_ws/install/pyros_git/share/pyros_git/package.bash'
[15.362s] INFO:colcon.colcon_core.shell:Creating package script '/home/kangim/robot_ws/install/pyros_git/share/pyros_git/package.zsh'
[15.364s] Level 1:colcon.colcon_core.environment:create_file_with_runtime_dependencies(/home/kangim/robot_ws/install/pyros_git/share/colcon-core/packages/pyros_git)
[15.365s] DEBUG:colcon.colcon_parallel_executor.executor.parallel:closing loop
[15.367s] DEBUG:colcon.colcon_parallel_executor.executor.parallel:loop closed
[15.367s] DEBUG:colcon.colcon_parallel_executor.executor.parallel:run_until_complete finished with '0'
[15.368s] DEBUG:colcon.colcon_core.event_reactor:joining thread
[15.472s] INFO:colcon.colcon_core.plugin_system:Skipping extension 'colcon_notification.desktop_notification.terminal_notifier': Not used on non-Darwin systems
[15.472s] INFO:colcon.colcon_core.plugin_system:Skipping extension 'colcon_notification.desktop_notification.win32': Not used on non-Windows systems
[15.473s] INFO:colcon.colcon_notification.desktop_notification:Sending desktop notification using 'notify2'
[15.555s] DEBUG:colcon.colcon_core.event_reactor:joined thread
[15.656s] INFO:colcon.colcon_core.shell:Creating prefix script '/home/kangim/robot_ws/install/local_setup.ps1'
[15.660s] INFO:colcon.colcon_core.shell:Creating prefix util module '/home/kangim/robot_ws/install/_local_setup_util_ps1.py'
[15.667s] INFO:colcon.colcon_core.shell:Creating prefix chain script '/home/kangim/robot_ws/install/setup.ps1'
[15.752s] INFO:colcon.colcon_core.shell:Creating prefix script '/home/kangim/robot_ws/install/local_setup.sh'
[15.755s] INFO:colcon.colcon_core.shell:Creating prefix util module '/home/kangim/robot_ws/install/_local_setup_util_sh.py'
[15.758s] INFO:colcon.colcon_core.shell:Creating prefix chain script '/home/kangim/robot_ws/install/setup.sh'
[15.835s] INFO:colcon.colcon_core.shell:Creating prefix script '/home/kangim/robot_ws/install/local_setup.bash'
[15.838s] INFO:colcon.colcon_core.shell:Creating prefix chain script '/home/kangim/robot_ws/install/setup.bash'
[15.918s] INFO:colcon.colcon_core.shell:Creating prefix script '/home/kangim/robot_ws/install/local_setup.zsh'
[15.920s] INFO:colcon.colcon_core.shell:Creating prefix chain script '/home/kangim/robot_ws/install/setup.zsh'
