[0.841s] Invoking command in '/home/kangim/robot_ws/build/git_ros': CMAKE_PREFIX_PATH=${CMAKE_PREFIX_PATH}:/home/kangim/robot_ws/install/pyros_git:/opt/ros/humble /usr/bin/cmake --build /home/kangim/robot_ws/build/git_ros -- -j4 -l4
[1.197s] [ 50%] Built target sub_helloworld
[1.233s] [100%] Built target pub_helloworld
[2.775s] Invoked command in '/home/kangim/robot_ws/build/git_ros' returned '0': CMAKE_PREFIX_PATH=${CMAKE_PREFIX_PATH}:/home/kangim/robot_ws/install/pyros_git:/opt/ros/humble /usr/bin/cmake --build /home/kangim/robot_ws/build/git_ros -- -j4 -l4
[3.029s] Invoking command in '/home/kangim/robot_ws/build/git_ros': CMAKE_PREFIX_PATH=${CMAKE_PREFIX_PATH}:/home/kangim/robot_ws/install/pyros_git:/opt/ros/humble /usr/bin/cmake --install /home/kangim/robot_ws/build/git_ros
[3.072s] -- Install configuration: ""
[3.076s] -- Execute custom install script
[3.078s] -- Up-to-date symlink: /home/kangim/robot_ws/install/git_ros/lib/git_ros/pub_helloworld
[3.080s] -- Up-to-date symlink: /home/kangim/robot_ws/install/git_ros/lib/git_ros/sub_helloworld
[3.082s] -- Up-to-date symlink: /home/kangim/robot_ws/install/git_ros/share/ament_index/resource_index/package_run_dependencies/git_ros
[3.086s] -- Up-to-date symlink: /home/kangim/robot_ws/install/git_ros/share/ament_index/resource_index/parent_prefix_path/git_ros
[3.088s] -- Up-to-date symlink: /home/kangim/robot_ws/install/git_ros/share/git_ros/environment/ament_prefix_path.sh
[3.089s] -- Up-to-date symlink: /home/kangim/robot_ws/install/git_ros/share/git_ros/environment/ament_prefix_path.dsv
[3.090s] -- Up-to-date symlink: /home/kangim/robot_ws/install/git_ros/share/git_ros/environment/path.sh
[3.092s] -- Up-to-date symlink: /home/kangim/robot_ws/install/git_ros/share/git_ros/environment/path.dsv
[3.094s] -- Up-to-date symlink: /home/kangim/robot_ws/install/git_ros/share/git_ros/local_setup.bash
[3.095s] -- Up-to-date symlink: /home/kangim/robot_ws/install/git_ros/share/git_ros/local_setup.sh
[3.095s] -- Up-to-date symlink: /home/kangim/robot_ws/install/git_ros/share/git_ros/local_setup.zsh
[3.096s] -- Up-to-date symlink: /home/kangim/robot_ws/install/git_ros/share/git_ros/local_setup.dsv
[3.096s] -- Symlinking: /home/kangim/robot_ws/install/git_ros/share/git_ros/package.dsv
[3.135s] -- Up-to-date symlink: /home/kangim/robot_ws/install/git_ros/share/ament_index/resource_index/packages/git_ros
[3.136s] -- Up-to-date symlink: /home/kangim/robot_ws/install/git_ros/share/git_ros/cmake/git_rosConfig.cmake
[3.138s] -- Up-to-date symlink: /home/kangim/robot_ws/install/git_ros/share/git_ros/cmake/git_rosConfig-version.cmake
[3.141s] -- Up-to-date symlink: /home/kangim/robot_ws/install/git_ros/share/git_ros/package.xml
[3.149s] Invoked command in '/home/kangim/robot_ws/build/git_ros' returned '0': CMAKE_PREFIX_PATH=${CMAKE_PREFIX_PATH}:/home/kangim/robot_ws/install/pyros_git:/opt/ros/humble /usr/bin/cmake --install /home/kangim/robot_ws/build/git_ros
