[0.864s] Invoking command in '/home/kangim/robot_ws/build/cppros_git': CMAKE_PREFIX_PATH=${CMAKE_PREFIX_PATH}:/home/kangim/robot_ws/install/pyros_git:/opt/ros/humble /usr/bin/cmake --build /home/kangim/robot_ws/build/cppros_git -- -j4 -l4
[1.037s] -- Found ament_cmake: 1.3.6 (/opt/ros/humble/share/ament_cmake/cmake)
[1.897s] -- Override CMake install command with custom implementation using symlinks instead of copying resources
[1.980s] -- Found rclcpp: 16.0.7 (/opt/ros/humble/share/rclcpp/cmake)
[2.243s] -- Found rosidl_generator_c: 3.1.5 (/opt/ros/humble/share/rosidl_generator_c/cmake)
[2.264s] -- Found rosidl_adapter: 3.1.5 (/opt/ros/humble/share/rosidl_adapter/cmake)
[2.308s] -- Found rosidl_generator_cpp: 3.1.5 (/opt/ros/humble/share/rosidl_generator_cpp/cmake)
[2.381s] -- Using all available rosidl_typesupport_c: rosidl_typesupport_fastrtps_c;rosidl_typesupport_introspection_c
[2.483s] -- Using all available rosidl_typesupport_cpp: rosidl_typesupport_fastrtps_cpp;rosidl_typesupport_introspection_cpp
[2.880s] -- Found rmw_implementation_cmake: 6.1.1 (/opt/ros/humble/share/rmw_implementation_cmake/cmake)
[2.891s] -- Found rmw_fastrtps_cpp: 6.2.5 (/opt/ros/humble/share/rmw_fastrtps_cpp/cmake)
[4.148s] -- Using RMW implementation 'rmw_fastrtps_cpp' as default
[5.024s] -- Found ament_lint_auto: 0.12.9 (/opt/ros/humble/share/ament_lint_auto/cmake)
[5.475s] -- Added test 'cppcheck' to perform static code analysis on C / C++ code
[5.476s] -- Configured cppcheck include dirs: 
[5.476s] -- Configured cppcheck exclude dirs and/or files: 
[5.482s] -- Added test 'lint_cmake' to check CMake code style
[5.494s] -- Added test 'uncrustify' to check C / C++ code style
[5.494s] -- Configured uncrustify additional arguments: 
[5.496s] -- Added test 'xmllint' to check XML markup files
[5.505s] -- Configuring done
[5.600s] -- Generating done
[5.613s] -- Build files have been written to: /home/kangim/robot_ws/build/cppros_git
[5.746s] [35m[1mConsolidate compiler generated dependencies of target cpppub_helloworld[0m
[5.751s] [35m[1mConsolidate compiler generated dependencies of target cppsub_helloworld[0m
[5.863s] [ 50%] Built target cpppub_helloworld
[5.866s] [100%] Built target cppsub_helloworld
[5.918s] Invoked command in '/home/kangim/robot_ws/build/cppros_git' returned '0': CMAKE_PREFIX_PATH=${CMAKE_PREFIX_PATH}:/home/kangim/robot_ws/install/pyros_git:/opt/ros/humble /usr/bin/cmake --build /home/kangim/robot_ws/build/cppros_git -- -j4 -l4
[6.144s] Invoking command in '/home/kangim/robot_ws/build/cppros_git': CMAKE_PREFIX_PATH=${CMAKE_PREFIX_PATH}:/home/kangim/robot_ws/install/pyros_git:/opt/ros/humble /usr/bin/cmake --install /home/kangim/robot_ws/build/cppros_git
[6.172s] -- Install configuration: ""
[6.173s] -- Execute custom install script
[6.175s] -- Up-to-date symlink: /home/kangim/robot_ws/install/cppros_git/lib/cppros_git/cpppub_helloworld
[6.177s] -- Up-to-date symlink: /home/kangim/robot_ws/install/cppros_git/lib/cppros_git/cppsub_helloworld
[6.178s] -- Up-to-date symlink: /home/kangim/robot_ws/install/cppros_git/share/ament_index/resource_index/package_run_dependencies/cppros_git
[6.180s] -- Up-to-date symlink: /home/kangim/robot_ws/install/cppros_git/share/ament_index/resource_index/parent_prefix_path/cppros_git
[6.181s] -- Up-to-date symlink: /home/kangim/robot_ws/install/cppros_git/share/cppros_git/environment/ament_prefix_path.sh
[6.183s] -- Up-to-date symlink: /home/kangim/robot_ws/install/cppros_git/share/cppros_git/environment/ament_prefix_path.dsv
[6.184s] -- Up-to-date symlink: /home/kangim/robot_ws/install/cppros_git/share/cppros_git/environment/path.sh
[6.185s] -- Up-to-date symlink: /home/kangim/robot_ws/install/cppros_git/share/cppros_git/environment/path.dsv
[6.187s] -- Up-to-date symlink: /home/kangim/robot_ws/install/cppros_git/share/cppros_git/local_setup.bash
[6.188s] -- Up-to-date symlink: /home/kangim/robot_ws/install/cppros_git/share/cppros_git/local_setup.sh
[6.189s] -- Up-to-date symlink: /home/kangim/robot_ws/install/cppros_git/share/cppros_git/local_setup.zsh
[6.194s] -- Up-to-date symlink: /home/kangim/robot_ws/install/cppros_git/share/cppros_git/local_setup.dsv
[6.194s] -- Symlinking: /home/kangim/robot_ws/install/cppros_git/share/cppros_git/package.dsv
[6.232s] -- Up-to-date symlink: /home/kangim/robot_ws/install/cppros_git/share/ament_index/resource_index/packages/cppros_git
[6.234s] -- Up-to-date symlink: /home/kangim/robot_ws/install/cppros_git/share/cppros_git/cmake/cppros_gitConfig.cmake
[6.234s] -- Up-to-date symlink: /home/kangim/robot_ws/install/cppros_git/share/cppros_git/cmake/cppros_gitConfig-version.cmake
[6.236s] -- Up-to-date symlink: /home/kangim/robot_ws/install/cppros_git/share/cppros_git/package.xml
[6.243s] Invoked command in '/home/kangim/robot_ws/build/cppros_git' returned '0': CMAKE_PREFIX_PATH=${CMAKE_PREFIX_PATH}:/home/kangim/robot_ws/install/pyros_git:/opt/ros/humble /usr/bin/cmake --install /home/kangim/robot_ws/build/cppros_git
