[2.588s] Invoking command in '/home/kangim/robot_ws/build/cppros_git': CMAKE_PREFIX_PATH=${CMAKE_PREFIX_PATH}:/home/kangim/robot_ws/install/pyros_git:/opt/ros/humble /usr/bin/cmake --build /home/kangim/robot_ws/build/cppros_git -- -j4 -l4
[3.873s] [ 50%] Built target cppsub_helloworld
[3.888s] [100%] Built target cpppub_helloworld
[6.223s] Invoked command in '/home/kangim/robot_ws/build/cppros_git' returned '0': CMAKE_PREFIX_PATH=${CMAKE_PREFIX_PATH}:/home/kangim/robot_ws/install/pyros_git:/opt/ros/humble /usr/bin/cmake --build /home/kangim/robot_ws/build/cppros_git -- -j4 -l4
[6.505s] Invoking command in '/home/kangim/robot_ws/build/cppros_git': CMAKE_PREFIX_PATH=${CMAKE_PREFIX_PATH}:/home/kangim/robot_ws/install/pyros_git:/opt/ros/humble /usr/bin/cmake --install /home/kangim/robot_ws/build/cppros_git
[6.572s] -- Install configuration: ""
[6.606s] -- Execute custom install script
[6.646s] -- Up-to-date symlink: /home/kangim/robot_ws/install/cppros_git/lib/cppros_git/cpppub_helloworld
[6.647s] -- Up-to-date symlink: /home/kangim/robot_ws/install/cppros_git/lib/cppros_git/cppsub_helloworld
[6.647s] -- Up-to-date symlink: /home/kangim/robot_ws/install/cppros_git/share/ament_index/resource_index/package_run_dependencies/cppros_git
[6.665s] -- Up-to-date symlink: /home/kangim/robot_ws/install/cppros_git/share/ament_index/resource_index/parent_prefix_path/cppros_git
[6.670s] -- Up-to-date symlink: /home/kangim/robot_ws/install/cppros_git/share/cppros_git/environment/ament_prefix_path.sh
[6.677s] -- Up-to-date symlink: /home/kangim/robot_ws/install/cppros_git/share/cppros_git/environment/ament_prefix_path.dsv
[6.686s] -- Up-to-date symlink: /home/kangim/robot_ws/install/cppros_git/share/cppros_git/environment/path.sh
[6.687s] -- Up-to-date symlink: /home/kangim/robot_ws/install/cppros_git/share/cppros_git/environment/path.dsv
[6.698s] -- Up-to-date symlink: /home/kangim/robot_ws/install/cppros_git/share/cppros_git/local_setup.bash
[6.712s] -- Up-to-date symlink: /home/kangim/robot_ws/install/cppros_git/share/cppros_git/local_setup.sh
[6.737s] -- Up-to-date symlink: /home/kangim/robot_ws/install/cppros_git/share/cppros_git/local_setup.zsh
[6.738s] -- Up-to-date symlink: /home/kangim/robot_ws/install/cppros_git/share/cppros_git/local_setup.dsv
[6.739s] -- Symlinking: /home/kangim/robot_ws/install/cppros_git/share/cppros_git/package.dsv
[6.845s] -- Up-to-date symlink: /home/kangim/robot_ws/install/cppros_git/share/ament_index/resource_index/packages/cppros_git
[6.901s] -- Up-to-date symlink: /home/kangim/robot_ws/install/cppros_git/share/cppros_git/cmake/cppros_gitConfig.cmake
[6.909s] -- Up-to-date symlink: /home/kangim/robot_ws/install/cppros_git/share/cppros_git/cmake/cppros_gitConfig-version.cmake
[6.911s] -- Up-to-date symlink: /home/kangim/robot_ws/install/cppros_git/share/cppros_git/package.xml
[6.944s] Invoked command in '/home/kangim/robot_ws/build/cppros_git' returned '0': CMAKE_PREFIX_PATH=${CMAKE_PREFIX_PATH}:/home/kangim/robot_ws/install/pyros_git:/opt/ros/humble /usr/bin/cmake --install /home/kangim/robot_ws/build/cppros_git
