[0.383s] Invoking command in '/home/kangim/robot_ws/build/git_ros': CMAKE_PREFIX_PATH=${CMAKE_PREFIX_PATH}:/opt/ros/humble /usr/bin/cmake --build /home/kangim/robot_ws/build/git_ros -- -j4 -l4
[0.893s] [35m[1mConsolidate compiler generated dependencies of target pub_helloworld[0m
[0.895s] [35m[1mConsolidate compiler generated dependencies of target sub_helloworld[0m
[1.107s] [ 50%] Built target pub_helloworld
[1.110s] [100%] Built target sub_helloworld
[1.155s] Invoked command in '/home/kangim/robot_ws/build/git_ros' returned '0': CMAKE_PREFIX_PATH=${CMAKE_PREFIX_PATH}:/opt/ros/humble /usr/bin/cmake --build /home/kangim/robot_ws/build/git_ros -- -j4 -l4
[1.384s] Invoking command in '/home/kangim/robot_ws/build/git_ros': CMAKE_PREFIX_PATH=${CMAKE_PREFIX_PATH}:/opt/ros/humble /usr/bin/cmake --install /home/kangim/robot_ws/build/git_ros
[1.418s] -- Install configuration: ""
[1.424s] -- Execute custom install script
[1.428s] -- Up-to-date symlink: /home/kangim/robot_ws/install/git_ros/lib/git_ros/pub_helloworld
[1.429s] -- Up-to-date symlink: /home/kangim/robot_ws/install/git_ros/lib/git_ros/sub_helloworld
[1.431s] -- Up-to-date symlink: /home/kangim/robot_ws/install/git_ros/share/ament_index/resource_index/package_run_dependencies/git_ros
[1.433s] -- Up-to-date symlink: /home/kangim/robot_ws/install/git_ros/share/ament_index/resource_index/parent_prefix_path/git_ros
[1.436s] -- Up-to-date symlink: /home/kangim/robot_ws/install/git_ros/share/git_ros/environment/ament_prefix_path.sh
[1.438s] -- Up-to-date symlink: /home/kangim/robot_ws/install/git_ros/share/git_ros/environment/ament_prefix_path.dsv
[1.440s] -- Up-to-date symlink: /home/kangim/robot_ws/install/git_ros/share/git_ros/environment/path.sh
[1.442s] -- Up-to-date symlink: /home/kangim/robot_ws/install/git_ros/share/git_ros/environment/path.dsv
[1.444s] -- Up-to-date symlink: /home/kangim/robot_ws/install/git_ros/share/git_ros/local_setup.bash
[1.446s] -- Up-to-date symlink: /home/kangim/robot_ws/install/git_ros/share/git_ros/local_setup.sh
[1.448s] -- Up-to-date symlink: /home/kangim/robot_ws/install/git_ros/share/git_ros/local_setup.zsh
[1.454s] -- Up-to-date symlink: /home/kangim/robot_ws/install/git_ros/share/git_ros/local_setup.dsv
[1.455s] -- Symlinking: /home/kangim/robot_ws/install/git_ros/share/git_ros/package.dsv
[1.497s] -- Up-to-date symlink: /home/kangim/robot_ws/install/git_ros/share/ament_index/resource_index/packages/git_ros
[1.499s] -- Up-to-date symlink: /home/kangim/robot_ws/install/git_ros/share/git_ros/cmake/git_rosConfig.cmake
[1.501s] -- Up-to-date symlink: /home/kangim/robot_ws/install/git_ros/share/git_ros/cmake/git_rosConfig-version.cmake
[1.502s] -- Up-to-date symlink: /home/kangim/robot_ws/install/git_ros/share/git_ros/package.xml
[1.511s] Invoked command in '/home/kangim/robot_ws/build/git_ros' returned '0': CMAKE_PREFIX_PATH=${CMAKE_PREFIX_PATH}:/opt/ros/humble /usr/bin/cmake --install /home/kangim/robot_ws/build/git_ros
