[0.124s] Invoking command in '/home/kangim/robot_ws/build/cppros_git': CMAKE_PREFIX_PATH=${CMAKE_PREFIX_PATH}:/home/kangim/robot_ws/install/pyros_git:/opt/ros/humble /usr/bin/cmake --build /home/kangim/robot_ws/build/cppros_git -- -j8 -l8
[0.164s] [100%] Built target cpppub_helloworld
[0.165s] [100%] Built target cppsub_helloworld
[0.382s] Invoked command in '/home/kangim/robot_ws/build/cppros_git' returned '0': CMAKE_PREFIX_PATH=${CMAKE_PREFIX_PATH}:/home/kangim/robot_ws/install/pyros_git:/opt/ros/humble /usr/bin/cmake --build /home/kangim/robot_ws/build/cppros_git -- -j8 -l8
[0.413s] Invoking command in '/home/kangim/robot_ws/build/cppros_git': CMAKE_PREFIX_PATH=${CMAKE_PREFIX_PATH}:/home/kangim/robot_ws/install/pyros_git:/opt/ros/humble /usr/bin/cmake --install /home/kangim/robot_ws/build/cppros_git
[0.421s] -- Install configuration: ""
[0.422s] -- Execute custom install script
[0.422s] -- Up-to-date symlink: /home/kangim/robot_ws/install/cppros_git/lib/cppros_git/cpppub_helloworld
[0.422s] -- Up-to-date symlink: /home/kangim/robot_ws/install/cppros_git/lib/cppros_git/cppsub_helloworld
[0.422s] -- Up-to-date symlink: /home/kangim/robot_ws/install/cppros_git/share/ament_index/resource_index/package_run_dependencies/cppros_git
[0.423s] -- Up-to-date symlink: /home/kangim/robot_ws/install/cppros_git/share/ament_index/resource_index/parent_prefix_path/cppros_git
[0.423s] -- Up-to-date symlink: /home/kangim/robot_ws/install/cppros_git/share/cppros_git/environment/ament_prefix_path.sh
[0.423s] -- Up-to-date symlink: /home/kangim/robot_ws/install/cppros_git/share/cppros_git/environment/ament_prefix_path.dsv
[0.423s] -- Up-to-date symlink: /home/kangim/robot_ws/install/cppros_git/share/cppros_git/environment/path.sh
[0.423s] -- Up-to-date symlink: /home/kangim/robot_ws/install/cppros_git/share/cppros_git/environment/path.dsv
[0.423s] -- Up-to-date symlink: /home/kangim/robot_ws/install/cppros_git/share/cppros_git/local_setup.bash
[0.423s] -- Up-to-date symlink: /home/kangim/robot_ws/install/cppros_git/share/cppros_git/local_setup.sh
[0.423s] -- Up-to-date symlink: /home/kangim/robot_ws/install/cppros_git/share/cppros_git/local_setup.zsh
[0.423s] -- Up-to-date symlink: /home/kangim/robot_ws/install/cppros_git/share/cppros_git/local_setup.dsv
[0.423s] -- Symlinking: /home/kangim/robot_ws/install/cppros_git/share/cppros_git/package.dsv
[0.433s] -- Up-to-date symlink: /home/kangim/robot_ws/install/cppros_git/share/ament_index/resource_index/packages/cppros_git
[0.433s] -- Up-to-date symlink: /home/kangim/robot_ws/install/cppros_git/share/cppros_git/cmake/cppros_gitConfig.cmake
[0.433s] -- Up-to-date symlink: /home/kangim/robot_ws/install/cppros_git/share/cppros_git/cmake/cppros_gitConfig-version.cmake
[0.433s] -- Up-to-date symlink: /home/kangim/robot_ws/install/cppros_git/share/cppros_git/package.xml
[0.436s] Invoked command in '/home/kangim/robot_ws/build/cppros_git' returned '0': CMAKE_PREFIX_PATH=${CMAKE_PREFIX_PATH}:/home/kangim/robot_ws/install/pyros_git:/opt/ros/humble /usr/bin/cmake --install /home/kangim/robot_ws/build/cppros_git
