[0.390s] Invoking command in '/home/kangim/robot_ws/build/git_ros': CMAKE_PREFIX_PATH=${CMAKE_PREFIX_PATH}:/opt/ros/humble /usr/bin/cmake --build /home/kangim/robot_ws/build/git_ros -- -j4 -l4
[0.634s] Invoked command in '/home/kangim/robot_ws/build/git_ros' returned '0': CMAKE_PREFIX_PATH=${CMAKE_PREFIX_PATH}:/opt/ros/humble /usr/bin/cmake --build /home/kangim/robot_ws/build/git_ros -- -j4 -l4
[0.815s] Invoking command in '/home/kangim/robot_ws/build/git_ros': CMAKE_PREFIX_PATH=${CMAKE_PREFIX_PATH}:/opt/ros/humble /usr/bin/cmake --install /home/kangim/robot_ws/build/git_ros
[0.851s] -- Install configuration: ""
[0.853s] -- Execute custom install script
[0.855s] -- Up-to-date symlink: /home/kangim/robot_ws/install/git_ros/share/ament_index/resource_index/package_run_dependencies/git_ros
[0.856s] -- Up-to-date symlink: /home/kangim/robot_ws/install/git_ros/share/ament_index/resource_index/parent_prefix_path/git_ros
[0.857s] -- Up-to-date symlink: /home/kangim/robot_ws/install/git_ros/share/git_ros/environment/ament_prefix_path.sh
[0.858s] -- Up-to-date symlink: /home/kangim/robot_ws/install/git_ros/share/git_ros/environment/ament_prefix_path.dsv
[0.859s] -- Up-to-date symlink: /home/kangim/robot_ws/install/git_ros/share/git_ros/environment/path.sh
[0.860s] -- Up-to-date symlink: /home/kangim/robot_ws/install/git_ros/share/git_ros/environment/path.dsv
[0.861s] -- Up-to-date symlink: /home/kangim/robot_ws/install/git_ros/share/git_ros/local_setup.bash
[0.862s] -- Up-to-date symlink: /home/kangim/robot_ws/install/git_ros/share/git_ros/local_setup.sh
[0.863s] -- Up-to-date symlink: /home/kangim/robot_ws/install/git_ros/share/git_ros/local_setup.zsh
[0.864s] -- Up-to-date symlink: /home/kangim/robot_ws/install/git_ros/share/git_ros/local_setup.dsv
[0.865s] -- Symlinking: /home/kangim/robot_ws/install/git_ros/share/git_ros/package.dsv
[0.908s] -- Up-to-date symlink: /home/kangim/robot_ws/install/git_ros/share/ament_index/resource_index/packages/git_ros
[0.909s] -- Up-to-date symlink: /home/kangim/robot_ws/install/git_ros/share/git_ros/cmake/git_rosConfig.cmake
[0.910s] -- Up-to-date symlink: /home/kangim/robot_ws/install/git_ros/share/git_ros/cmake/git_rosConfig-version.cmake
[0.911s] -- Up-to-date symlink: /home/kangim/robot_ws/install/git_ros/share/git_ros/package.xml
[0.918s] Invoked command in '/home/kangim/robot_ws/build/git_ros' returned '0': CMAKE_PREFIX_PATH=${CMAKE_PREFIX_PATH}:/opt/ros/humble /usr/bin/cmake --install /home/kangim/robot_ws/build/git_ros
