[0.836s] Invoking command in '/home/kangim/robot_ws/build/cppros_git': CMAKE_PREFIX_PATH=${CMAKE_PREFIX_PATH}:/home/kangim/robot_ws/install/pyros_git:/opt/ros/humble /usr/bin/cmake --build /home/kangim/robot_ws/build/cppros_git -- -j4 -l4
[1.133s] [ 50%] Built target cppsub_helloworld
[1.136s] [100%] Built target cpppub_helloworld
[2.711s] Invoked command in '/home/kangim/robot_ws/build/cppros_git' returned '0': CMAKE_PREFIX_PATH=${CMAKE_PREFIX_PATH}:/home/kangim/robot_ws/install/pyros_git:/opt/ros/humble /usr/bin/cmake --build /home/kangim/robot_ws/build/cppros_git -- -j4 -l4
[2.971s] Invoking command in '/home/kangim/robot_ws/build/cppros_git': CMAKE_PREFIX_PATH=${CMAKE_PREFIX_PATH}:/home/kangim/robot_ws/install/pyros_git:/opt/ros/humble /usr/bin/cmake --install /home/kangim/robot_ws/build/cppros_git
[3.022s] -- Install configuration: ""
[3.024s] -- Execute custom install script
[3.026s] -- Up-to-date symlink: /home/kangim/robot_ws/install/cppros_git/lib/cppros_git/cpppub_helloworld
[3.029s] -- Up-to-date symlink: /home/kangim/robot_ws/install/cppros_git/lib/cppros_git/cppsub_helloworld
[3.031s] -- Up-to-date symlink: /home/kangim/robot_ws/install/cppros_git/share/ament_index/resource_index/package_run_dependencies/cppros_git
[3.033s] -- Up-to-date symlink: /home/kangim/robot_ws/install/cppros_git/share/ament_index/resource_index/parent_prefix_path/cppros_git
[3.034s] -- Up-to-date symlink: /home/kangim/robot_ws/install/cppros_git/share/cppros_git/environment/ament_prefix_path.sh
[3.036s] -- Up-to-date symlink: /home/kangim/robot_ws/install/cppros_git/share/cppros_git/environment/ament_prefix_path.dsv
[3.037s] -- Up-to-date symlink: /home/kangim/robot_ws/install/cppros_git/share/cppros_git/environment/path.sh
[3.039s] -- Up-to-date symlink: /home/kangim/robot_ws/install/cppros_git/share/cppros_git/environment/path.dsv
[3.040s] -- Up-to-date symlink: /home/kangim/robot_ws/install/cppros_git/share/cppros_git/local_setup.bash
[3.042s] -- Up-to-date symlink: /home/kangim/robot_ws/install/cppros_git/share/cppros_git/local_setup.sh
[3.043s] -- Up-to-date symlink: /home/kangim/robot_ws/install/cppros_git/share/cppros_git/local_setup.zsh
[3.044s] -- Up-to-date symlink: /home/kangim/robot_ws/install/cppros_git/share/cppros_git/local_setup.dsv
[3.045s] -- Symlinking: /home/kangim/robot_ws/install/cppros_git/share/cppros_git/package.dsv
[3.103s] -- Up-to-date symlink: /home/kangim/robot_ws/install/cppros_git/share/ament_index/resource_index/packages/cppros_git
[3.105s] -- Up-to-date symlink: /home/kangim/robot_ws/install/cppros_git/share/cppros_git/cmake/cppros_gitConfig.cmake
[3.107s] -- Up-to-date symlink: /home/kangim/robot_ws/install/cppros_git/share/cppros_git/cmake/cppros_gitConfig-version.cmake
[3.108s] -- Up-to-date symlink: /home/kangim/robot_ws/install/cppros_git/share/cppros_git/package.xml
[3.122s] Invoked command in '/home/kangim/robot_ws/build/cppros_git' returned '0': CMAKE_PREFIX_PATH=${CMAKE_PREFIX_PATH}:/home/kangim/robot_ws/install/pyros_git:/opt/ros/humble /usr/bin/cmake --install /home/kangim/robot_ws/build/cppros_git
