[0.637s] Invoking command in '/home/kangim/robot_ws/build/git_ros': CMAKE_PREFIX_PATH=/opt/ros/humble /usr/bin/cmake /home/kangim/robot_ws/src/git_ros -DAMENT_CMAKE_SYMLINK_INSTALL=1 -DCMAKE_INSTALL_PREFIX=/home/kangim/robot_ws/install/git_ros
[5.788s] -- The C compiler identification is GNU 11.4.0
[6.597s] -- The CXX compiler identification is GNU 11.4.0
[6.655s] -- Detecting C compiler ABI info
[7.175s] -- Detecting C compiler ABI info - done
[7.216s] -- Check for working C compiler: /usr/bin/cc - skipped
[7.225s] -- Detecting C compile features
[7.229s] -- Detecting C compile features - done
[7.257s] -- Detecting CXX compiler ABI info
[7.823s] -- Detecting CXX compiler ABI info - done
[7.872s] -- Check for working CXX compiler: /usr/bin/c++ - skipped
[7.874s] -- Detecting CXX compile features
[7.877s] -- Detecting CXX compile features - done
[7.951s] -- Found ament_cmake: 1.3.6 (/opt/ros/humble/share/ament_cmake/cmake)
[9.288s] -- Found Python3: /usr/bin/python3.10 (found version "3.10.12") found components: Interpreter 
[9.882s] -- Override CMake install command with custom implementation using symlinks instead of copying resources
[10.405s] -- Found rclcpp: 16.0.7 (/opt/ros/humble/share/rclcpp/cmake)
[11.061s] -- Found rosidl_generator_c: 3.1.5 (/opt/ros/humble/share/rosidl_generator_c/cmake)
[11.141s] -- Found rosidl_adapter: 3.1.5 (/opt/ros/humble/share/rosidl_adapter/cmake)
[11.241s] -- Found rosidl_generator_cpp: 3.1.5 (/opt/ros/humble/share/rosidl_generator_cpp/cmake)
[11.381s] -- Using all available rosidl_typesupport_c: rosidl_typesupport_fastrtps_c;rosidl_typesupport_introspection_c
[11.589s] -- Using all available rosidl_typesupport_cpp: rosidl_typesupport_fastrtps_cpp;rosidl_typesupport_introspection_cpp
[12.212s] -- Found rmw_implementation_cmake: 6.1.1 (/opt/ros/humble/share/rmw_implementation_cmake/cmake)
[12.246s] -- Found rmw_fastrtps_cpp: 6.2.5 (/opt/ros/humble/share/rmw_fastrtps_cpp/cmake)
[13.141s] -- Found OpenSSL: /usr/lib/aarch64-linux-gnu/libcrypto.so (found version "3.0.2")  
[13.455s] -- Found FastRTPS: /opt/ros/humble/include  
[14.007s] -- Using RMW implementation 'rmw_fastrtps_cpp' as default
[14.118s] -- Looking for pthread.h
[14.589s] -- Looking for pthread.h - found
[14.592s] -- Performing Test CMAKE_HAVE_LIBC_PTHREAD
[15.094s] -- Performing Test CMAKE_HAVE_LIBC_PTHREAD - Success
[15.099s] -- Found Threads: TRUE  
[16.061s] -- Found ament_lint_auto: 0.12.9 (/opt/ros/humble/share/ament_lint_auto/cmake)
[18.159s] -- Added test 'cppcheck' to perform static code analysis on C / C++ code
[18.160s] -- Configured cppcheck include dirs: 
[18.161s] -- Configured cppcheck exclude dirs and/or files: 
[18.166s] -- Added test 'lint_cmake' to check CMake code style
[18.177s] -- Added test 'uncrustify' to check C / C++ code style
[18.177s] -- Configured uncrustify additional arguments: 
[18.181s] -- Added test 'xmllint' to check XML markup files
[18.192s] -- Configuring done
[18.234s] -- Generating done
[18.244s] -- Build files have been written to: /home/kangim/robot_ws/build/git_ros
[18.288s] Invoked command in '/home/kangim/robot_ws/build/git_ros' returned '0': CMAKE_PREFIX_PATH=/opt/ros/humble /usr/bin/cmake /home/kangim/robot_ws/src/git_ros -DAMENT_CMAKE_SYMLINK_INSTALL=1 -DCMAKE_INSTALL_PREFIX=/home/kangim/robot_ws/install/git_ros
[18.303s] Invoking command in '/home/kangim/robot_ws/build/git_ros': CMAKE_PREFIX_PATH=/opt/ros/humble /usr/bin/cmake --build /home/kangim/robot_ws/build/git_ros -- -j4 -l4
[18.495s] Invoked command in '/home/kangim/robot_ws/build/git_ros' returned '0': CMAKE_PREFIX_PATH=/opt/ros/humble /usr/bin/cmake --build /home/kangim/robot_ws/build/git_ros -- -j4 -l4
[18.693s] Invoking command in '/home/kangim/robot_ws/build/git_ros': CMAKE_PREFIX_PATH=/opt/ros/humble /usr/bin/cmake --install /home/kangim/robot_ws/build/git_ros
[18.724s] -- Install configuration: ""
[18.726s] -- Execute custom install script
[18.728s] -- Symlinking: /home/kangim/robot_ws/install/git_ros/share/ament_index/resource_index/package_run_dependencies/git_ros
[18.771s] -- Symlinking: /home/kangim/robot_ws/install/git_ros/share/ament_index/resource_index/parent_prefix_path/git_ros
[18.810s] -- Symlinking: /home/kangim/robot_ws/install/git_ros/share/git_ros/environment/ament_prefix_path.sh
[18.852s] -- Symlinking: /home/kangim/robot_ws/install/git_ros/share/git_ros/environment/ament_prefix_path.dsv
[18.892s] -- Symlinking: /home/kangim/robot_ws/install/git_ros/share/git_ros/environment/path.sh
[18.928s] -- Symlinking: /home/kangim/robot_ws/install/git_ros/share/git_ros/environment/path.dsv
[18.969s] -- Symlinking: /home/kangim/robot_ws/install/git_ros/share/git_ros/local_setup.bash
[19.008s] -- Symlinking: /home/kangim/robot_ws/install/git_ros/share/git_ros/local_setup.sh
[19.047s] -- Symlinking: /home/kangim/robot_ws/install/git_ros/share/git_ros/local_setup.zsh
[19.088s] -- Symlinking: /home/kangim/robot_ws/install/git_ros/share/git_ros/local_setup.dsv
[19.131s] -- Symlinking: /home/kangim/robot_ws/install/git_ros/share/git_ros/package.dsv
[19.177s] -- Symlinking: /home/kangim/robot_ws/install/git_ros/share/ament_index/resource_index/packages/git_ros
[19.220s] -- Symlinking: /home/kangim/robot_ws/install/git_ros/share/git_ros/cmake/git_rosConfig.cmake
[19.264s] -- Symlinking: /home/kangim/robot_ws/install/git_ros/share/git_ros/cmake/git_rosConfig-version.cmake
[19.311s] -- Symlinking: /home/kangim/robot_ws/install/git_ros/share/git_ros/package.xml
[19.370s] Invoked command in '/home/kangim/robot_ws/build/git_ros' returned '0': CMAKE_PREFIX_PATH=/opt/ros/humble /usr/bin/cmake --install /home/kangim/robot_ws/build/git_ros
